CRITICAL - 2023-10-19 23:19:25 --> Creation of dynamic property App\Controllers\Usuarios::$carreras is deprecated
#0 C:\xampp\htdocs\cursos_ceta\app\Controllers\Usuarios.php(19): CodeIgniter\Debug\Exceptions->errorHandler(8192, 'Creation of dyn...', 'C:\\xampp\\htdocs...', 19)
#1 C:\xampp\htdocs\cursos_ceta\system\CodeIgniter.php(809): App\Controllers\Usuarios->__construct()
#2 C:\xampp\htdocs\cursos_ceta\system\CodeIgniter.php(410): CodeIgniter\CodeIgniter->createController()
#3 C:\xampp\htdocs\cursos_ceta\system\CodeIgniter.php(326): CodeIgniter\CodeIgniter->handleRequest(NULL, Object(Config\Cache), false)
#4 C:\xampp\htdocs\cursos_ceta\public\index.php(37): CodeIgniter\CodeIgniter->run()
#5 {main}
CRITICAL - 2023-10-19 23:25:36 --> Creation of dynamic property App\Controllers\Usuarios::$carreras is deprecated
#0 C:\xampp\htdocs\cursos_ceta\app\Controllers\Usuarios.php(19): CodeIgniter\Debug\Exceptions->errorHandler(8192, 'Creation of dyn...', 'C:\\xampp\\htdocs...', 19)
#1 C:\xampp\htdocs\cursos_ceta\system\CodeIgniter.php(809): App\Controllers\Usuarios->__construct()
#2 C:\xampp\htdocs\cursos_ceta\system\CodeIgniter.php(410): CodeIgniter\CodeIgniter->createController()
#3 C:\xampp\htdocs\cursos_ceta\system\CodeIgniter.php(326): CodeIgniter\CodeIgniter->handleRequest(NULL, Object(Config\Cache), false)
#4 C:\xampp\htdocs\cursos_ceta\public\index.php(37): CodeIgniter\CodeIgniter->run()
#5 {main}
CRITICAL - 2023-10-19 23:27:22 --> Creation of dynamic property App\Controllers\Usuarios::$carreras is deprecated
#0 C:\xampp\htdocs\cursos_ceta\app\Controllers\Usuarios.php(19): CodeIgniter\Debug\Exceptions->errorHandler(8192, 'Creation of dyn...', 'C:\\xampp\\htdocs...', 19)
#1 C:\xampp\htdocs\cursos_ceta\system\CodeIgniter.php(809): App\Controllers\Usuarios->__construct()
#2 C:\xampp\htdocs\cursos_ceta\system\CodeIgniter.php(410): CodeIgniter\CodeIgniter->createController()
#3 C:\xampp\htdocs\cursos_ceta\system\CodeIgniter.php(326): CodeIgniter\CodeIgniter->handleRequest(NULL, Object(Config\Cache), false)
#4 C:\xampp\htdocs\cursos_ceta\public\index.php(37): CodeIgniter\CodeIgniter->run()
#5 {main}
CRITICAL - 2023-10-19 23:27:29 --> Creation of dynamic property App\Controllers\Usuarios::$carreras is deprecated
#0 C:\xampp\htdocs\cursos_ceta\app\Controllers\Usuarios.php(19): CodeIgniter\Debug\Exceptions->errorHandler(8192, 'Creation of dyn...', 'C:\\xampp\\htdocs...', 19)
#1 C:\xampp\htdocs\cursos_ceta\system\CodeIgniter.php(809): App\Controllers\Usuarios->__construct()
#2 C:\xampp\htdocs\cursos_ceta\system\CodeIgniter.php(410): CodeIgniter\CodeIgniter->createController()
#3 C:\xampp\htdocs\cursos_ceta\system\CodeIgniter.php(326): CodeIgniter\CodeIgniter->handleRequest(NULL, Object(Config\Cache), false)
#4 C:\xampp\htdocs\cursos_ceta\public\index.php(37): CodeIgniter\CodeIgniter->run()
#5 {main}
CRITICAL - 2023-10-19 23:27:41 --> Creation of dynamic property App\Controllers\Carreras::$carreras is deprecated
#0 C:\xampp\htdocs\cursos_ceta\app\Controllers\Carreras.php(14): CodeIgniter\Debug\Exceptions->errorHandler(8192, 'Creation of dyn...', 'C:\\xampp\\htdocs...', 14)
#1 C:\xampp\htdocs\cursos_ceta\system\CodeIgniter.php(809): App\Controllers\Carreras->__construct()
#2 C:\xampp\htdocs\cursos_ceta\system\CodeIgniter.php(410): CodeIgniter\CodeIgniter->createController()
#3 C:\xampp\htdocs\cursos_ceta\system\CodeIgniter.php(326): CodeIgniter\CodeIgniter->handleRequest(NULL, Object(Config\Cache), false)
#4 C:\xampp\htdocs\cursos_ceta\public\index.php(37): CodeIgniter\CodeIgniter->run()
#5 {main}
CRITICAL - 2023-10-19 23:28:00 --> Creation of dynamic property App\Controllers\Carreras::$carreras is deprecated
#0 C:\xampp\htdocs\cursos_ceta\app\Controllers\Carreras.php(14): CodeIgniter\Debug\Exceptions->errorHandler(8192, 'Creation of dyn...', 'C:\\xampp\\htdocs...', 14)
#1 C:\xampp\htdocs\cursos_ceta\system\CodeIgniter.php(809): App\Controllers\Carreras->__construct()
#2 C:\xampp\htdocs\cursos_ceta\system\CodeIgniter.php(410): CodeIgniter\CodeIgniter->createController()
#3 C:\xampp\htdocs\cursos_ceta\system\CodeIgniter.php(326): CodeIgniter\CodeIgniter->handleRequest(NULL, Object(Config\Cache), false)
#4 C:\xampp\htdocs\cursos_ceta\public\index.php(37): CodeIgniter\CodeIgniter->run()
#5 {main}
CRITICAL - 2023-10-19 23:28:48 --> Creation of dynamic property App\Controllers\Usuarios::$carreras is deprecated
#0 C:\xampp\htdocs\cursos_ceta\app\Controllers\Usuarios.php(19): CodeIgniter\Debug\Exceptions->errorHandler(8192, 'Creation of dyn...', 'C:\\xampp\\htdocs...', 19)
#1 C:\xampp\htdocs\cursos_ceta\system\CodeIgniter.php(809): App\Controllers\Usuarios->__construct()
#2 C:\xampp\htdocs\cursos_ceta\system\CodeIgniter.php(410): CodeIgniter\CodeIgniter->createController()
#3 C:\xampp\htdocs\cursos_ceta\system\CodeIgniter.php(326): CodeIgniter\CodeIgniter->handleRequest(NULL, Object(Config\Cache), false)
#4 C:\xampp\htdocs\cursos_ceta\public\index.php(37): CodeIgniter\CodeIgniter->run()
#5 {main}
CRITICAL - 2023-10-19 23:31:13 --> Creation of dynamic property App\Controllers\Usuarios::$carreras is deprecated
#0 C:\xampp\htdocs\cursos_ceta\app\Controllers\Usuarios.php(19): CodeIgniter\Debug\Exceptions->errorHandler(8192, 'Creation of dyn...', 'C:\\xampp\\htdocs...', 19)
#1 C:\xampp\htdocs\cursos_ceta\system\CodeIgniter.php(809): App\Controllers\Usuarios->__construct()
#2 C:\xampp\htdocs\cursos_ceta\system\CodeIgniter.php(410): CodeIgniter\CodeIgniter->createController()
#3 C:\xampp\htdocs\cursos_ceta\system\CodeIgniter.php(326): CodeIgniter\CodeIgniter->handleRequest(NULL, Object(Config\Cache), false)
#4 C:\xampp\htdocs\cursos_ceta\public\index.php(37): CodeIgniter\CodeIgniter->run()
#5 {main}
CRITICAL - 2023-10-19 23:31:22 --> Creation of dynamic property App\Controllers\Usuarios::$carreras is deprecated
#0 C:\xampp\htdocs\cursos_ceta\app\Controllers\Usuarios.php(19): CodeIgniter\Debug\Exceptions->errorHandler(8192, 'Creation of dyn...', 'C:\\xampp\\htdocs...', 19)
#1 C:\xampp\htdocs\cursos_ceta\system\CodeIgniter.php(809): App\Controllers\Usuarios->__construct()
#2 C:\xampp\htdocs\cursos_ceta\system\CodeIgniter.php(410): CodeIgniter\CodeIgniter->createController()
#3 C:\xampp\htdocs\cursos_ceta\system\CodeIgniter.php(326): CodeIgniter\CodeIgniter->handleRequest(NULL, Object(Config\Cache), false)
#4 C:\xampp\htdocs\cursos_ceta\public\index.php(37): CodeIgniter\CodeIgniter->run()
#5 {main}
CRITICAL - 2023-10-19 23:32:39 --> Creation of dynamic property App\Controllers\Usuarios::$categorias is deprecated
#0 C:\xampp\htdocs\cursos_ceta\app\Controllers\Usuarios.php(20): CodeIgniter\Debug\Exceptions->errorHandler(8192, 'Creation of dyn...', 'C:\\xampp\\htdocs...', 20)
#1 C:\xampp\htdocs\cursos_ceta\system\CodeIgniter.php(809): App\Controllers\Usuarios->__construct()
#2 C:\xampp\htdocs\cursos_ceta\system\CodeIgniter.php(410): CodeIgniter\CodeIgniter->createController()
#3 C:\xampp\htdocs\cursos_ceta\system\CodeIgniter.php(326): CodeIgniter\CodeIgniter->handleRequest(NULL, Object(Config\Cache), false)
#4 C:\xampp\htdocs\cursos_ceta\public\index.php(37): CodeIgniter\CodeIgniter->run()
#5 {main}
CRITICAL - 2023-10-19 23:33:21 --> Undefined property: App\Controllers\Usuarios::$generos
#0 C:\xampp\htdocs\cursos_ceta\app\Controllers\Usuarios.php(55): CodeIgniter\Debug\Exceptions->errorHandler(2, 'Undefined prope...', 'C:\\xampp\\htdocs...', 55)
#1 C:\xampp\htdocs\cursos_ceta\system\CodeIgniter.php(832): App\Controllers\Usuarios->buscar()
#2 C:\xampp\htdocs\cursos_ceta\system\CodeIgniter.php(419): CodeIgniter\CodeIgniter->runController(Object(App\Controllers\Usuarios))
#3 C:\xampp\htdocs\cursos_ceta\system\CodeIgniter.php(326): CodeIgniter\CodeIgniter->handleRequest(NULL, Object(Config\Cache), false)
#4 C:\xampp\htdocs\cursos_ceta\public\index.php(37): CodeIgniter\CodeIgniter->run()
#5 {main}
CRITICAL - 2023-10-19 23:37:54 --> Creation of dynamic property App\Controllers\Usuarios::$categorias is deprecated
#0 C:\xampp\htdocs\cursos_ceta\app\Controllers\Usuarios.php(20): CodeIgniter\Debug\Exceptions->errorHandler(8192, 'Creation of dyn...', 'C:\\xampp\\htdocs...', 20)
#1 C:\xampp\htdocs\cursos_ceta\system\CodeIgniter.php(809): App\Controllers\Usuarios->__construct()
#2 C:\xampp\htdocs\cursos_ceta\system\CodeIgniter.php(410): CodeIgniter\CodeIgniter->createController()
#3 C:\xampp\htdocs\cursos_ceta\system\CodeIgniter.php(326): CodeIgniter\CodeIgniter->handleRequest(NULL, Object(Config\Cache), false)
#4 C:\xampp\htdocs\cursos_ceta\public\index.php(37): CodeIgniter\CodeIgniter->run()
#5 {main}
CRITICAL - 2023-10-19 23:39:52 --> syntax error, unexpected token "{", expecting "function" or "const"
#0 C:\xampp\htdocs\cursos_ceta\system\Router\Router.php(175): CodeIgniter\Router\Router->autoRoute('usuarios/buscar')
#1 C:\xampp\htdocs\cursos_ceta\system\CodeIgniter.php(726): CodeIgniter\Router\Router->handle('usuarios/buscar')
#2 C:\xampp\htdocs\cursos_ceta\system\CodeIgniter.php(368): CodeIgniter\CodeIgniter->tryToRouteIt(Object(CodeIgniter\Router\RouteCollection))
#3 C:\xampp\htdocs\cursos_ceta\system\CodeIgniter.php(326): CodeIgniter\CodeIgniter->handleRequest(NULL, Object(Config\Cache), false)
#4 C:\xampp\htdocs\cursos_ceta\public\index.php(37): CodeIgniter\CodeIgniter->run()
#5 {main}
CRITICAL - 2023-10-19 23:40:23 --> Creation of dynamic property App\Controllers\Usuarios::$categorias is deprecated
#0 C:\xampp\htdocs\cursos_ceta\app\Controllers\Usuarios.php(54): CodeIgniter\Debug\Exceptions->errorHandler(8192, 'Creation of dyn...', 'C:\\xampp\\htdocs...', 54)
#1 C:\xampp\htdocs\cursos_ceta\system\CodeIgniter.php(832): App\Controllers\Usuarios->buscar()
#2 C:\xampp\htdocs\cursos_ceta\system\CodeIgniter.php(419): CodeIgniter\CodeIgniter->runController(Object(App\Controllers\Usuarios))
#3 C:\xampp\htdocs\cursos_ceta\system\CodeIgniter.php(326): CodeIgniter\CodeIgniter->handleRequest(NULL, Object(Config\Cache), false)
#4 C:\xampp\htdocs\cursos_ceta\public\index.php(37): CodeIgniter\CodeIgniter->run()
#5 {main}
CRITICAL - 2023-10-19 23:41:36 --> Undefined property: App\Controllers\Usuarios::$generos
#0 C:\xampp\htdocs\cursos_ceta\app\Controllers\Usuarios.php(58): CodeIgniter\Debug\Exceptions->errorHandler(2, 'Undefined prope...', 'C:\\xampp\\htdocs...', 58)
#1 C:\xampp\htdocs\cursos_ceta\system\CodeIgniter.php(832): App\Controllers\Usuarios->buscar()
#2 C:\xampp\htdocs\cursos_ceta\system\CodeIgniter.php(419): CodeIgniter\CodeIgniter->runController(Object(App\Controllers\Usuarios))
#3 C:\xampp\htdocs\cursos_ceta\system\CodeIgniter.php(326): CodeIgniter\CodeIgniter->handleRequest(NULL, Object(Config\Cache), false)
#4 C:\xampp\htdocs\cursos_ceta\public\index.php(37): CodeIgniter\CodeIgniter->run()
#5 {main}
CRITICAL - 2023-10-19 23:42:26 --> Call to a member function where() on null
#0 C:\xampp\htdocs\cursos_ceta\system\CodeIgniter.php(832): App\Controllers\Usuarios->buscar()
#1 C:\xampp\htdocs\cursos_ceta\system\CodeIgniter.php(419): CodeIgniter\CodeIgniter->runController(Object(App\Controllers\Usuarios))
#2 C:\xampp\htdocs\cursos_ceta\system\CodeIgniter.php(326): CodeIgniter\CodeIgniter->handleRequest(NULL, Object(Config\Cache), false)
#3 C:\xampp\htdocs\cursos_ceta\public\index.php(37): CodeIgniter\CodeIgniter->run()
#4 {main}
CRITICAL - 2023-10-19 23:45:09 --> Call to a member function where() on null
#0 C:\xampp\htdocs\cursos_ceta\system\CodeIgniter.php(832): App\Controllers\Usuarios->buscar()
#1 C:\xampp\htdocs\cursos_ceta\system\CodeIgniter.php(419): CodeIgniter\CodeIgniter->runController(Object(App\Controllers\Usuarios))
#2 C:\xampp\htdocs\cursos_ceta\system\CodeIgniter.php(326): CodeIgniter\CodeIgniter->handleRequest(NULL, Object(Config\Cache), false)
#3 C:\xampp\htdocs\cursos_ceta\public\index.php(37): CodeIgniter\CodeIgniter->run()
#4 {main}
CRITICAL - 2023-10-19 23:45:32 --> Call to a member function where() on null
#0 C:\xampp\htdocs\cursos_ceta\system\CodeIgniter.php(832): App\Controllers\Usuarios->buscar()
#1 C:\xampp\htdocs\cursos_ceta\system\CodeIgniter.php(419): CodeIgniter\CodeIgniter->runController(Object(App\Controllers\Usuarios))
#2 C:\xampp\htdocs\cursos_ceta\system\CodeIgniter.php(326): CodeIgniter\CodeIgniter->handleRequest(NULL, Object(Config\Cache), false)
#3 C:\xampp\htdocs\cursos_ceta\public\index.php(37): CodeIgniter\CodeIgniter->run()
#4 {main}
CRITICAL - 2023-10-19 23:47:31 --> Call to a member function where() on null
#0 C:\xampp\htdocs\cursos_ceta\system\CodeIgniter.php(832): App\Controllers\Usuarios->buscar()
#1 C:\xampp\htdocs\cursos_ceta\system\CodeIgniter.php(419): CodeIgniter\CodeIgniter->runController(Object(App\Controllers\Usuarios))
#2 C:\xampp\htdocs\cursos_ceta\system\CodeIgniter.php(326): CodeIgniter\CodeIgniter->handleRequest(NULL, Object(Config\Cache), false)
#3 C:\xampp\htdocs\cursos_ceta\public\index.php(37): CodeIgniter\CodeIgniter->run()
#4 {main}
