CRITICAL - 2023-10-14 00:01:55 --> syntax error, unexpected single-quoted string "password", expecting "]"
#0 C:\xampp\htdocs\cursos_ceta\system\Autoloader\Autoloader.php(241): CodeIgniter\Autoloader\Autoloader->includeFile('C:\\xampp\\htdocs...')
#1 C:\xampp\htdocs\cursos_ceta\system\Autoloader\Autoloader.php(219): CodeIgniter\Autoloader\Autoloader->loadInNamespace('App\\Models\\Usua...')
#2 C:\xampp\htdocs\cursos_ceta\app\Controllers\Usuarios.php(18): CodeIgniter\Autoloader\Autoloader->loadClass('App\\Models\\Usua...')
#3 C:\xampp\htdocs\cursos_ceta\system\CodeIgniter.php(809): App\Controllers\Usuarios->__construct()
#4 C:\xampp\htdocs\cursos_ceta\system\CodeIgniter.php(410): CodeIgniter\CodeIgniter->createController()
#5 C:\xampp\htdocs\cursos_ceta\system\CodeIgniter.php(326): CodeIgniter\CodeIgniter->handleRequest(NULL, Object(Config\Cache), false)
#6 C:\xampp\htdocs\cursos_ceta\public\index.php(37): CodeIgniter\CodeIgniter->run()
#7 {main}
CRITICAL - 2023-10-14 00:02:11 --> syntax error, unexpected single-quoted string "password", expecting "]"
#0 C:\xampp\htdocs\cursos_ceta\system\Autoloader\Autoloader.php(241): CodeIgniter\Autoloader\Autoloader->includeFile('C:\\xampp\\htdocs...')
#1 C:\xampp\htdocs\cursos_ceta\system\Autoloader\Autoloader.php(219): CodeIgniter\Autoloader\Autoloader->loadInNamespace('App\\Models\\Usua...')
#2 C:\xampp\htdocs\cursos_ceta\app\Controllers\Usuarios.php(18): CodeIgniter\Autoloader\Autoloader->loadClass('App\\Models\\Usua...')
#3 C:\xampp\htdocs\cursos_ceta\system\CodeIgniter.php(809): App\Controllers\Usuarios->__construct()
#4 C:\xampp\htdocs\cursos_ceta\system\CodeIgniter.php(410): CodeIgniter\CodeIgniter->createController()
#5 C:\xampp\htdocs\cursos_ceta\system\CodeIgniter.php(326): CodeIgniter\CodeIgniter->handleRequest(NULL, Object(Config\Cache), false)
#6 C:\xampp\htdocs\cursos_ceta\public\index.php(37): CodeIgniter\CodeIgniter->run()
#7 {main}
CRITICAL - 2023-10-14 00:05:20 --> syntax error, unexpected single-quoted string "password", expecting "]"
#0 C:\xampp\htdocs\cursos_ceta\system\Autoloader\Autoloader.php(241): CodeIgniter\Autoloader\Autoloader->includeFile('C:\\xampp\\htdocs...')
#1 C:\xampp\htdocs\cursos_ceta\system\Autoloader\Autoloader.php(219): CodeIgniter\Autoloader\Autoloader->loadInNamespace('App\\Models\\Usua...')
#2 C:\xampp\htdocs\cursos_ceta\app\Controllers\Usuarios.php(18): CodeIgniter\Autoloader\Autoloader->loadClass('App\\Models\\Usua...')
#3 C:\xampp\htdocs\cursos_ceta\system\CodeIgniter.php(809): App\Controllers\Usuarios->__construct()
#4 C:\xampp\htdocs\cursos_ceta\system\CodeIgniter.php(410): CodeIgniter\CodeIgniter->createController()
#5 C:\xampp\htdocs\cursos_ceta\system\CodeIgniter.php(326): CodeIgniter\CodeIgniter->handleRequest(NULL, Object(Config\Cache), false)
#6 C:\xampp\htdocs\cursos_ceta\public\index.php(37): CodeIgniter\CodeIgniter->run()
#7 {main}
CRITICAL - 2023-10-14 00:06:12 --> syntax error, unexpected single-quoted string "password", expecting "]"
#0 C:\xampp\htdocs\cursos_ceta\system\Autoloader\Autoloader.php(241): CodeIgniter\Autoloader\Autoloader->includeFile('C:\\xampp\\htdocs...')
#1 C:\xampp\htdocs\cursos_ceta\system\Autoloader\Autoloader.php(219): CodeIgniter\Autoloader\Autoloader->loadInNamespace('App\\Models\\Usua...')
#2 C:\xampp\htdocs\cursos_ceta\app\Controllers\Usuarios.php(18): CodeIgniter\Autoloader\Autoloader->loadClass('App\\Models\\Usua...')
#3 C:\xampp\htdocs\cursos_ceta\system\CodeIgniter.php(809): App\Controllers\Usuarios->__construct()
#4 C:\xampp\htdocs\cursos_ceta\system\CodeIgniter.php(410): CodeIgniter\CodeIgniter->createController()
#5 C:\xampp\htdocs\cursos_ceta\system\CodeIgniter.php(326): CodeIgniter\CodeIgniter->handleRequest(NULL, Object(Config\Cache), false)
#6 C:\xampp\htdocs\cursos_ceta\public\index.php(37): CodeIgniter\CodeIgniter->run()
#7 {main}
CRITICAL - 2023-10-14 00:08:06 --> syntax error, unexpected single-quoted string "password", expecting "]"
#0 C:\xampp\htdocs\cursos_ceta\system\Autoloader\Autoloader.php(241): CodeIgniter\Autoloader\Autoloader->includeFile('C:\\xampp\\htdocs...')
#1 C:\xampp\htdocs\cursos_ceta\system\Autoloader\Autoloader.php(219): CodeIgniter\Autoloader\Autoloader->loadInNamespace('App\\Models\\Usua...')
#2 C:\xampp\htdocs\cursos_ceta\app\Controllers\Usuarios.php(18): CodeIgniter\Autoloader\Autoloader->loadClass('App\\Models\\Usua...')
#3 C:\xampp\htdocs\cursos_ceta\system\CodeIgniter.php(809): App\Controllers\Usuarios->__construct()
#4 C:\xampp\htdocs\cursos_ceta\system\CodeIgniter.php(410): CodeIgniter\CodeIgniter->createController()
#5 C:\xampp\htdocs\cursos_ceta\system\CodeIgniter.php(326): CodeIgniter\CodeIgniter->handleRequest(NULL, Object(Config\Cache), false)
#6 C:\xampp\htdocs\cursos_ceta\public\index.php(37): CodeIgniter\CodeIgniter->run()
#7 {main}
