CRITICAL - 2024-04-12 11:33:03 --> Invalid file: usuarios/usuarios.php
#0 C:\xampp\htdocs\cursos_ceta\system\View\View.php(198): CodeIgniter\Exceptions\FrameworkException::forInvalidFile('usuarios/usuari...')
#1 C:\xampp\htdocs\cursos_ceta\system\Common.php(1089): CodeIgniter\View\View->render('usuarios/usuari...', Array, true)
#2 C:\xampp\htdocs\cursos_ceta\app\Controllers\Usuarios.php(84): view('usuarios/usuari...')
#3 C:\xampp\htdocs\cursos_ceta\system\CodeIgniter.php(832): App\Controllers\Usuarios->index()
#4 C:\xampp\htdocs\cursos_ceta\system\CodeIgniter.php(419): CodeIgniter\CodeIgniter->runController(Object(App\Controllers\Usuarios))
#5 C:\xampp\htdocs\cursos_ceta\system\CodeIgniter.php(326): CodeIgniter\CodeIgniter->handleRequest(NULL, Object(Config\Cache), false)
#6 C:\xampp\htdocs\cursos_ceta\public\index.php(37): CodeIgniter\CodeIgniter->run()
#7 {main}
CRITICAL - 2024-04-12 11:33:28 --> Invalid file: usuarios/usuarios.php
#0 C:\xampp\htdocs\cursos_ceta\system\View\View.php(198): CodeIgniter\Exceptions\FrameworkException::forInvalidFile('usuarios/usuari...')
#1 C:\xampp\htdocs\cursos_ceta\system\Common.php(1089): CodeIgniter\View\View->render('usuarios/usuari...', Array, true)
#2 C:\xampp\htdocs\cursos_ceta\app\Controllers\Usuarios.php(84): view('usuarios/usuari...')
#3 C:\xampp\htdocs\cursos_ceta\system\CodeIgniter.php(832): App\Controllers\Usuarios->index()
#4 C:\xampp\htdocs\cursos_ceta\system\CodeIgniter.php(419): CodeIgniter\CodeIgniter->runController(Object(App\Controllers\Usuarios))
#5 C:\xampp\htdocs\cursos_ceta\system\CodeIgniter.php(326): CodeIgniter\CodeIgniter->handleRequest(NULL, Object(Config\Cache), false)
#6 C:\xampp\htdocs\cursos_ceta\public\index.php(37): CodeIgniter\CodeIgniter->run()
#7 {main}
CRITICAL - 2024-04-12 11:34:50 --> Invalid file: usuarios/usuarios.php
#0 C:\xampp\htdocs\cursos_ceta\system\View\View.php(198): CodeIgniter\Exceptions\FrameworkException::forInvalidFile('usuarios/usuari...')
#1 C:\xampp\htdocs\cursos_ceta\system\Common.php(1089): CodeIgniter\View\View->render('usuarios/usuari...', Array, true)
#2 C:\xampp\htdocs\cursos_ceta\app\Controllers\Usuarios.php(84): view('usuarios/usuari...')
#3 C:\xampp\htdocs\cursos_ceta\system\CodeIgniter.php(832): App\Controllers\Usuarios->index()
#4 C:\xampp\htdocs\cursos_ceta\system\CodeIgniter.php(419): CodeIgniter\CodeIgniter->runController(Object(App\Controllers\Usuarios))
#5 C:\xampp\htdocs\cursos_ceta\system\CodeIgniter.php(326): CodeIgniter\CodeIgniter->handleRequest(NULL, Object(Config\Cache), false)
#6 C:\xampp\htdocs\cursos_ceta\public\index.php(37): CodeIgniter\CodeIgniter->run()
#7 {main}
CRITICAL - 2024-04-12 11:39:35 --> Invalid file: usuarios/usuarios.php
#0 C:\xampp\htdocs\cursos_ceta\system\View\View.php(198): CodeIgniter\Exceptions\FrameworkException::forInvalidFile('usuarios/usuari...')
#1 C:\xampp\htdocs\cursos_ceta\system\Common.php(1089): CodeIgniter\View\View->render('usuarios/usuari...', Array, true)
#2 C:\xampp\htdocs\cursos_ceta\app\Controllers\Usuarios.php(84): view('usuarios/usuari...')
#3 C:\xampp\htdocs\cursos_ceta\system\CodeIgniter.php(832): App\Controllers\Usuarios->index()
#4 C:\xampp\htdocs\cursos_ceta\system\CodeIgniter.php(419): CodeIgniter\CodeIgniter->runController(Object(App\Controllers\Usuarios))
#5 C:\xampp\htdocs\cursos_ceta\system\CodeIgniter.php(326): CodeIgniter\CodeIgniter->handleRequest(NULL, Object(Config\Cache), false)
#6 C:\xampp\htdocs\cursos_ceta\public\index.php(37): CodeIgniter\CodeIgniter->run()
#7 {main}
CRITICAL - 2024-04-12 12:41:29 --> Invalid file: usuarios/usuarios.php
#0 C:\xampp\htdocs\cursos_ceta\system\View\View.php(198): CodeIgniter\Exceptions\FrameworkException::forInvalidFile('usuarios/usuari...')
#1 C:\xampp\htdocs\cursos_ceta\system\Common.php(1089): CodeIgniter\View\View->render('usuarios/usuari...', Array, true)
#2 C:\xampp\htdocs\cursos_ceta\app\Controllers\Usuarios.php(84): view('usuarios/usuari...')
#3 C:\xampp\htdocs\cursos_ceta\system\CodeIgniter.php(832): App\Controllers\Usuarios->index()
#4 C:\xampp\htdocs\cursos_ceta\system\CodeIgniter.php(419): CodeIgniter\CodeIgniter->runController(Object(App\Controllers\Usuarios))
#5 C:\xampp\htdocs\cursos_ceta\system\CodeIgniter.php(326): CodeIgniter\CodeIgniter->handleRequest(NULL, Object(Config\Cache), false)
#6 C:\xampp\htdocs\cursos_ceta\public\index.php(37): CodeIgniter\CodeIgniter->run()
#7 {main}
CRITICAL - 2024-04-12 12:41:35 --> Invalid file: usuarios/usuarios.php
#0 C:\xampp\htdocs\cursos_ceta\system\View\View.php(198): CodeIgniter\Exceptions\FrameworkException::forInvalidFile('usuarios/usuari...')
#1 C:\xampp\htdocs\cursos_ceta\system\Common.php(1089): CodeIgniter\View\View->render('usuarios/usuari...', Array, true)
#2 C:\xampp\htdocs\cursos_ceta\app\Controllers\Usuarios.php(84): view('usuarios/usuari...')
#3 C:\xampp\htdocs\cursos_ceta\system\CodeIgniter.php(832): App\Controllers\Usuarios->index()
#4 C:\xampp\htdocs\cursos_ceta\system\CodeIgniter.php(419): CodeIgniter\CodeIgniter->runController(Object(App\Controllers\Usuarios))
#5 C:\xampp\htdocs\cursos_ceta\system\CodeIgniter.php(326): CodeIgniter\CodeIgniter->handleRequest(NULL, Object(Config\Cache), false)
#6 C:\xampp\htdocs\cursos_ceta\public\index.php(37): CodeIgniter\CodeIgniter->run()
#7 {main}
