CRITICAL - 2024-05-03 10:57:25 --> Undefined array key "id_periodo"
#0 C:\xampp\htdocs\reportes_cursos\app\Controllers\Usuarios.php(201): CodeIgniter\Debug\Exceptions->errorHandler(2, 'Undefined array...', 'C:\\xampp\\htdocs...', 201)
#1 C:\xampp\htdocs\reportes_cursos\system\CodeIgniter.php(832): App\Controllers\Usuarios->valida()
#2 C:\xampp\htdocs\reportes_cursos\system\CodeIgniter.php(419): CodeIgniter\CodeIgniter->runController(Object(App\Controllers\Usuarios))
#3 C:\xampp\htdocs\reportes_cursos\system\CodeIgniter.php(326): CodeIgniter\CodeIgniter->handleRequest(NULL, Object(Config\Cache), false)
#4 C:\xampp\htdocs\reportes_cursos\public\index.php(37): CodeIgniter\CodeIgniter->run()
#5 {main}
CRITICAL - 2024-05-03 11:01:57 --> syntax error, unexpected token "else", expecting "function" or "const"
#0 C:\xampp\htdocs\reportes_cursos\system\Router\Router.php(175): CodeIgniter\Router\Router->autoRoute('reportes')
#1 C:\xampp\htdocs\reportes_cursos\system\CodeIgniter.php(726): CodeIgniter\Router\Router->handle('reportes')
#2 C:\xampp\htdocs\reportes_cursos\system\CodeIgniter.php(368): CodeIgniter\CodeIgniter->tryToRouteIt(Object(CodeIgniter\Router\RouteCollection))
#3 C:\xampp\htdocs\reportes_cursos\system\CodeIgniter.php(326): CodeIgniter\CodeIgniter->handleRequest(NULL, Object(Config\Cache), false)
#4 C:\xampp\htdocs\reportes_cursos\public\index.php(37): CodeIgniter\CodeIgniter->run()
#5 {main}
CRITICAL - 2024-05-03 11:02:11 --> Undefined variable $id_periodo
#0 C:\xampp\htdocs\reportes_cursos\app\Controllers\Reportes.php(54): CodeIgniter\Debug\Exceptions->errorHandler(2, 'Undefined varia...', 'C:\\xampp\\htdocs...', 54)
#1 C:\xampp\htdocs\reportes_cursos\system\CodeIgniter.php(832): App\Controllers\Reportes->repor_cursos()
#2 C:\xampp\htdocs\reportes_cursos\system\CodeIgniter.php(419): CodeIgniter\CodeIgniter->runController(Object(App\Controllers\Reportes))
#3 C:\xampp\htdocs\reportes_cursos\system\CodeIgniter.php(326): CodeIgniter\CodeIgniter->handleRequest(NULL, Object(Config\Cache), false)
#4 C:\xampp\htdocs\reportes_cursos\public\index.php(37): CodeIgniter\CodeIgniter->run()
#5 {main}
CRITICAL - 2024-05-03 11:02:45 --> Too few arguments to function App\Controllers\Reportes::repor_cursos(), 0 passed in C:\xampp\htdocs\reportes_cursos\system\CodeIgniter.php on line 832 and exactly 1 expected
#0 C:\xampp\htdocs\reportes_cursos\system\CodeIgniter.php(832): App\Controllers\Reportes->repor_cursos()
#1 C:\xampp\htdocs\reportes_cursos\system\CodeIgniter.php(419): CodeIgniter\CodeIgniter->runController(Object(App\Controllers\Reportes))
#2 C:\xampp\htdocs\reportes_cursos\system\CodeIgniter.php(326): CodeIgniter\CodeIgniter->handleRequest(NULL, Object(Config\Cache), false)
#3 C:\xampp\htdocs\reportes_cursos\public\index.php(37): CodeIgniter\CodeIgniter->run()
#4 {main}
CRITICAL - 2024-05-03 11:16:52 --> Undefined variable $id_periodo
#0 C:\xampp\htdocs\reportes_cursos\app\Controllers\Reportes.php(55): CodeIgniter\Debug\Exceptions->errorHandler(2, 'Undefined varia...', 'C:\\xampp\\htdocs...', 55)
#1 C:\xampp\htdocs\reportes_cursos\system\CodeIgniter.php(832): App\Controllers\Reportes->repor_cursos()
#2 C:\xampp\htdocs\reportes_cursos\system\CodeIgniter.php(419): CodeIgniter\CodeIgniter->runController(Object(App\Controllers\Reportes))
#3 C:\xampp\htdocs\reportes_cursos\system\CodeIgniter.php(326): CodeIgniter\CodeIgniter->handleRequest(NULL, Object(Config\Cache), false)
#4 C:\xampp\htdocs\reportes_cursos\public\index.php(37): CodeIgniter\CodeIgniter->run()
#5 {main}
CRITICAL - 2024-05-03 11:21:56 --> syntax error, unexpected token "="
#0 C:\xampp\htdocs\reportes_cursos\system\Router\Router.php(175): CodeIgniter\Router\Router->autoRoute('reportes/repor_...')
#1 C:\xampp\htdocs\reportes_cursos\system\CodeIgniter.php(726): CodeIgniter\Router\Router->handle('reportes/repor_...')
#2 C:\xampp\htdocs\reportes_cursos\system\CodeIgniter.php(368): CodeIgniter\CodeIgniter->tryToRouteIt(Object(CodeIgniter\Router\RouteCollection))
#3 C:\xampp\htdocs\reportes_cursos\system\CodeIgniter.php(326): CodeIgniter\CodeIgniter->handleRequest(NULL, Object(Config\Cache), false)
#4 C:\xampp\htdocs\reportes_cursos\public\index.php(37): CodeIgniter\CodeIgniter->run()
#5 {main}
CRITICAL - 2024-05-03 12:24:42 --> syntax error, unexpected token ";"
#0 C:\xampp\htdocs\reportes_cursos\system\Router\Router.php(175): CodeIgniter\Router\Router->autoRoute('reportes')
#1 C:\xampp\htdocs\reportes_cursos\system\CodeIgniter.php(726): CodeIgniter\Router\Router->handle('reportes')
#2 C:\xampp\htdocs\reportes_cursos\system\CodeIgniter.php(368): CodeIgniter\CodeIgniter->tryToRouteIt(Object(CodeIgniter\Router\RouteCollection))
#3 C:\xampp\htdocs\reportes_cursos\system\CodeIgniter.php(326): CodeIgniter\CodeIgniter->handleRequest(NULL, Object(Config\Cache), false)
#4 C:\xampp\htdocs\reportes_cursos\public\index.php(37): CodeIgniter\CodeIgniter->run()
#5 {main}
CRITICAL - 2024-05-03 12:25:35 --> syntax error, unexpected token "->"
#0 C:\xampp\htdocs\reportes_cursos\system\Router\Router.php(175): CodeIgniter\Router\Router->autoRoute('reportes')
#1 C:\xampp\htdocs\reportes_cursos\system\CodeIgniter.php(726): CodeIgniter\Router\Router->handle('reportes')
#2 C:\xampp\htdocs\reportes_cursos\system\CodeIgniter.php(368): CodeIgniter\CodeIgniter->tryToRouteIt(Object(CodeIgniter\Router\RouteCollection))
#3 C:\xampp\htdocs\reportes_cursos\system\CodeIgniter.php(326): CodeIgniter\CodeIgniter->handleRequest(NULL, Object(Config\Cache), false)
#4 C:\xampp\htdocs\reportes_cursos\public\index.php(37): CodeIgniter\CodeIgniter->run()
#5 {main}
CRITICAL - 2024-05-03 12:26:39 --> syntax error, unexpected token "else", expecting "function" or "const"
#0 C:\xampp\htdocs\reportes_cursos\system\Router\Router.php(175): CodeIgniter\Router\Router->autoRoute('reportes')
#1 C:\xampp\htdocs\reportes_cursos\system\CodeIgniter.php(726): CodeIgniter\Router\Router->handle('reportes')
#2 C:\xampp\htdocs\reportes_cursos\system\CodeIgniter.php(368): CodeIgniter\CodeIgniter->tryToRouteIt(Object(CodeIgniter\Router\RouteCollection))
#3 C:\xampp\htdocs\reportes_cursos\system\CodeIgniter.php(326): CodeIgniter\CodeIgniter->handleRequest(NULL, Object(Config\Cache), false)
#4 C:\xampp\htdocs\reportes_cursos\public\index.php(37): CodeIgniter\CodeIgniter->run()
#5 {main}
ERROR - 2024-05-03 12:27:12 --> ErrorException: pg_query(): Query failed: ERROR:  el operador no existe: integer = boolean
LINE 3: WHERE &quot;id_usuarios&quot; = FALSE
                            ^
HINT:  Ningún operador coincide en el nombre y tipos de argumentos. Puede ser necesario agregar conversión explícita de tipos. in C:\xampp\htdocs\reportes_cursos\system\Database\Postgre\Connection.php:135
Stack trace:
#0 [internal function]: CodeIgniter\Debug\Exceptions->errorHandler(2, 'pg_query(): Que...', 'C:\\xampp\\htdocs...', 135)
#1 C:\xampp\htdocs\reportes_cursos\system\Database\Postgre\Connection.php(135): pg_query(Resource id #137, 'SELECT *\nFROM "...')
#2 C:\xampp\htdocs\reportes_cursos\system\Database\BaseConnection.php(670): CodeIgniter\Database\Postgre\Connection->execute('SELECT *\nFROM "...')
#3 C:\xampp\htdocs\reportes_cursos\system\Database\BaseConnection.php(598): CodeIgniter\Database\BaseConnection->simpleQuery('SELECT *\nFROM "...')
#4 C:\xampp\htdocs\reportes_cursos\system\Database\BaseBuilder.php(1455): CodeIgniter\Database\BaseConnection->query('SELECT *\nFROM "...', Array, false)
#5 C:\xampp\htdocs\reportes_cursos\system\Model.php(183): CodeIgniter\Database\BaseBuilder->get()
#6 C:\xampp\htdocs\reportes_cursos\system\BaseModel.php(584): CodeIgniter\Model->doFindAll(0, 0)
#7 C:\xampp\htdocs\reportes_cursos\app\Controllers\Reportes.php(55): CodeIgniter\BaseModel->findAll()
#8 C:\xampp\htdocs\reportes_cursos\system\CodeIgniter.php(832): App\Controllers\Reportes->repor_cursos()
#9 C:\xampp\htdocs\reportes_cursos\system\CodeIgniter.php(419): CodeIgniter\CodeIgniter->runController(Object(App\Controllers\Reportes))
#10 C:\xampp\htdocs\reportes_cursos\system\CodeIgniter.php(326): CodeIgniter\CodeIgniter->handleRequest(NULL, Object(Config\Cache), false)
#11 C:\xampp\htdocs\reportes_cursos\public\index.php(37): CodeIgniter\CodeIgniter->run()
#12 {main}
CRITICAL - 2024-05-03 12:27:12 --> Call to a member function getResult() on bool
#0 C:\xampp\htdocs\reportes_cursos\system\BaseModel.php(584): CodeIgniter\Model->doFindAll(0, 0)
#1 C:\xampp\htdocs\reportes_cursos\app\Controllers\Reportes.php(55): CodeIgniter\BaseModel->findAll()
#2 C:\xampp\htdocs\reportes_cursos\system\CodeIgniter.php(832): App\Controllers\Reportes->repor_cursos()
#3 C:\xampp\htdocs\reportes_cursos\system\CodeIgniter.php(419): CodeIgniter\CodeIgniter->runController(Object(App\Controllers\Reportes))
#4 C:\xampp\htdocs\reportes_cursos\system\CodeIgniter.php(326): CodeIgniter\CodeIgniter->handleRequest(NULL, Object(Config\Cache), false)
#5 C:\xampp\htdocs\reportes_cursos\public\index.php(37): CodeIgniter\CodeIgniter->run()
#6 {main}
CRITICAL - 2024-05-03 12:31:26 --> syntax error, unexpected token "echo", expecting ";" or "{"
#0 C:\xampp\htdocs\reportes_cursos\system\Router\Router.php(175): CodeIgniter\Router\Router->autoRoute('reportes/repor_...')
#1 C:\xampp\htdocs\reportes_cursos\system\CodeIgniter.php(726): CodeIgniter\Router\Router->handle('reportes/repor_...')
#2 C:\xampp\htdocs\reportes_cursos\system\CodeIgniter.php(368): CodeIgniter\CodeIgniter->tryToRouteIt(Object(CodeIgniter\Router\RouteCollection))
#3 C:\xampp\htdocs\reportes_cursos\system\CodeIgniter.php(326): CodeIgniter\CodeIgniter->handleRequest(NULL, Object(Config\Cache), false)
#4 C:\xampp\htdocs\reportes_cursos\public\index.php(37): CodeIgniter\CodeIgniter->run()
#5 {main}
CRITICAL - 2024-05-03 12:31:27 --> syntax error, unexpected token "echo", expecting ";" or "{"
#0 C:\xampp\htdocs\reportes_cursos\system\Router\Router.php(175): CodeIgniter\Router\Router->autoRoute('reportes/repor_...')
#1 C:\xampp\htdocs\reportes_cursos\system\CodeIgniter.php(726): CodeIgniter\Router\Router->handle('reportes/repor_...')
#2 C:\xampp\htdocs\reportes_cursos\system\CodeIgniter.php(368): CodeIgniter\CodeIgniter->tryToRouteIt(Object(CodeIgniter\Router\RouteCollection))
#3 C:\xampp\htdocs\reportes_cursos\system\CodeIgniter.php(326): CodeIgniter\CodeIgniter->handleRequest(NULL, Object(Config\Cache), false)
#4 C:\xampp\htdocs\reportes_cursos\public\index.php(37): CodeIgniter\CodeIgniter->run()
#5 {main}
CRITICAL - 2024-05-03 12:31:29 --> syntax error, unexpected token "echo", expecting ";" or "{"
#0 C:\xampp\htdocs\reportes_cursos\system\Router\Router.php(175): CodeIgniter\Router\Router->autoRoute('reportes')
#1 C:\xampp\htdocs\reportes_cursos\system\CodeIgniter.php(726): CodeIgniter\Router\Router->handle('reportes')
#2 C:\xampp\htdocs\reportes_cursos\system\CodeIgniter.php(368): CodeIgniter\CodeIgniter->tryToRouteIt(Object(CodeIgniter\Router\RouteCollection))
#3 C:\xampp\htdocs\reportes_cursos\system\CodeIgniter.php(326): CodeIgniter\CodeIgniter->handleRequest(NULL, Object(Config\Cache), false)
#4 C:\xampp\htdocs\reportes_cursos\public\index.php(37): CodeIgniter\CodeIgniter->run()
#5 {main}
CRITICAL - 2024-05-03 12:31:39 --> syntax error, unexpected token "echo", expecting ";" or "{"
#0 C:\xampp\htdocs\reportes_cursos\system\Router\Router.php(175): CodeIgniter\Router\Router->autoRoute('reportes')
#1 C:\xampp\htdocs\reportes_cursos\system\CodeIgniter.php(726): CodeIgniter\Router\Router->handle('reportes')
#2 C:\xampp\htdocs\reportes_cursos\system\CodeIgniter.php(368): CodeIgniter\CodeIgniter->tryToRouteIt(Object(CodeIgniter\Router\RouteCollection))
#3 C:\xampp\htdocs\reportes_cursos\system\CodeIgniter.php(326): CodeIgniter\CodeIgniter->handleRequest(NULL, Object(Config\Cache), false)
#4 C:\xampp\htdocs\reportes_cursos\public\index.php(37): CodeIgniter\CodeIgniter->run()
#5 {main}
