CRITICAL - 2023-11-06 13:17:51 --> Trying to access array offset on value of type null
#0 C:\xampp\htdocs\cursos_ceta\app\Views\reportes\reportes.php(30): CodeIgniter\Debug\Exceptions->errorHandler(2, 'Trying to acces...', 'C:\\xampp\\htdocs...', 30)
#1 C:\xampp\htdocs\cursos_ceta\system\View\View.php(210): include('C:\\xampp\\htdocs...')
#2 C:\xampp\htdocs\cursos_ceta\system\View\View.php(213): CodeIgniter\View\View->CodeIgniter\View\{closure}()
#3 C:\xampp\htdocs\cursos_ceta\system\Common.php(1089): CodeIgniter\View\View->render('reportes/report...', Array, true)
#4 C:\xampp\htdocs\cursos_ceta\app\Controllers\Reportes.php(23): view('reportes/report...', Array)
#5 C:\xampp\htdocs\cursos_ceta\system\CodeIgniter.php(832): App\Controllers\Reportes->index()
#6 C:\xampp\htdocs\cursos_ceta\system\CodeIgniter.php(419): CodeIgniter\CodeIgniter->runController(Object(App\Controllers\Reportes))
#7 C:\xampp\htdocs\cursos_ceta\system\CodeIgniter.php(326): CodeIgniter\CodeIgniter->handleRequest(NULL, Object(Config\Cache), false)
#8 C:\xampp\htdocs\cursos_ceta\public\index.php(37): CodeIgniter\CodeIgniter->run()
#9 {main}
CRITICAL - 2023-11-06 13:19:46 --> Undefined variable $data
#0 C:\xampp\htdocs\cursos_ceta\app\Controllers\Reportes.php(22): CodeIgniter\Debug\Exceptions->errorHandler(2, 'Undefined varia...', 'C:\\xampp\\htdocs...', 22)
#1 C:\xampp\htdocs\cursos_ceta\system\CodeIgniter.php(832): App\Controllers\Reportes->index()
#2 C:\xampp\htdocs\cursos_ceta\system\CodeIgniter.php(419): CodeIgniter\CodeIgniter->runController(Object(App\Controllers\Reportes))
#3 C:\xampp\htdocs\cursos_ceta\system\CodeIgniter.php(326): CodeIgniter\CodeIgniter->handleRequest(NULL, Object(Config\Cache), false)
#4 C:\xampp\htdocs\cursos_ceta\public\index.php(37): CodeIgniter\CodeIgniter->run()
#5 {main}
CRITICAL - 2023-11-06 13:19:56 --> Undefined variable $data
#0 C:\xampp\htdocs\cursos_ceta\app\Controllers\Reportes.php(22): CodeIgniter\Debug\Exceptions->errorHandler(2, 'Undefined varia...', 'C:\\xampp\\htdocs...', 22)
#1 C:\xampp\htdocs\cursos_ceta\system\CodeIgniter.php(832): App\Controllers\Reportes->index()
#2 C:\xampp\htdocs\cursos_ceta\system\CodeIgniter.php(419): CodeIgniter\CodeIgniter->runController(Object(App\Controllers\Reportes))
#3 C:\xampp\htdocs\cursos_ceta\system\CodeIgniter.php(326): CodeIgniter\CodeIgniter->handleRequest(NULL, Object(Config\Cache), false)
#4 C:\xampp\htdocs\cursos_ceta\public\index.php(37): CodeIgniter\CodeIgniter->run()
#5 {main}
CRITICAL - 2023-11-06 13:22:04 --> Undefined variable $data
#0 C:\xampp\htdocs\cursos_ceta\app\Controllers\Reportes.php(48): CodeIgniter\Debug\Exceptions->errorHandler(2, 'Undefined varia...', 'C:\\xampp\\htdocs...', 48)
#1 C:\xampp\htdocs\cursos_ceta\system\CodeIgniter.php(832): App\Controllers\Reportes->index()
#2 C:\xampp\htdocs\cursos_ceta\system\CodeIgniter.php(419): CodeIgniter\CodeIgniter->runController(Object(App\Controllers\Reportes))
#3 C:\xampp\htdocs\cursos_ceta\system\CodeIgniter.php(326): CodeIgniter\CodeIgniter->handleRequest(NULL, Object(Config\Cache), false)
#4 C:\xampp\htdocs\cursos_ceta\public\index.php(37): CodeIgniter\CodeIgniter->run()
#5 {main}
CRITICAL - 2023-11-06 13:23:14 --> Undefined variable $data
#0 C:\xampp\htdocs\cursos_ceta\app\Controllers\Reportes.php(48): CodeIgniter\Debug\Exceptions->errorHandler(2, 'Undefined varia...', 'C:\\xampp\\htdocs...', 48)
#1 C:\xampp\htdocs\cursos_ceta\system\CodeIgniter.php(832): App\Controllers\Reportes->index()
#2 C:\xampp\htdocs\cursos_ceta\system\CodeIgniter.php(419): CodeIgniter\CodeIgniter->runController(Object(App\Controllers\Reportes))
#3 C:\xampp\htdocs\cursos_ceta\system\CodeIgniter.php(326): CodeIgniter\CodeIgniter->handleRequest(NULL, Object(Config\Cache), false)
#4 C:\xampp\htdocs\cursos_ceta\public\index.php(37): CodeIgniter\CodeIgniter->run()
#5 {main}
CRITICAL - 2023-11-06 13:23:24 --> Undefined variable $data
#0 C:\xampp\htdocs\cursos_ceta\app\Controllers\Reportes.php(48): CodeIgniter\Debug\Exceptions->errorHandler(2, 'Undefined varia...', 'C:\\xampp\\htdocs...', 48)
#1 C:\xampp\htdocs\cursos_ceta\system\CodeIgniter.php(832): App\Controllers\Reportes->index()
#2 C:\xampp\htdocs\cursos_ceta\system\CodeIgniter.php(419): CodeIgniter\CodeIgniter->runController(Object(App\Controllers\Reportes))
#3 C:\xampp\htdocs\cursos_ceta\system\CodeIgniter.php(326): CodeIgniter\CodeIgniter->handleRequest(NULL, Object(Config\Cache), false)
#4 C:\xampp\htdocs\cursos_ceta\public\index.php(37): CodeIgniter\CodeIgniter->run()
#5 {main}
CRITICAL - 2023-11-06 13:24:05 --> Undefined variable $titulo
#0 C:\xampp\htdocs\cursos_ceta\app\Views\reportes\reportes.php(4): CodeIgniter\Debug\Exceptions->errorHandler(2, 'Undefined varia...', 'C:\\xampp\\htdocs...', 4)
#1 C:\xampp\htdocs\cursos_ceta\system\View\View.php(210): include('C:\\xampp\\htdocs...')
#2 C:\xampp\htdocs\cursos_ceta\system\View\View.php(213): CodeIgniter\View\View->CodeIgniter\View\{closure}()
#3 C:\xampp\htdocs\cursos_ceta\system\Common.php(1089): CodeIgniter\View\View->render('reportes/report...', Array, true)
#4 C:\xampp\htdocs\cursos_ceta\app\Controllers\Reportes.php(48): view('reportes/report...')
#5 C:\xampp\htdocs\cursos_ceta\system\CodeIgniter.php(832): App\Controllers\Reportes->index()
#6 C:\xampp\htdocs\cursos_ceta\system\CodeIgniter.php(419): CodeIgniter\CodeIgniter->runController(Object(App\Controllers\Reportes))
#7 C:\xampp\htdocs\cursos_ceta\system\CodeIgniter.php(326): CodeIgniter\CodeIgniter->handleRequest(NULL, Object(Config\Cache), false)
#8 C:\xampp\htdocs\cursos_ceta\public\index.php(37): CodeIgniter\CodeIgniter->run()
#9 {main}
CRITICAL - 2023-11-06 13:24:36 --> Undefined variable $datos
#0 C:\xampp\htdocs\cursos_ceta\app\Views\reportes\reportes.php(28): CodeIgniter\Debug\Exceptions->errorHandler(2, 'Undefined varia...', 'C:\\xampp\\htdocs...', 28)
#1 C:\xampp\htdocs\cursos_ceta\system\View\View.php(210): include('C:\\xampp\\htdocs...')
#2 C:\xampp\htdocs\cursos_ceta\system\View\View.php(213): CodeIgniter\View\View->CodeIgniter\View\{closure}()
#3 C:\xampp\htdocs\cursos_ceta\system\Common.php(1089): CodeIgniter\View\View->render('reportes/report...', Array, true)
#4 C:\xampp\htdocs\cursos_ceta\app\Controllers\Reportes.php(48): view('reportes/report...')
#5 C:\xampp\htdocs\cursos_ceta\system\CodeIgniter.php(832): App\Controllers\Reportes->index()
#6 C:\xampp\htdocs\cursos_ceta\system\CodeIgniter.php(419): CodeIgniter\CodeIgniter->runController(Object(App\Controllers\Reportes))
#7 C:\xampp\htdocs\cursos_ceta\system\CodeIgniter.php(326): CodeIgniter\CodeIgniter->handleRequest(NULL, Object(Config\Cache), false)
#8 C:\xampp\htdocs\cursos_ceta\public\index.php(37): CodeIgniter\CodeIgniter->run()
#9 {main}
CRITICAL - 2023-11-06 13:25:55 --> Undefined variable $datos
#0 C:\xampp\htdocs\cursos_ceta\app\Views\reportes\reportes.php(28): CodeIgniter\Debug\Exceptions->errorHandler(2, 'Undefined varia...', 'C:\\xampp\\htdocs...', 28)
#1 C:\xampp\htdocs\cursos_ceta\system\View\View.php(210): include('C:\\xampp\\htdocs...')
#2 C:\xampp\htdocs\cursos_ceta\system\View\View.php(213): CodeIgniter\View\View->CodeIgniter\View\{closure}()
#3 C:\xampp\htdocs\cursos_ceta\system\Common.php(1089): CodeIgniter\View\View->render('reportes/report...', Array, true)
#4 C:\xampp\htdocs\cursos_ceta\app\Controllers\Reportes.php(48): view('reportes/report...')
#5 C:\xampp\htdocs\cursos_ceta\system\CodeIgniter.php(832): App\Controllers\Reportes->index()
#6 C:\xampp\htdocs\cursos_ceta\system\CodeIgniter.php(419): CodeIgniter\CodeIgniter->runController(Object(App\Controllers\Reportes))
#7 C:\xampp\htdocs\cursos_ceta\system\CodeIgniter.php(326): CodeIgniter\CodeIgniter->handleRequest(NULL, Object(Config\Cache), false)
#8 C:\xampp\htdocs\cursos_ceta\public\index.php(37): CodeIgniter\CodeIgniter->run()
#9 {main}
CRITICAL - 2023-11-06 13:25:57 --> Undefined variable $datos
#0 C:\xampp\htdocs\cursos_ceta\app\Views\reportes\reportes.php(28): CodeIgniter\Debug\Exceptions->errorHandler(2, 'Undefined varia...', 'C:\\xampp\\htdocs...', 28)
#1 C:\xampp\htdocs\cursos_ceta\system\View\View.php(210): include('C:\\xampp\\htdocs...')
#2 C:\xampp\htdocs\cursos_ceta\system\View\View.php(213): CodeIgniter\View\View->CodeIgniter\View\{closure}()
#3 C:\xampp\htdocs\cursos_ceta\system\Common.php(1089): CodeIgniter\View\View->render('reportes/report...', Array, true)
#4 C:\xampp\htdocs\cursos_ceta\app\Controllers\Reportes.php(48): view('reportes/report...')
#5 C:\xampp\htdocs\cursos_ceta\system\CodeIgniter.php(832): App\Controllers\Reportes->index()
#6 C:\xampp\htdocs\cursos_ceta\system\CodeIgniter.php(419): CodeIgniter\CodeIgniter->runController(Object(App\Controllers\Reportes))
#7 C:\xampp\htdocs\cursos_ceta\system\CodeIgniter.php(326): CodeIgniter\CodeIgniter->handleRequest(NULL, Object(Config\Cache), false)
#8 C:\xampp\htdocs\cursos_ceta\public\index.php(37): CodeIgniter\CodeIgniter->run()
#9 {main}
CRITICAL - 2023-11-06 13:26:33 --> Unmatched '}'
#0 C:\xampp\htdocs\cursos_ceta\system\View\View.php(213): CodeIgniter\View\View->CodeIgniter\View\{closure}()
#1 C:\xampp\htdocs\cursos_ceta\system\Common.php(1089): CodeIgniter\View\View->render('reportes/report...', Array, true)
#2 C:\xampp\htdocs\cursos_ceta\app\Controllers\Reportes.php(48): view('reportes/report...')
#3 C:\xampp\htdocs\cursos_ceta\system\CodeIgniter.php(832): App\Controllers\Reportes->index()
#4 C:\xampp\htdocs\cursos_ceta\system\CodeIgniter.php(419): CodeIgniter\CodeIgniter->runController(Object(App\Controllers\Reportes))
#5 C:\xampp\htdocs\cursos_ceta\system\CodeIgniter.php(326): CodeIgniter\CodeIgniter->handleRequest(NULL, Object(Config\Cache), false)
#6 C:\xampp\htdocs\cursos_ceta\public\index.php(37): CodeIgniter\CodeIgniter->run()
#7 {main}
CRITICAL - 2023-11-06 13:26:54 --> Unmatched '}'
#0 C:\xampp\htdocs\cursos_ceta\system\View\View.php(213): CodeIgniter\View\View->CodeIgniter\View\{closure}()
#1 C:\xampp\htdocs\cursos_ceta\system\Common.php(1089): CodeIgniter\View\View->render('reportes/report...', Array, true)
#2 C:\xampp\htdocs\cursos_ceta\app\Controllers\Reportes.php(48): view('reportes/report...')
#3 C:\xampp\htdocs\cursos_ceta\system\CodeIgniter.php(832): App\Controllers\Reportes->index()
#4 C:\xampp\htdocs\cursos_ceta\system\CodeIgniter.php(419): CodeIgniter\CodeIgniter->runController(Object(App\Controllers\Reportes))
#5 C:\xampp\htdocs\cursos_ceta\system\CodeIgniter.php(326): CodeIgniter\CodeIgniter->handleRequest(NULL, Object(Config\Cache), false)
#6 C:\xampp\htdocs\cursos_ceta\public\index.php(37): CodeIgniter\CodeIgniter->run()
#7 {main}
CRITICAL - 2023-11-06 13:28:20 --> Unmatched '}'
#0 C:\xampp\htdocs\cursos_ceta\system\View\View.php(213): CodeIgniter\View\View->CodeIgniter\View\{closure}()
#1 C:\xampp\htdocs\cursos_ceta\system\Common.php(1089): CodeIgniter\View\View->render('reportes/report...', Array, true)
#2 C:\xampp\htdocs\cursos_ceta\app\Controllers\Reportes.php(48): view('reportes/report...')
#3 C:\xampp\htdocs\cursos_ceta\system\CodeIgniter.php(832): App\Controllers\Reportes->index()
#4 C:\xampp\htdocs\cursos_ceta\system\CodeIgniter.php(419): CodeIgniter\CodeIgniter->runController(Object(App\Controllers\Reportes))
#5 C:\xampp\htdocs\cursos_ceta\system\CodeIgniter.php(326): CodeIgniter\CodeIgniter->handleRequest(NULL, Object(Config\Cache), false)
#6 C:\xampp\htdocs\cursos_ceta\public\index.php(37): CodeIgniter\CodeIgniter->run()
#7 {main}
CRITICAL - 2023-11-06 13:32:44 --> Undefined variable $datos
#0 C:\xampp\htdocs\cursos_ceta\app\Views\reportes\reportes.php(27): CodeIgniter\Debug\Exceptions->errorHandler(2, 'Undefined varia...', 'C:\\xampp\\htdocs...', 27)
#1 C:\xampp\htdocs\cursos_ceta\system\View\View.php(210): include('C:\\xampp\\htdocs...')
#2 C:\xampp\htdocs\cursos_ceta\system\View\View.php(213): CodeIgniter\View\View->CodeIgniter\View\{closure}()
#3 C:\xampp\htdocs\cursos_ceta\system\Common.php(1089): CodeIgniter\View\View->render('reportes/report...', Array, true)
#4 C:\xampp\htdocs\cursos_ceta\app\Controllers\Reportes.php(48): view('reportes/report...')
#5 C:\xampp\htdocs\cursos_ceta\system\CodeIgniter.php(832): App\Controllers\Reportes->index()
#6 C:\xampp\htdocs\cursos_ceta\system\CodeIgniter.php(419): CodeIgniter\CodeIgniter->runController(Object(App\Controllers\Reportes))
#7 C:\xampp\htdocs\cursos_ceta\system\CodeIgniter.php(326): CodeIgniter\CodeIgniter->handleRequest(NULL, Object(Config\Cache), false)
#8 C:\xampp\htdocs\cursos_ceta\public\index.php(37): CodeIgniter\CodeIgniter->run()
#9 {main}
CRITICAL - 2023-11-06 13:41:55 --> Undefined variable $datos
#0 C:\xampp\htdocs\cursos_ceta\app\Views\reportes\reportes.php(27): CodeIgniter\Debug\Exceptions->errorHandler(2, 'Undefined varia...', 'C:\\xampp\\htdocs...', 27)
#1 C:\xampp\htdocs\cursos_ceta\system\View\View.php(210): include('C:\\xampp\\htdocs...')
#2 C:\xampp\htdocs\cursos_ceta\system\View\View.php(213): CodeIgniter\View\View->CodeIgniter\View\{closure}()
#3 C:\xampp\htdocs\cursos_ceta\system\Common.php(1089): CodeIgniter\View\View->render('reportes/report...', Array, true)
#4 C:\xampp\htdocs\cursos_ceta\app\Controllers\Reportes.php(48): view('reportes/report...')
#5 C:\xampp\htdocs\cursos_ceta\system\CodeIgniter.php(832): App\Controllers\Reportes->index()
#6 C:\xampp\htdocs\cursos_ceta\system\CodeIgniter.php(419): CodeIgniter\CodeIgniter->runController(Object(App\Controllers\Reportes))
#7 C:\xampp\htdocs\cursos_ceta\system\CodeIgniter.php(326): CodeIgniter\CodeIgniter->handleRequest(NULL, Object(Config\Cache), false)
#8 C:\xampp\htdocs\cursos_ceta\public\index.php(37): CodeIgniter\CodeIgniter->run()
#9 {main}
CRITICAL - 2023-11-06 13:44:15 --> Undefined variable $reportes
#0 C:\xampp\htdocs\cursos_ceta\app\Controllers\Reportes.php(46): CodeIgniter\Debug\Exceptions->errorHandler(2, 'Undefined varia...', 'C:\\xampp\\htdocs...', 46)
#1 C:\xampp\htdocs\cursos_ceta\system\CodeIgniter.php(832): App\Controllers\Reportes->index()
#2 C:\xampp\htdocs\cursos_ceta\system\CodeIgniter.php(419): CodeIgniter\CodeIgniter->runController(Object(App\Controllers\Reportes))
#3 C:\xampp\htdocs\cursos_ceta\system\CodeIgniter.php(326): CodeIgniter\CodeIgniter->handleRequest(NULL, Object(Config\Cache), false)
#4 C:\xampp\htdocs\cursos_ceta\public\index.php(37): CodeIgniter\CodeIgniter->run()
#5 {main}
CRITICAL - 2023-11-06 13:45:06 --> Undefined variable $reportes
#0 C:\xampp\htdocs\cursos_ceta\app\Controllers\Reportes.php(46): CodeIgniter\Debug\Exceptions->errorHandler(2, 'Undefined varia...', 'C:\\xampp\\htdocs...', 46)
#1 C:\xampp\htdocs\cursos_ceta\system\CodeIgniter.php(832): App\Controllers\Reportes->index()
#2 C:\xampp\htdocs\cursos_ceta\system\CodeIgniter.php(419): CodeIgniter\CodeIgniter->runController(Object(App\Controllers\Reportes))
#3 C:\xampp\htdocs\cursos_ceta\system\CodeIgniter.php(326): CodeIgniter\CodeIgniter->handleRequest(NULL, Object(Config\Cache), false)
#4 C:\xampp\htdocs\cursos_ceta\public\index.php(37): CodeIgniter\CodeIgniter->run()
#5 {main}
CRITICAL - 2023-11-06 13:47:36 --> Too few arguments to function CodeIgniter\Database\BaseBuilder::where(), 0 passed in C:\xampp\htdocs\cursos_ceta\system\Model.php on line 728 and at least 1 expected
#0 C:\xampp\htdocs\cursos_ceta\system\Model.php(728): CodeIgniter\Database\BaseBuilder->where()
#1 C:\xampp\htdocs\cursos_ceta\app\Controllers\Reportes.php(45): CodeIgniter\Model->__call('where', Array)
#2 C:\xampp\htdocs\cursos_ceta\system\CodeIgniter.php(832): App\Controllers\Reportes->index()
#3 C:\xampp\htdocs\cursos_ceta\system\CodeIgniter.php(419): CodeIgniter\CodeIgniter->runController(Object(App\Controllers\Reportes))
#4 C:\xampp\htdocs\cursos_ceta\system\CodeIgniter.php(326): CodeIgniter\CodeIgniter->handleRequest(NULL, Object(Config\Cache), false)
#5 C:\xampp\htdocs\cursos_ceta\public\index.php(37): CodeIgniter\CodeIgniter->run()
#6 {main}
ERROR - 2023-11-06 13:51:20 --> ErrorException: pg_query(): Query failed: ERROR:  no existe la relación «registro.fn_reporte3»
LINE 2: FROM &quot;registro&quot;.&quot;fn_reporte3&quot;
             ^ in C:\xampp\htdocs\cursos_ceta\system\Database\Postgre\Connection.php:135
Stack trace:
#0 [internal function]: CodeIgniter\Debug\Exceptions->errorHandler(2, 'pg_query(): Que...', 'C:\\xampp\\htdocs...', 135)
#1 C:\xampp\htdocs\cursos_ceta\system\Database\Postgre\Connection.php(135): pg_query(Object(PgSql\Connection), 'SELECT *\nFROM "...')
#2 C:\xampp\htdocs\cursos_ceta\system\Database\BaseConnection.php(670): CodeIgniter\Database\Postgre\Connection->execute('SELECT *\nFROM "...')
#3 C:\xampp\htdocs\cursos_ceta\system\Database\BaseConnection.php(598): CodeIgniter\Database\BaseConnection->simpleQuery('SELECT *\nFROM "...')
#4 C:\xampp\htdocs\cursos_ceta\system\Database\BaseBuilder.php(1455): CodeIgniter\Database\BaseConnection->query('SELECT *\nFROM "...', Array, false)
#5 C:\xampp\htdocs\cursos_ceta\system\Model.php(183): CodeIgniter\Database\BaseBuilder->get()
#6 C:\xampp\htdocs\cursos_ceta\system\BaseModel.php(584): CodeIgniter\Model->doFindAll(0, 0)
#7 C:\xampp\htdocs\cursos_ceta\app\Controllers\Reportes.php(45): CodeIgniter\BaseModel->findAll()
#8 C:\xampp\htdocs\cursos_ceta\system\CodeIgniter.php(832): App\Controllers\Reportes->index()
#9 C:\xampp\htdocs\cursos_ceta\system\CodeIgniter.php(419): CodeIgniter\CodeIgniter->runController(Object(App\Controllers\Reportes))
#10 C:\xampp\htdocs\cursos_ceta\system\CodeIgniter.php(326): CodeIgniter\CodeIgniter->handleRequest(NULL, Object(Config\Cache), false)
#11 C:\xampp\htdocs\cursos_ceta\public\index.php(37): CodeIgniter\CodeIgniter->run()
#12 {main}
CRITICAL - 2023-11-06 13:51:20 --> Call to a member function getResult() on bool
#0 C:\xampp\htdocs\cursos_ceta\system\BaseModel.php(584): CodeIgniter\Model->doFindAll(0, 0)
#1 C:\xampp\htdocs\cursos_ceta\app\Controllers\Reportes.php(45): CodeIgniter\BaseModel->findAll()
#2 C:\xampp\htdocs\cursos_ceta\system\CodeIgniter.php(832): App\Controllers\Reportes->index()
#3 C:\xampp\htdocs\cursos_ceta\system\CodeIgniter.php(419): CodeIgniter\CodeIgniter->runController(Object(App\Controllers\Reportes))
#4 C:\xampp\htdocs\cursos_ceta\system\CodeIgniter.php(326): CodeIgniter\CodeIgniter->handleRequest(NULL, Object(Config\Cache), false)
#5 C:\xampp\htdocs\cursos_ceta\public\index.php(37): CodeIgniter\CodeIgniter->run()
#6 {main}
CRITICAL - 2023-11-06 13:51:58 --> Trying to access array offset on value of type null
#0 C:\xampp\htdocs\cursos_ceta\app\Views\reportes\reportes.php(29): CodeIgniter\Debug\Exceptions->errorHandler(2, 'Trying to acces...', 'C:\\xampp\\htdocs...', 29)
#1 C:\xampp\htdocs\cursos_ceta\system\View\View.php(210): include('C:\\xampp\\htdocs...')
#2 C:\xampp\htdocs\cursos_ceta\system\View\View.php(213): CodeIgniter\View\View->CodeIgniter\View\{closure}()
#3 C:\xampp\htdocs\cursos_ceta\system\Common.php(1089): CodeIgniter\View\View->render('reportes/report...', Array, true)
#4 C:\xampp\htdocs\cursos_ceta\app\Controllers\Reportes.php(49): view('reportes/report...', Array)
#5 C:\xampp\htdocs\cursos_ceta\system\CodeIgniter.php(832): App\Controllers\Reportes->index()
#6 C:\xampp\htdocs\cursos_ceta\system\CodeIgniter.php(419): CodeIgniter\CodeIgniter->runController(Object(App\Controllers\Reportes))
#7 C:\xampp\htdocs\cursos_ceta\system\CodeIgniter.php(326): CodeIgniter\CodeIgniter->handleRequest(NULL, Object(Config\Cache), false)
#8 C:\xampp\htdocs\cursos_ceta\public\index.php(37): CodeIgniter\CodeIgniter->run()
#9 {main}
CRITICAL - 2023-11-06 13:53:46 --> Trying to access array offset on value of type null
#0 C:\xampp\htdocs\cursos_ceta\app\Views\reportes\reportes.php(29): CodeIgniter\Debug\Exceptions->errorHandler(2, 'Trying to acces...', 'C:\\xampp\\htdocs...', 29)
#1 C:\xampp\htdocs\cursos_ceta\system\View\View.php(210): include('C:\\xampp\\htdocs...')
#2 C:\xampp\htdocs\cursos_ceta\system\View\View.php(213): CodeIgniter\View\View->CodeIgniter\View\{closure}()
#3 C:\xampp\htdocs\cursos_ceta\system\Common.php(1089): CodeIgniter\View\View->render('reportes/report...', Array, true)
#4 C:\xampp\htdocs\cursos_ceta\app\Controllers\Reportes.php(49): view('reportes/report...', Array)
#5 C:\xampp\htdocs\cursos_ceta\system\CodeIgniter.php(832): App\Controllers\Reportes->index()
#6 C:\xampp\htdocs\cursos_ceta\system\CodeIgniter.php(419): CodeIgniter\CodeIgniter->runController(Object(App\Controllers\Reportes))
#7 C:\xampp\htdocs\cursos_ceta\system\CodeIgniter.php(326): CodeIgniter\CodeIgniter->handleRequest(NULL, Object(Config\Cache), false)
#8 C:\xampp\htdocs\cursos_ceta\public\index.php(37): CodeIgniter\CodeIgniter->run()
#9 {main}
CRITICAL - 2023-11-06 14:07:39 --> `App\Models\ReportesModel` model class does not specify a Primary Key.
#0 C:\xampp\htdocs\cursos_ceta\system\Model.php(535): CodeIgniter\Exceptions\ModelException::forNoPrimaryKey('App\\Models\\Repo...')
#1 C:\xampp\htdocs\cursos_ceta\system\Model.php(722): CodeIgniter\Model->builder()
#2 C:\xampp\htdocs\cursos_ceta\app\Controllers\Reportes.php(45): CodeIgniter\Model->__call('where', Array)
#3 C:\xampp\htdocs\cursos_ceta\system\CodeIgniter.php(832): App\Controllers\Reportes->index()
#4 C:\xampp\htdocs\cursos_ceta\system\CodeIgniter.php(419): CodeIgniter\CodeIgniter->runController(Object(App\Controllers\Reportes))
#5 C:\xampp\htdocs\cursos_ceta\system\CodeIgniter.php(326): CodeIgniter\CodeIgniter->handleRequest(NULL, Object(Config\Cache), false)
#6 C:\xampp\htdocs\cursos_ceta\public\index.php(37): CodeIgniter\CodeIgniter->run()
#7 {main}
CRITICAL - 2023-11-06 15:16:23 --> `App\Models\ReportesModel` model class does not specify a Primary Key.
#0 C:\xampp\htdocs\cursos_ceta\system\Model.php(535): CodeIgniter\Exceptions\ModelException::forNoPrimaryKey('App\\Models\\Repo...')
#1 C:\xampp\htdocs\cursos_ceta\system\Model.php(722): CodeIgniter\Model->builder()
#2 C:\xampp\htdocs\cursos_ceta\app\Controllers\Reportes.php(45): CodeIgniter\Model->__call('where', Array)
#3 C:\xampp\htdocs\cursos_ceta\system\CodeIgniter.php(832): App\Controllers\Reportes->index()
#4 C:\xampp\htdocs\cursos_ceta\system\CodeIgniter.php(419): CodeIgniter\CodeIgniter->runController(Object(App\Controllers\Reportes))
#5 C:\xampp\htdocs\cursos_ceta\system\CodeIgniter.php(326): CodeIgniter\CodeIgniter->handleRequest(NULL, Object(Config\Cache), false)
#6 C:\xampp\htdocs\cursos_ceta\public\index.php(37): CodeIgniter\CodeIgniter->run()
#7 {main}
CRITICAL - 2023-11-06 15:16:24 --> `App\Models\ReportesModel` model class does not specify a Primary Key.
#0 C:\xampp\htdocs\cursos_ceta\system\Model.php(535): CodeIgniter\Exceptions\ModelException::forNoPrimaryKey('App\\Models\\Repo...')
#1 C:\xampp\htdocs\cursos_ceta\system\Model.php(722): CodeIgniter\Model->builder()
#2 C:\xampp\htdocs\cursos_ceta\app\Controllers\Reportes.php(45): CodeIgniter\Model->__call('where', Array)
#3 C:\xampp\htdocs\cursos_ceta\system\CodeIgniter.php(832): App\Controllers\Reportes->index()
#4 C:\xampp\htdocs\cursos_ceta\system\CodeIgniter.php(419): CodeIgniter\CodeIgniter->runController(Object(App\Controllers\Reportes))
#5 C:\xampp\htdocs\cursos_ceta\system\CodeIgniter.php(326): CodeIgniter\CodeIgniter->handleRequest(NULL, Object(Config\Cache), false)
#6 C:\xampp\htdocs\cursos_ceta\public\index.php(37): CodeIgniter\CodeIgniter->run()
#7 {main}
CRITICAL - 2023-11-06 15:16:25 --> `App\Models\ReportesModel` model class does not specify a Primary Key.
#0 C:\xampp\htdocs\cursos_ceta\system\Model.php(535): CodeIgniter\Exceptions\ModelException::forNoPrimaryKey('App\\Models\\Repo...')
#1 C:\xampp\htdocs\cursos_ceta\system\Model.php(722): CodeIgniter\Model->builder()
#2 C:\xampp\htdocs\cursos_ceta\app\Controllers\Reportes.php(45): CodeIgniter\Model->__call('where', Array)
#3 C:\xampp\htdocs\cursos_ceta\system\CodeIgniter.php(832): App\Controllers\Reportes->index()
#4 C:\xampp\htdocs\cursos_ceta\system\CodeIgniter.php(419): CodeIgniter\CodeIgniter->runController(Object(App\Controllers\Reportes))
#5 C:\xampp\htdocs\cursos_ceta\system\CodeIgniter.php(326): CodeIgniter\CodeIgniter->handleRequest(NULL, Object(Config\Cache), false)
#6 C:\xampp\htdocs\cursos_ceta\public\index.php(37): CodeIgniter\CodeIgniter->run()
#7 {main}
CRITICAL - 2023-11-06 15:16:25 --> `App\Models\ReportesModel` model class does not specify a Primary Key.
#0 C:\xampp\htdocs\cursos_ceta\system\Model.php(535): CodeIgniter\Exceptions\ModelException::forNoPrimaryKey('App\\Models\\Repo...')
#1 C:\xampp\htdocs\cursos_ceta\system\Model.php(722): CodeIgniter\Model->builder()
#2 C:\xampp\htdocs\cursos_ceta\app\Controllers\Reportes.php(45): CodeIgniter\Model->__call('where', Array)
#3 C:\xampp\htdocs\cursos_ceta\system\CodeIgniter.php(832): App\Controllers\Reportes->index()
#4 C:\xampp\htdocs\cursos_ceta\system\CodeIgniter.php(419): CodeIgniter\CodeIgniter->runController(Object(App\Controllers\Reportes))
#5 C:\xampp\htdocs\cursos_ceta\system\CodeIgniter.php(326): CodeIgniter\CodeIgniter->handleRequest(NULL, Object(Config\Cache), false)
#6 C:\xampp\htdocs\cursos_ceta\public\index.php(37): CodeIgniter\CodeIgniter->run()
#7 {main}
CRITICAL - 2023-11-06 15:16:25 --> `App\Models\ReportesModel` model class does not specify a Primary Key.
#0 C:\xampp\htdocs\cursos_ceta\system\Model.php(535): CodeIgniter\Exceptions\ModelException::forNoPrimaryKey('App\\Models\\Repo...')
#1 C:\xampp\htdocs\cursos_ceta\system\Model.php(722): CodeIgniter\Model->builder()
#2 C:\xampp\htdocs\cursos_ceta\app\Controllers\Reportes.php(45): CodeIgniter\Model->__call('where', Array)
#3 C:\xampp\htdocs\cursos_ceta\system\CodeIgniter.php(832): App\Controllers\Reportes->index()
#4 C:\xampp\htdocs\cursos_ceta\system\CodeIgniter.php(419): CodeIgniter\CodeIgniter->runController(Object(App\Controllers\Reportes))
#5 C:\xampp\htdocs\cursos_ceta\system\CodeIgniter.php(326): CodeIgniter\CodeIgniter->handleRequest(NULL, Object(Config\Cache), false)
#6 C:\xampp\htdocs\cursos_ceta\public\index.php(37): CodeIgniter\CodeIgniter->run()
#7 {main}
CRITICAL - 2023-11-06 15:16:25 --> `App\Models\ReportesModel` model class does not specify a Primary Key.
#0 C:\xampp\htdocs\cursos_ceta\system\Model.php(535): CodeIgniter\Exceptions\ModelException::forNoPrimaryKey('App\\Models\\Repo...')
#1 C:\xampp\htdocs\cursos_ceta\system\Model.php(722): CodeIgniter\Model->builder()
#2 C:\xampp\htdocs\cursos_ceta\app\Controllers\Reportes.php(45): CodeIgniter\Model->__call('where', Array)
#3 C:\xampp\htdocs\cursos_ceta\system\CodeIgniter.php(832): App\Controllers\Reportes->index()
#4 C:\xampp\htdocs\cursos_ceta\system\CodeIgniter.php(419): CodeIgniter\CodeIgniter->runController(Object(App\Controllers\Reportes))
#5 C:\xampp\htdocs\cursos_ceta\system\CodeIgniter.php(326): CodeIgniter\CodeIgniter->handleRequest(NULL, Object(Config\Cache), false)
#6 C:\xampp\htdocs\cursos_ceta\public\index.php(37): CodeIgniter\CodeIgniter->run()
#7 {main}
CRITICAL - 2023-11-06 15:17:59 --> `App\Models\ReportesModel` model class does not specify a Primary Key.
#0 C:\xampp\htdocs\cursos_ceta\system\Model.php(535): CodeIgniter\Exceptions\ModelException::forNoPrimaryKey('App\\Models\\Repo...')
#1 C:\xampp\htdocs\cursos_ceta\system\Model.php(722): CodeIgniter\Model->builder()
#2 C:\xampp\htdocs\cursos_ceta\app\Controllers\Reportes.php(45): CodeIgniter\Model->__call('where', Array)
#3 C:\xampp\htdocs\cursos_ceta\system\CodeIgniter.php(832): App\Controllers\Reportes->index()
#4 C:\xampp\htdocs\cursos_ceta\system\CodeIgniter.php(419): CodeIgniter\CodeIgniter->runController(Object(App\Controllers\Reportes))
#5 C:\xampp\htdocs\cursos_ceta\system\CodeIgniter.php(326): CodeIgniter\CodeIgniter->handleRequest(NULL, Object(Config\Cache), false)
#6 C:\xampp\htdocs\cursos_ceta\public\index.php(37): CodeIgniter\CodeIgniter->run()
#7 {main}
CRITICAL - 2023-11-06 15:18:01 --> `App\Models\ReportesModel` model class does not specify a Primary Key.
#0 C:\xampp\htdocs\cursos_ceta\system\Model.php(535): CodeIgniter\Exceptions\ModelException::forNoPrimaryKey('App\\Models\\Repo...')
#1 C:\xampp\htdocs\cursos_ceta\system\Model.php(722): CodeIgniter\Model->builder()
#2 C:\xampp\htdocs\cursos_ceta\app\Controllers\Reportes.php(45): CodeIgniter\Model->__call('where', Array)
#3 C:\xampp\htdocs\cursos_ceta\system\CodeIgniter.php(832): App\Controllers\Reportes->index()
#4 C:\xampp\htdocs\cursos_ceta\system\CodeIgniter.php(419): CodeIgniter\CodeIgniter->runController(Object(App\Controllers\Reportes))
#5 C:\xampp\htdocs\cursos_ceta\system\CodeIgniter.php(326): CodeIgniter\CodeIgniter->handleRequest(NULL, Object(Config\Cache), false)
#6 C:\xampp\htdocs\cursos_ceta\public\index.php(37): CodeIgniter\CodeIgniter->run()
#7 {main}
CRITICAL - 2023-11-06 15:18:02 --> `App\Models\ReportesModel` model class does not specify a Primary Key.
#0 C:\xampp\htdocs\cursos_ceta\system\Model.php(535): CodeIgniter\Exceptions\ModelException::forNoPrimaryKey('App\\Models\\Repo...')
#1 C:\xampp\htdocs\cursos_ceta\system\Model.php(722): CodeIgniter\Model->builder()
#2 C:\xampp\htdocs\cursos_ceta\app\Controllers\Reportes.php(45): CodeIgniter\Model->__call('where', Array)
#3 C:\xampp\htdocs\cursos_ceta\system\CodeIgniter.php(832): App\Controllers\Reportes->index()
#4 C:\xampp\htdocs\cursos_ceta\system\CodeIgniter.php(419): CodeIgniter\CodeIgniter->runController(Object(App\Controllers\Reportes))
#5 C:\xampp\htdocs\cursos_ceta\system\CodeIgniter.php(326): CodeIgniter\CodeIgniter->handleRequest(NULL, Object(Config\Cache), false)
#6 C:\xampp\htdocs\cursos_ceta\public\index.php(37): CodeIgniter\CodeIgniter->run()
#7 {main}
CRITICAL - 2023-11-06 15:18:02 --> `App\Models\ReportesModel` model class does not specify a Primary Key.
#0 C:\xampp\htdocs\cursos_ceta\system\Model.php(535): CodeIgniter\Exceptions\ModelException::forNoPrimaryKey('App\\Models\\Repo...')
#1 C:\xampp\htdocs\cursos_ceta\system\Model.php(722): CodeIgniter\Model->builder()
#2 C:\xampp\htdocs\cursos_ceta\app\Controllers\Reportes.php(45): CodeIgniter\Model->__call('where', Array)
#3 C:\xampp\htdocs\cursos_ceta\system\CodeIgniter.php(832): App\Controllers\Reportes->index()
#4 C:\xampp\htdocs\cursos_ceta\system\CodeIgniter.php(419): CodeIgniter\CodeIgniter->runController(Object(App\Controllers\Reportes))
#5 C:\xampp\htdocs\cursos_ceta\system\CodeIgniter.php(326): CodeIgniter\CodeIgniter->handleRequest(NULL, Object(Config\Cache), false)
#6 C:\xampp\htdocs\cursos_ceta\public\index.php(37): CodeIgniter\CodeIgniter->run()
#7 {main}
CRITICAL - 2023-11-06 15:18:03 --> `App\Models\ReportesModel` model class does not specify a Primary Key.
#0 C:\xampp\htdocs\cursos_ceta\system\Model.php(535): CodeIgniter\Exceptions\ModelException::forNoPrimaryKey('App\\Models\\Repo...')
#1 C:\xampp\htdocs\cursos_ceta\system\Model.php(722): CodeIgniter\Model->builder()
#2 C:\xampp\htdocs\cursos_ceta\app\Controllers\Reportes.php(45): CodeIgniter\Model->__call('where', Array)
#3 C:\xampp\htdocs\cursos_ceta\system\CodeIgniter.php(832): App\Controllers\Reportes->index()
#4 C:\xampp\htdocs\cursos_ceta\system\CodeIgniter.php(419): CodeIgniter\CodeIgniter->runController(Object(App\Controllers\Reportes))
#5 C:\xampp\htdocs\cursos_ceta\system\CodeIgniter.php(326): CodeIgniter\CodeIgniter->handleRequest(NULL, Object(Config\Cache), false)
#6 C:\xampp\htdocs\cursos_ceta\public\index.php(37): CodeIgniter\CodeIgniter->run()
#7 {main}
CRITICAL - 2023-11-06 15:18:03 --> `App\Models\ReportesModel` model class does not specify a Primary Key.
#0 C:\xampp\htdocs\cursos_ceta\system\Model.php(535): CodeIgniter\Exceptions\ModelException::forNoPrimaryKey('App\\Models\\Repo...')
#1 C:\xampp\htdocs\cursos_ceta\system\Model.php(722): CodeIgniter\Model->builder()
#2 C:\xampp\htdocs\cursos_ceta\app\Controllers\Reportes.php(45): CodeIgniter\Model->__call('where', Array)
#3 C:\xampp\htdocs\cursos_ceta\system\CodeIgniter.php(832): App\Controllers\Reportes->index()
#4 C:\xampp\htdocs\cursos_ceta\system\CodeIgniter.php(419): CodeIgniter\CodeIgniter->runController(Object(App\Controllers\Reportes))
#5 C:\xampp\htdocs\cursos_ceta\system\CodeIgniter.php(326): CodeIgniter\CodeIgniter->handleRequest(NULL, Object(Config\Cache), false)
#6 C:\xampp\htdocs\cursos_ceta\public\index.php(37): CodeIgniter\CodeIgniter->run()
#7 {main}
CRITICAL - 2023-11-06 15:18:03 --> `App\Models\ReportesModel` model class does not specify a Primary Key.
#0 C:\xampp\htdocs\cursos_ceta\system\Model.php(535): CodeIgniter\Exceptions\ModelException::forNoPrimaryKey('App\\Models\\Repo...')
#1 C:\xampp\htdocs\cursos_ceta\system\Model.php(722): CodeIgniter\Model->builder()
#2 C:\xampp\htdocs\cursos_ceta\app\Controllers\Reportes.php(45): CodeIgniter\Model->__call('where', Array)
#3 C:\xampp\htdocs\cursos_ceta\system\CodeIgniter.php(832): App\Controllers\Reportes->index()
#4 C:\xampp\htdocs\cursos_ceta\system\CodeIgniter.php(419): CodeIgniter\CodeIgniter->runController(Object(App\Controllers\Reportes))
#5 C:\xampp\htdocs\cursos_ceta\system\CodeIgniter.php(326): CodeIgniter\CodeIgniter->handleRequest(NULL, Object(Config\Cache), false)
#6 C:\xampp\htdocs\cursos_ceta\public\index.php(37): CodeIgniter\CodeIgniter->run()
#7 {main}
CRITICAL - 2023-11-06 15:18:48 --> `App\Models\ReportesModel` model class does not specify a Primary Key.
#0 C:\xampp\htdocs\cursos_ceta\system\Model.php(535): CodeIgniter\Exceptions\ModelException::forNoPrimaryKey('App\\Models\\Repo...')
#1 C:\xampp\htdocs\cursos_ceta\system\Model.php(722): CodeIgniter\Model->builder()
#2 C:\xampp\htdocs\cursos_ceta\app\Controllers\Reportes.php(45): CodeIgniter\Model->__call('where', Array)
#3 C:\xampp\htdocs\cursos_ceta\system\CodeIgniter.php(832): App\Controllers\Reportes->index()
#4 C:\xampp\htdocs\cursos_ceta\system\CodeIgniter.php(419): CodeIgniter\CodeIgniter->runController(Object(App\Controllers\Reportes))
#5 C:\xampp\htdocs\cursos_ceta\system\CodeIgniter.php(326): CodeIgniter\CodeIgniter->handleRequest(NULL, Object(Config\Cache), false)
#6 C:\xampp\htdocs\cursos_ceta\public\index.php(37): CodeIgniter\CodeIgniter->run()
#7 {main}
CRITICAL - 2023-11-06 15:18:50 --> `App\Models\ReportesModel` model class does not specify a Primary Key.
#0 C:\xampp\htdocs\cursos_ceta\system\Model.php(535): CodeIgniter\Exceptions\ModelException::forNoPrimaryKey('App\\Models\\Repo...')
#1 C:\xampp\htdocs\cursos_ceta\system\Model.php(722): CodeIgniter\Model->builder()
#2 C:\xampp\htdocs\cursos_ceta\app\Controllers\Reportes.php(45): CodeIgniter\Model->__call('where', Array)
#3 C:\xampp\htdocs\cursos_ceta\system\CodeIgniter.php(832): App\Controllers\Reportes->index()
#4 C:\xampp\htdocs\cursos_ceta\system\CodeIgniter.php(419): CodeIgniter\CodeIgniter->runController(Object(App\Controllers\Reportes))
#5 C:\xampp\htdocs\cursos_ceta\system\CodeIgniter.php(326): CodeIgniter\CodeIgniter->handleRequest(NULL, Object(Config\Cache), false)
#6 C:\xampp\htdocs\cursos_ceta\public\index.php(37): CodeIgniter\CodeIgniter->run()
#7 {main}
CRITICAL - 2023-11-06 15:18:51 --> `App\Models\ReportesModel` model class does not specify a Primary Key.
#0 C:\xampp\htdocs\cursos_ceta\system\Model.php(535): CodeIgniter\Exceptions\ModelException::forNoPrimaryKey('App\\Models\\Repo...')
#1 C:\xampp\htdocs\cursos_ceta\system\Model.php(722): CodeIgniter\Model->builder()
#2 C:\xampp\htdocs\cursos_ceta\app\Controllers\Reportes.php(45): CodeIgniter\Model->__call('where', Array)
#3 C:\xampp\htdocs\cursos_ceta\system\CodeIgniter.php(832): App\Controllers\Reportes->index()
#4 C:\xampp\htdocs\cursos_ceta\system\CodeIgniter.php(419): CodeIgniter\CodeIgniter->runController(Object(App\Controllers\Reportes))
#5 C:\xampp\htdocs\cursos_ceta\system\CodeIgniter.php(326): CodeIgniter\CodeIgniter->handleRequest(NULL, Object(Config\Cache), false)
#6 C:\xampp\htdocs\cursos_ceta\public\index.php(37): CodeIgniter\CodeIgniter->run()
#7 {main}
CRITICAL - 2023-11-06 15:18:51 --> `App\Models\ReportesModel` model class does not specify a Primary Key.
#0 C:\xampp\htdocs\cursos_ceta\system\Model.php(535): CodeIgniter\Exceptions\ModelException::forNoPrimaryKey('App\\Models\\Repo...')
#1 C:\xampp\htdocs\cursos_ceta\system\Model.php(722): CodeIgniter\Model->builder()
#2 C:\xampp\htdocs\cursos_ceta\app\Controllers\Reportes.php(45): CodeIgniter\Model->__call('where', Array)
#3 C:\xampp\htdocs\cursos_ceta\system\CodeIgniter.php(832): App\Controllers\Reportes->index()
#4 C:\xampp\htdocs\cursos_ceta\system\CodeIgniter.php(419): CodeIgniter\CodeIgniter->runController(Object(App\Controllers\Reportes))
#5 C:\xampp\htdocs\cursos_ceta\system\CodeIgniter.php(326): CodeIgniter\CodeIgniter->handleRequest(NULL, Object(Config\Cache), false)
#6 C:\xampp\htdocs\cursos_ceta\public\index.php(37): CodeIgniter\CodeIgniter->run()
#7 {main}
CRITICAL - 2023-11-06 15:18:51 --> `App\Models\ReportesModel` model class does not specify a Primary Key.
#0 C:\xampp\htdocs\cursos_ceta\system\Model.php(535): CodeIgniter\Exceptions\ModelException::forNoPrimaryKey('App\\Models\\Repo...')
#1 C:\xampp\htdocs\cursos_ceta\system\Model.php(722): CodeIgniter\Model->builder()
#2 C:\xampp\htdocs\cursos_ceta\app\Controllers\Reportes.php(45): CodeIgniter\Model->__call('where', Array)
#3 C:\xampp\htdocs\cursos_ceta\system\CodeIgniter.php(832): App\Controllers\Reportes->index()
#4 C:\xampp\htdocs\cursos_ceta\system\CodeIgniter.php(419): CodeIgniter\CodeIgniter->runController(Object(App\Controllers\Reportes))
#5 C:\xampp\htdocs\cursos_ceta\system\CodeIgniter.php(326): CodeIgniter\CodeIgniter->handleRequest(NULL, Object(Config\Cache), false)
#6 C:\xampp\htdocs\cursos_ceta\public\index.php(37): CodeIgniter\CodeIgniter->run()
#7 {main}
CRITICAL - 2023-11-06 15:19:14 --> `App\Models\ReportesModel` model class does not specify a Primary Key.
#0 C:\xampp\htdocs\cursos_ceta\system\Model.php(535): CodeIgniter\Exceptions\ModelException::forNoPrimaryKey('App\\Models\\Repo...')
#1 C:\xampp\htdocs\cursos_ceta\system\Model.php(722): CodeIgniter\Model->builder()
#2 C:\xampp\htdocs\cursos_ceta\app\Controllers\Reportes.php(45): CodeIgniter\Model->__call('where', Array)
#3 C:\xampp\htdocs\cursos_ceta\system\CodeIgniter.php(832): App\Controllers\Reportes->index()
#4 C:\xampp\htdocs\cursos_ceta\system\CodeIgniter.php(419): CodeIgniter\CodeIgniter->runController(Object(App\Controllers\Reportes))
#5 C:\xampp\htdocs\cursos_ceta\system\CodeIgniter.php(326): CodeIgniter\CodeIgniter->handleRequest(NULL, Object(Config\Cache), false)
#6 C:\xampp\htdocs\cursos_ceta\public\index.php(37): CodeIgniter\CodeIgniter->run()
#7 {main}
CRITICAL - 2023-11-06 15:20:28 --> `App\Models\ReportesModel` model class does not specify a Primary Key.
#0 C:\xampp\htdocs\cursos_ceta\system\Model.php(535): CodeIgniter\Exceptions\ModelException::forNoPrimaryKey('App\\Models\\Repo...')
#1 C:\xampp\htdocs\cursos_ceta\system\Model.php(722): CodeIgniter\Model->builder()
#2 C:\xampp\htdocs\cursos_ceta\app\Controllers\Reportes.php(45): CodeIgniter\Model->__call('where', Array)
#3 C:\xampp\htdocs\cursos_ceta\system\CodeIgniter.php(832): App\Controllers\Reportes->index()
#4 C:\xampp\htdocs\cursos_ceta\system\CodeIgniter.php(419): CodeIgniter\CodeIgniter->runController(Object(App\Controllers\Reportes))
#5 C:\xampp\htdocs\cursos_ceta\system\CodeIgniter.php(326): CodeIgniter\CodeIgniter->handleRequest(NULL, Object(Config\Cache), false)
#6 C:\xampp\htdocs\cursos_ceta\public\index.php(37): CodeIgniter\CodeIgniter->run()
#7 {main}
CRITICAL - 2023-11-06 15:20:29 --> `App\Models\ReportesModel` model class does not specify a Primary Key.
#0 C:\xampp\htdocs\cursos_ceta\system\Model.php(535): CodeIgniter\Exceptions\ModelException::forNoPrimaryKey('App\\Models\\Repo...')
#1 C:\xampp\htdocs\cursos_ceta\system\Model.php(722): CodeIgniter\Model->builder()
#2 C:\xampp\htdocs\cursos_ceta\app\Controllers\Reportes.php(45): CodeIgniter\Model->__call('where', Array)
#3 C:\xampp\htdocs\cursos_ceta\system\CodeIgniter.php(832): App\Controllers\Reportes->index()
#4 C:\xampp\htdocs\cursos_ceta\system\CodeIgniter.php(419): CodeIgniter\CodeIgniter->runController(Object(App\Controllers\Reportes))
#5 C:\xampp\htdocs\cursos_ceta\system\CodeIgniter.php(326): CodeIgniter\CodeIgniter->handleRequest(NULL, Object(Config\Cache), false)
#6 C:\xampp\htdocs\cursos_ceta\public\index.php(37): CodeIgniter\CodeIgniter->run()
#7 {main}
CRITICAL - 2023-11-06 15:20:30 --> `App\Models\ReportesModel` model class does not specify a Primary Key.
#0 C:\xampp\htdocs\cursos_ceta\system\Model.php(535): CodeIgniter\Exceptions\ModelException::forNoPrimaryKey('App\\Models\\Repo...')
#1 C:\xampp\htdocs\cursos_ceta\system\Model.php(722): CodeIgniter\Model->builder()
#2 C:\xampp\htdocs\cursos_ceta\app\Controllers\Reportes.php(45): CodeIgniter\Model->__call('where', Array)
#3 C:\xampp\htdocs\cursos_ceta\system\CodeIgniter.php(832): App\Controllers\Reportes->index()
#4 C:\xampp\htdocs\cursos_ceta\system\CodeIgniter.php(419): CodeIgniter\CodeIgniter->runController(Object(App\Controllers\Reportes))
#5 C:\xampp\htdocs\cursos_ceta\system\CodeIgniter.php(326): CodeIgniter\CodeIgniter->handleRequest(NULL, Object(Config\Cache), false)
#6 C:\xampp\htdocs\cursos_ceta\public\index.php(37): CodeIgniter\CodeIgniter->run()
#7 {main}
CRITICAL - 2023-11-06 15:20:30 --> `App\Models\ReportesModel` model class does not specify a Primary Key.
#0 C:\xampp\htdocs\cursos_ceta\system\Model.php(535): CodeIgniter\Exceptions\ModelException::forNoPrimaryKey('App\\Models\\Repo...')
#1 C:\xampp\htdocs\cursos_ceta\system\Model.php(722): CodeIgniter\Model->builder()
#2 C:\xampp\htdocs\cursos_ceta\app\Controllers\Reportes.php(45): CodeIgniter\Model->__call('where', Array)
#3 C:\xampp\htdocs\cursos_ceta\system\CodeIgniter.php(832): App\Controllers\Reportes->index()
#4 C:\xampp\htdocs\cursos_ceta\system\CodeIgniter.php(419): CodeIgniter\CodeIgniter->runController(Object(App\Controllers\Reportes))
#5 C:\xampp\htdocs\cursos_ceta\system\CodeIgniter.php(326): CodeIgniter\CodeIgniter->handleRequest(NULL, Object(Config\Cache), false)
#6 C:\xampp\htdocs\cursos_ceta\public\index.php(37): CodeIgniter\CodeIgniter->run()
#7 {main}
CRITICAL - 2023-11-06 15:20:51 --> Trying to access array offset on value of type null
#0 C:\xampp\htdocs\cursos_ceta\app\Views\reportes\reportes.php(24): CodeIgniter\Debug\Exceptions->errorHandler(2, 'Trying to acces...', 'C:\\xampp\\htdocs...', 24)
#1 C:\xampp\htdocs\cursos_ceta\system\View\View.php(210): include('C:\\xampp\\htdocs...')
#2 C:\xampp\htdocs\cursos_ceta\system\View\View.php(213): CodeIgniter\View\View->CodeIgniter\View\{closure}()
#3 C:\xampp\htdocs\cursos_ceta\system\Common.php(1089): CodeIgniter\View\View->render('reportes/report...', Array, true)
#4 C:\xampp\htdocs\cursos_ceta\app\Controllers\Reportes.php(49): view('reportes/report...', Array)
#5 C:\xampp\htdocs\cursos_ceta\system\CodeIgniter.php(832): App\Controllers\Reportes->index()
#6 C:\xampp\htdocs\cursos_ceta\system\CodeIgniter.php(419): CodeIgniter\CodeIgniter->runController(Object(App\Controllers\Reportes))
#7 C:\xampp\htdocs\cursos_ceta\system\CodeIgniter.php(326): CodeIgniter\CodeIgniter->handleRequest(NULL, Object(Config\Cache), false)
#8 C:\xampp\htdocs\cursos_ceta\public\index.php(37): CodeIgniter\CodeIgniter->run()
#9 {main}
CRITICAL - 2023-11-06 15:22:23 --> Trying to access array offset on value of type null
#0 C:\xampp\htdocs\cursos_ceta\app\Views\reportes\reportes.php(24): CodeIgniter\Debug\Exceptions->errorHandler(2, 'Trying to acces...', 'C:\\xampp\\htdocs...', 24)
#1 C:\xampp\htdocs\cursos_ceta\system\View\View.php(210): include('C:\\xampp\\htdocs...')
#2 C:\xampp\htdocs\cursos_ceta\system\View\View.php(213): CodeIgniter\View\View->CodeIgniter\View\{closure}()
#3 C:\xampp\htdocs\cursos_ceta\system\Common.php(1089): CodeIgniter\View\View->render('reportes/report...', Array, true)
#4 C:\xampp\htdocs\cursos_ceta\app\Controllers\Reportes.php(49): view('reportes/report...', Array)
#5 C:\xampp\htdocs\cursos_ceta\system\CodeIgniter.php(832): App\Controllers\Reportes->index()
#6 C:\xampp\htdocs\cursos_ceta\system\CodeIgniter.php(419): CodeIgniter\CodeIgniter->runController(Object(App\Controllers\Reportes))
#7 C:\xampp\htdocs\cursos_ceta\system\CodeIgniter.php(326): CodeIgniter\CodeIgniter->handleRequest(NULL, Object(Config\Cache), false)
#8 C:\xampp\htdocs\cursos_ceta\public\index.php(37): CodeIgniter\CodeIgniter->run()
#9 {main}
CRITICAL - 2023-11-06 15:22:25 --> Trying to access array offset on value of type null
#0 C:\xampp\htdocs\cursos_ceta\app\Views\reportes\reportes.php(24): CodeIgniter\Debug\Exceptions->errorHandler(2, 'Trying to acces...', 'C:\\xampp\\htdocs...', 24)
#1 C:\xampp\htdocs\cursos_ceta\system\View\View.php(210): include('C:\\xampp\\htdocs...')
#2 C:\xampp\htdocs\cursos_ceta\system\View\View.php(213): CodeIgniter\View\View->CodeIgniter\View\{closure}()
#3 C:\xampp\htdocs\cursos_ceta\system\Common.php(1089): CodeIgniter\View\View->render('reportes/report...', Array, true)
#4 C:\xampp\htdocs\cursos_ceta\app\Controllers\Reportes.php(49): view('reportes/report...', Array)
#5 C:\xampp\htdocs\cursos_ceta\system\CodeIgniter.php(832): App\Controllers\Reportes->index()
#6 C:\xampp\htdocs\cursos_ceta\system\CodeIgniter.php(419): CodeIgniter\CodeIgniter->runController(Object(App\Controllers\Reportes))
#7 C:\xampp\htdocs\cursos_ceta\system\CodeIgniter.php(326): CodeIgniter\CodeIgniter->handleRequest(NULL, Object(Config\Cache), false)
#8 C:\xampp\htdocs\cursos_ceta\public\index.php(37): CodeIgniter\CodeIgniter->run()
#9 {main}
CRITICAL - 2023-11-06 15:22:25 --> Trying to access array offset on value of type null
#0 C:\xampp\htdocs\cursos_ceta\app\Views\reportes\reportes.php(24): CodeIgniter\Debug\Exceptions->errorHandler(2, 'Trying to acces...', 'C:\\xampp\\htdocs...', 24)
#1 C:\xampp\htdocs\cursos_ceta\system\View\View.php(210): include('C:\\xampp\\htdocs...')
#2 C:\xampp\htdocs\cursos_ceta\system\View\View.php(213): CodeIgniter\View\View->CodeIgniter\View\{closure}()
#3 C:\xampp\htdocs\cursos_ceta\system\Common.php(1089): CodeIgniter\View\View->render('reportes/report...', Array, true)
#4 C:\xampp\htdocs\cursos_ceta\app\Controllers\Reportes.php(49): view('reportes/report...', Array)
#5 C:\xampp\htdocs\cursos_ceta\system\CodeIgniter.php(832): App\Controllers\Reportes->index()
#6 C:\xampp\htdocs\cursos_ceta\system\CodeIgniter.php(419): CodeIgniter\CodeIgniter->runController(Object(App\Controllers\Reportes))
#7 C:\xampp\htdocs\cursos_ceta\system\CodeIgniter.php(326): CodeIgniter\CodeIgniter->handleRequest(NULL, Object(Config\Cache), false)
#8 C:\xampp\htdocs\cursos_ceta\public\index.php(37): CodeIgniter\CodeIgniter->run()
#9 {main}
CRITICAL - 2023-11-06 15:22:25 --> Trying to access array offset on value of type null
#0 C:\xampp\htdocs\cursos_ceta\app\Views\reportes\reportes.php(24): CodeIgniter\Debug\Exceptions->errorHandler(2, 'Trying to acces...', 'C:\\xampp\\htdocs...', 24)
#1 C:\xampp\htdocs\cursos_ceta\system\View\View.php(210): include('C:\\xampp\\htdocs...')
#2 C:\xampp\htdocs\cursos_ceta\system\View\View.php(213): CodeIgniter\View\View->CodeIgniter\View\{closure}()
#3 C:\xampp\htdocs\cursos_ceta\system\Common.php(1089): CodeIgniter\View\View->render('reportes/report...', Array, true)
#4 C:\xampp\htdocs\cursos_ceta\app\Controllers\Reportes.php(49): view('reportes/report...', Array)
#5 C:\xampp\htdocs\cursos_ceta\system\CodeIgniter.php(832): App\Controllers\Reportes->index()
#6 C:\xampp\htdocs\cursos_ceta\system\CodeIgniter.php(419): CodeIgniter\CodeIgniter->runController(Object(App\Controllers\Reportes))
#7 C:\xampp\htdocs\cursos_ceta\system\CodeIgniter.php(326): CodeIgniter\CodeIgniter->handleRequest(NULL, Object(Config\Cache), false)
#8 C:\xampp\htdocs\cursos_ceta\public\index.php(37): CodeIgniter\CodeIgniter->run()
#9 {main}
CRITICAL - 2023-11-06 15:29:28 --> Trying to access array offset on value of type null
#0 C:\xampp\htdocs\cursos_ceta\app\Views\reportes\reportes.php(24): CodeIgniter\Debug\Exceptions->errorHandler(2, 'Trying to acces...', 'C:\\xampp\\htdocs...', 24)
#1 C:\xampp\htdocs\cursos_ceta\system\View\View.php(210): include('C:\\xampp\\htdocs...')
#2 C:\xampp\htdocs\cursos_ceta\system\View\View.php(213): CodeIgniter\View\View->CodeIgniter\View\{closure}()
#3 C:\xampp\htdocs\cursos_ceta\system\Common.php(1089): CodeIgniter\View\View->render('reportes/report...', Array, true)
#4 C:\xampp\htdocs\cursos_ceta\app\Controllers\Reportes.php(49): view('reportes/report...', Array)
#5 C:\xampp\htdocs\cursos_ceta\system\CodeIgniter.php(832): App\Controllers\Reportes->index()
#6 C:\xampp\htdocs\cursos_ceta\system\CodeIgniter.php(419): CodeIgniter\CodeIgniter->runController(Object(App\Controllers\Reportes))
#7 C:\xampp\htdocs\cursos_ceta\system\CodeIgniter.php(326): CodeIgniter\CodeIgniter->handleRequest(NULL, Object(Config\Cache), false)
#8 C:\xampp\htdocs\cursos_ceta\public\index.php(37): CodeIgniter\CodeIgniter->run()
#9 {main}
CRITICAL - 2023-11-06 15:51:08 --> Trying to access array offset on value of type null
#0 C:\xampp\htdocs\cursos_ceta\app\Views\reportes\reportes.php(24): CodeIgniter\Debug\Exceptions->errorHandler(2, 'Trying to acces...', 'C:\\xampp\\htdocs...', 24)
#1 C:\xampp\htdocs\cursos_ceta\system\View\View.php(210): include('C:\\xampp\\htdocs...')
#2 C:\xampp\htdocs\cursos_ceta\system\View\View.php(213): CodeIgniter\View\View->CodeIgniter\View\{closure}()
#3 C:\xampp\htdocs\cursos_ceta\system\Common.php(1089): CodeIgniter\View\View->render('reportes/report...', Array, true)
#4 C:\xampp\htdocs\cursos_ceta\app\Controllers\Reportes.php(49): view('reportes/report...', Array)
#5 C:\xampp\htdocs\cursos_ceta\system\CodeIgniter.php(832): App\Controllers\Reportes->index()
#6 C:\xampp\htdocs\cursos_ceta\system\CodeIgniter.php(419): CodeIgniter\CodeIgniter->runController(Object(App\Controllers\Reportes))
#7 C:\xampp\htdocs\cursos_ceta\system\CodeIgniter.php(326): CodeIgniter\CodeIgniter->handleRequest(NULL, Object(Config\Cache), false)
#8 C:\xampp\htdocs\cursos_ceta\public\index.php(37): CodeIgniter\CodeIgniter->run()
#9 {main}
CRITICAL - 2023-11-06 15:51:23 --> Trying to access array offset on value of type null
#0 C:\xampp\htdocs\cursos_ceta\app\Views\reportes\reportes.php(24): CodeIgniter\Debug\Exceptions->errorHandler(2, 'Trying to acces...', 'C:\\xampp\\htdocs...', 24)
#1 C:\xampp\htdocs\cursos_ceta\system\View\View.php(210): include('C:\\xampp\\htdocs...')
#2 C:\xampp\htdocs\cursos_ceta\system\View\View.php(213): CodeIgniter\View\View->CodeIgniter\View\{closure}()
#3 C:\xampp\htdocs\cursos_ceta\system\Common.php(1089): CodeIgniter\View\View->render('reportes/report...', Array, true)
#4 C:\xampp\htdocs\cursos_ceta\app\Controllers\Reportes.php(49): view('reportes/report...', Array)
#5 C:\xampp\htdocs\cursos_ceta\system\CodeIgniter.php(832): App\Controllers\Reportes->index()
#6 C:\xampp\htdocs\cursos_ceta\system\CodeIgniter.php(419): CodeIgniter\CodeIgniter->runController(Object(App\Controllers\Reportes))
#7 C:\xampp\htdocs\cursos_ceta\system\CodeIgniter.php(326): CodeIgniter\CodeIgniter->handleRequest(NULL, Object(Config\Cache), false)
#8 C:\xampp\htdocs\cursos_ceta\public\index.php(37): CodeIgniter\CodeIgniter->run()
#9 {main}
CRITICAL - 2023-11-06 15:52:05 --> Trying to access array offset on value of type null
#0 C:\xampp\htdocs\cursos_ceta\app\Views\reportes\reportes.php(24): CodeIgniter\Debug\Exceptions->errorHandler(2, 'Trying to acces...', 'C:\\xampp\\htdocs...', 24)
#1 C:\xampp\htdocs\cursos_ceta\system\View\View.php(210): include('C:\\xampp\\htdocs...')
#2 C:\xampp\htdocs\cursos_ceta\system\View\View.php(213): CodeIgniter\View\View->CodeIgniter\View\{closure}()
#3 C:\xampp\htdocs\cursos_ceta\system\Common.php(1089): CodeIgniter\View\View->render('reportes/report...', Array, true)
#4 C:\xampp\htdocs\cursos_ceta\app\Controllers\Reportes.php(49): view('reportes/report...', Array)
#5 C:\xampp\htdocs\cursos_ceta\system\CodeIgniter.php(832): App\Controllers\Reportes->index()
#6 C:\xampp\htdocs\cursos_ceta\system\CodeIgniter.php(419): CodeIgniter\CodeIgniter->runController(Object(App\Controllers\Reportes))
#7 C:\xampp\htdocs\cursos_ceta\system\CodeIgniter.php(326): CodeIgniter\CodeIgniter->handleRequest(NULL, Object(Config\Cache), false)
#8 C:\xampp\htdocs\cursos_ceta\public\index.php(37): CodeIgniter\CodeIgniter->run()
#9 {main}
CRITICAL - 2023-11-06 15:52:26 --> Trying to access array offset on value of type null
#0 C:\xampp\htdocs\cursos_ceta\app\Views\reportes\reportes.php(24): CodeIgniter\Debug\Exceptions->errorHandler(2, 'Trying to acces...', 'C:\\xampp\\htdocs...', 24)
#1 C:\xampp\htdocs\cursos_ceta\system\View\View.php(210): include('C:\\xampp\\htdocs...')
#2 C:\xampp\htdocs\cursos_ceta\system\View\View.php(213): CodeIgniter\View\View->CodeIgniter\View\{closure}()
#3 C:\xampp\htdocs\cursos_ceta\system\Common.php(1089): CodeIgniter\View\View->render('reportes/report...', Array, true)
#4 C:\xampp\htdocs\cursos_ceta\app\Controllers\Reportes.php(49): view('reportes/report...', Array)
#5 C:\xampp\htdocs\cursos_ceta\system\CodeIgniter.php(832): App\Controllers\Reportes->index()
#6 C:\xampp\htdocs\cursos_ceta\system\CodeIgniter.php(419): CodeIgniter\CodeIgniter->runController(Object(App\Controllers\Reportes))
#7 C:\xampp\htdocs\cursos_ceta\system\CodeIgniter.php(326): CodeIgniter\CodeIgniter->handleRequest(NULL, Object(Config\Cache), false)
#8 C:\xampp\htdocs\cursos_ceta\public\index.php(37): CodeIgniter\CodeIgniter->run()
#9 {main}
CRITICAL - 2023-11-06 15:52:28 --> Trying to access array offset on value of type null
#0 C:\xampp\htdocs\cursos_ceta\app\Views\reportes\reportes.php(24): CodeIgniter\Debug\Exceptions->errorHandler(2, 'Trying to acces...', 'C:\\xampp\\htdocs...', 24)
#1 C:\xampp\htdocs\cursos_ceta\system\View\View.php(210): include('C:\\xampp\\htdocs...')
#2 C:\xampp\htdocs\cursos_ceta\system\View\View.php(213): CodeIgniter\View\View->CodeIgniter\View\{closure}()
#3 C:\xampp\htdocs\cursos_ceta\system\Common.php(1089): CodeIgniter\View\View->render('reportes/report...', Array, true)
#4 C:\xampp\htdocs\cursos_ceta\app\Controllers\Reportes.php(49): view('reportes/report...', Array)
#5 C:\xampp\htdocs\cursos_ceta\system\CodeIgniter.php(832): App\Controllers\Reportes->index()
#6 C:\xampp\htdocs\cursos_ceta\system\CodeIgniter.php(419): CodeIgniter\CodeIgniter->runController(Object(App\Controllers\Reportes))
#7 C:\xampp\htdocs\cursos_ceta\system\CodeIgniter.php(326): CodeIgniter\CodeIgniter->handleRequest(NULL, Object(Config\Cache), false)
#8 C:\xampp\htdocs\cursos_ceta\public\index.php(37): CodeIgniter\CodeIgniter->run()
#9 {main}
CRITICAL - 2023-11-06 15:52:28 --> Trying to access array offset on value of type null
#0 C:\xampp\htdocs\cursos_ceta\app\Views\reportes\reportes.php(24): CodeIgniter\Debug\Exceptions->errorHandler(2, 'Trying to acces...', 'C:\\xampp\\htdocs...', 24)
#1 C:\xampp\htdocs\cursos_ceta\system\View\View.php(210): include('C:\\xampp\\htdocs...')
#2 C:\xampp\htdocs\cursos_ceta\system\View\View.php(213): CodeIgniter\View\View->CodeIgniter\View\{closure}()
#3 C:\xampp\htdocs\cursos_ceta\system\Common.php(1089): CodeIgniter\View\View->render('reportes/report...', Array, true)
#4 C:\xampp\htdocs\cursos_ceta\app\Controllers\Reportes.php(49): view('reportes/report...', Array)
#5 C:\xampp\htdocs\cursos_ceta\system\CodeIgniter.php(832): App\Controllers\Reportes->index()
#6 C:\xampp\htdocs\cursos_ceta\system\CodeIgniter.php(419): CodeIgniter\CodeIgniter->runController(Object(App\Controllers\Reportes))
#7 C:\xampp\htdocs\cursos_ceta\system\CodeIgniter.php(326): CodeIgniter\CodeIgniter->handleRequest(NULL, Object(Config\Cache), false)
#8 C:\xampp\htdocs\cursos_ceta\public\index.php(37): CodeIgniter\CodeIgniter->run()
#9 {main}
CRITICAL - 2023-11-06 15:54:36 --> Too few arguments to function CodeIgniter\Database\BaseBuilder::where(), 0 passed in C:\xampp\htdocs\cursos_ceta\system\Model.php on line 728 and at least 1 expected
#0 C:\xampp\htdocs\cursos_ceta\system\Model.php(728): CodeIgniter\Database\BaseBuilder->where()
#1 C:\xampp\htdocs\cursos_ceta\app\Controllers\Reportes.php(45): CodeIgniter\Model->__call('where', Array)
#2 C:\xampp\htdocs\cursos_ceta\system\CodeIgniter.php(832): App\Controllers\Reportes->index()
#3 C:\xampp\htdocs\cursos_ceta\system\CodeIgniter.php(419): CodeIgniter\CodeIgniter->runController(Object(App\Controllers\Reportes))
#4 C:\xampp\htdocs\cursos_ceta\system\CodeIgniter.php(326): CodeIgniter\CodeIgniter->handleRequest(NULL, Object(Config\Cache), false)
#5 C:\xampp\htdocs\cursos_ceta\public\index.php(37): CodeIgniter\CodeIgniter->run()
#6 {main}
CRITICAL - 2023-11-06 15:55:04 --> Trying to access array offset on value of type null
#0 C:\xampp\htdocs\cursos_ceta\app\Views\reportes\reportes.php(24): CodeIgniter\Debug\Exceptions->errorHandler(2, 'Trying to acces...', 'C:\\xampp\\htdocs...', 24)
#1 C:\xampp\htdocs\cursos_ceta\system\View\View.php(210): include('C:\\xampp\\htdocs...')
#2 C:\xampp\htdocs\cursos_ceta\system\View\View.php(213): CodeIgniter\View\View->CodeIgniter\View\{closure}()
#3 C:\xampp\htdocs\cursos_ceta\system\Common.php(1089): CodeIgniter\View\View->render('reportes/report...', Array, true)
#4 C:\xampp\htdocs\cursos_ceta\app\Controllers\Reportes.php(49): view('reportes/report...', Array)
#5 C:\xampp\htdocs\cursos_ceta\system\CodeIgniter.php(832): App\Controllers\Reportes->index()
#6 C:\xampp\htdocs\cursos_ceta\system\CodeIgniter.php(419): CodeIgniter\CodeIgniter->runController(Object(App\Controllers\Reportes))
#7 C:\xampp\htdocs\cursos_ceta\system\CodeIgniter.php(326): CodeIgniter\CodeIgniter->handleRequest(NULL, Object(Config\Cache), false)
#8 C:\xampp\htdocs\cursos_ceta\public\index.php(37): CodeIgniter\CodeIgniter->run()
#9 {main}
