CRITICAL - 2023-10-17 20:52:42 --> syntax error, unexpected single-quoted string "password", expecting "]"
#0 C:\xampp\htdocs\cursos_ceta\system\Autoloader\Autoloader.php(241): CodeIgniter\Autoloader\Autoloader->includeFile('C:\\xampp\\htdocs...')
#1 C:\xampp\htdocs\cursos_ceta\system\Autoloader\Autoloader.php(219): CodeIgniter\Autoloader\Autoloader->loadInNamespace('App\\Models\\Usua...')
#2 C:\xampp\htdocs\cursos_ceta\app\Controllers\Usuarios.php(18): CodeIgniter\Autoloader\Autoloader->loadClass('App\\Models\\Usua...')
#3 C:\xampp\htdocs\cursos_ceta\system\CodeIgniter.php(809): App\Controllers\Usuarios->__construct()
#4 C:\xampp\htdocs\cursos_ceta\system\CodeIgniter.php(410): CodeIgniter\CodeIgniter->createController()
#5 C:\xampp\htdocs\cursos_ceta\system\CodeIgniter.php(326): CodeIgniter\CodeIgniter->handleRequest(NULL, Object(Config\Cache), false)
#6 C:\xampp\htdocs\cursos_ceta\public\index.php(37): CodeIgniter\CodeIgniter->run()
#7 {main}
CRITICAL - 2023-10-17 20:52:51 --> syntax error, unexpected single-quoted string "password", expecting "]"
#0 C:\xampp\htdocs\cursos_ceta\system\Autoloader\Autoloader.php(241): CodeIgniter\Autoloader\Autoloader->includeFile('C:\\xampp\\htdocs...')
#1 C:\xampp\htdocs\cursos_ceta\system\Autoloader\Autoloader.php(219): CodeIgniter\Autoloader\Autoloader->loadInNamespace('App\\Models\\Usua...')
#2 C:\xampp\htdocs\cursos_ceta\app\Controllers\Usuarios.php(18): CodeIgniter\Autoloader\Autoloader->loadClass('App\\Models\\Usua...')
#3 C:\xampp\htdocs\cursos_ceta\system\CodeIgniter.php(809): App\Controllers\Usuarios->__construct()
#4 C:\xampp\htdocs\cursos_ceta\system\CodeIgniter.php(410): CodeIgniter\CodeIgniter->createController()
#5 C:\xampp\htdocs\cursos_ceta\system\CodeIgniter.php(326): CodeIgniter\CodeIgniter->handleRequest(NULL, Object(Config\Cache), false)
#6 C:\xampp\htdocs\cursos_ceta\public\index.php(37): CodeIgniter\CodeIgniter->run()
#7 {main}
CRITICAL - 2023-10-17 22:25:55 --> syntax error, unexpected identifier "redirect"
#0 C:\xampp\htdocs\cursos_ceta\system\Router\Router.php(175): CodeIgniter\Router\Router->autoRoute('usuarios')
#1 C:\xampp\htdocs\cursos_ceta\system\CodeIgniter.php(726): CodeIgniter\Router\Router->handle('usuarios')
#2 C:\xampp\htdocs\cursos_ceta\system\CodeIgniter.php(368): CodeIgniter\CodeIgniter->tryToRouteIt(Object(CodeIgniter\Router\RouteCollection))
#3 C:\xampp\htdocs\cursos_ceta\system\CodeIgniter.php(326): CodeIgniter\CodeIgniter->handleRequest(NULL, Object(Config\Cache), false)
#4 C:\xampp\htdocs\cursos_ceta\public\index.php(37): CodeIgniter\CodeIgniter->run()
#5 {main}
CRITICAL - 2023-10-17 22:26:06 --> syntax error, unexpected identifier "redirect"
#0 C:\xampp\htdocs\cursos_ceta\system\Router\Router.php(175): CodeIgniter\Router\Router->autoRoute('usuarios/nuevo')
#1 C:\xampp\htdocs\cursos_ceta\system\CodeIgniter.php(726): CodeIgniter\Router\Router->handle('usuarios/nuevo')
#2 C:\xampp\htdocs\cursos_ceta\system\CodeIgniter.php(368): CodeIgniter\CodeIgniter->tryToRouteIt(Object(CodeIgniter\Router\RouteCollection))
#3 C:\xampp\htdocs\cursos_ceta\system\CodeIgniter.php(326): CodeIgniter\CodeIgniter->handleRequest(NULL, Object(Config\Cache), false)
#4 C:\xampp\htdocs\cursos_ceta\public\index.php(37): CodeIgniter\CodeIgniter->run()
#5 {main}
CRITICAL - 2023-10-17 22:26:15 --> syntax error, unexpected identifier "redirect"
#0 C:\xampp\htdocs\cursos_ceta\system\Router\Router.php(175): CodeIgniter\Router\Router->autoRoute('usuarios')
#1 C:\xampp\htdocs\cursos_ceta\system\CodeIgniter.php(726): CodeIgniter\Router\Router->handle('usuarios')
#2 C:\xampp\htdocs\cursos_ceta\system\CodeIgniter.php(368): CodeIgniter\CodeIgniter->tryToRouteIt(Object(CodeIgniter\Router\RouteCollection))
#3 C:\xampp\htdocs\cursos_ceta\system\CodeIgniter.php(326): CodeIgniter\CodeIgniter->handleRequest(NULL, Object(Config\Cache), false)
#4 C:\xampp\htdocs\cursos_ceta\public\index.php(37): CodeIgniter\CodeIgniter->run()
#5 {main}
CRITICAL - 2023-10-17 22:27:19 --> syntax error, unexpected identifier "redirect"
#0 C:\xampp\htdocs\cursos_ceta\system\Router\Router.php(175): CodeIgniter\Router\Router->autoRoute('usuarios')
#1 C:\xampp\htdocs\cursos_ceta\system\CodeIgniter.php(726): CodeIgniter\Router\Router->handle('usuarios')
#2 C:\xampp\htdocs\cursos_ceta\system\CodeIgniter.php(368): CodeIgniter\CodeIgniter->tryToRouteIt(Object(CodeIgniter\Router\RouteCollection))
#3 C:\xampp\htdocs\cursos_ceta\system\CodeIgniter.php(326): CodeIgniter\CodeIgniter->handleRequest(NULL, Object(Config\Cache), false)
#4 C:\xampp\htdocs\cursos_ceta\public\index.php(37): CodeIgniter\CodeIgniter->run()
#5 {main}
CRITICAL - 2023-10-17 22:27:35 --> syntax error, unexpected identifier "redirect"
#0 C:\xampp\htdocs\cursos_ceta\system\Router\Router.php(175): CodeIgniter\Router\Router->autoRoute('usuarios')
#1 C:\xampp\htdocs\cursos_ceta\system\CodeIgniter.php(726): CodeIgniter\Router\Router->handle('usuarios')
#2 C:\xampp\htdocs\cursos_ceta\system\CodeIgniter.php(368): CodeIgniter\CodeIgniter->tryToRouteIt(Object(CodeIgniter\Router\RouteCollection))
#3 C:\xampp\htdocs\cursos_ceta\system\CodeIgniter.php(326): CodeIgniter\CodeIgniter->handleRequest(NULL, Object(Config\Cache), false)
#4 C:\xampp\htdocs\cursos_ceta\public\index.php(37): CodeIgniter\CodeIgniter->run()
#5 {main}
CRITICAL - 2023-10-17 22:27:37 --> syntax error, unexpected identifier "redirect"
#0 C:\xampp\htdocs\cursos_ceta\system\Router\Router.php(175): CodeIgniter\Router\Router->autoRoute('usuarios')
#1 C:\xampp\htdocs\cursos_ceta\system\CodeIgniter.php(726): CodeIgniter\Router\Router->handle('usuarios')
#2 C:\xampp\htdocs\cursos_ceta\system\CodeIgniter.php(368): CodeIgniter\CodeIgniter->tryToRouteIt(Object(CodeIgniter\Router\RouteCollection))
#3 C:\xampp\htdocs\cursos_ceta\system\CodeIgniter.php(326): CodeIgniter\CodeIgniter->handleRequest(NULL, Object(Config\Cache), false)
#4 C:\xampp\htdocs\cursos_ceta\public\index.php(37): CodeIgniter\CodeIgniter->run()
#5 {main}
CRITICAL - 2023-10-17 22:32:44 --> syntax error, unexpected identifier "redirect"
#0 C:\xampp\htdocs\cursos_ceta\system\Router\Router.php(175): CodeIgniter\Router\Router->autoRoute('usuarios')
#1 C:\xampp\htdocs\cursos_ceta\system\CodeIgniter.php(726): CodeIgniter\Router\Router->handle('usuarios')
#2 C:\xampp\htdocs\cursos_ceta\system\CodeIgniter.php(368): CodeIgniter\CodeIgniter->tryToRouteIt(Object(CodeIgniter\Router\RouteCollection))
#3 C:\xampp\htdocs\cursos_ceta\system\CodeIgniter.php(326): CodeIgniter\CodeIgniter->handleRequest(NULL, Object(Config\Cache), false)
#4 C:\xampp\htdocs\cursos_ceta\public\index.php(37): CodeIgniter\CodeIgniter->run()
#5 {main}
CRITICAL - 2023-10-17 22:32:45 --> syntax error, unexpected identifier "redirect"
#0 C:\xampp\htdocs\cursos_ceta\system\Router\Router.php(175): CodeIgniter\Router\Router->autoRoute('usuarios')
#1 C:\xampp\htdocs\cursos_ceta\system\CodeIgniter.php(726): CodeIgniter\Router\Router->handle('usuarios')
#2 C:\xampp\htdocs\cursos_ceta\system\CodeIgniter.php(368): CodeIgniter\CodeIgniter->tryToRouteIt(Object(CodeIgniter\Router\RouteCollection))
#3 C:\xampp\htdocs\cursos_ceta\system\CodeIgniter.php(326): CodeIgniter\CodeIgniter->handleRequest(NULL, Object(Config\Cache), false)
#4 C:\xampp\htdocs\cursos_ceta\public\index.php(37): CodeIgniter\CodeIgniter->run()
#5 {main}
CRITICAL - 2023-10-17 22:32:47 --> syntax error, unexpected identifier "redirect"
#0 C:\xampp\htdocs\cursos_ceta\system\Router\Router.php(175): CodeIgniter\Router\Router->autoRoute('usuarios')
#1 C:\xampp\htdocs\cursos_ceta\system\CodeIgniter.php(726): CodeIgniter\Router\Router->handle('usuarios')
#2 C:\xampp\htdocs\cursos_ceta\system\CodeIgniter.php(368): CodeIgniter\CodeIgniter->tryToRouteIt(Object(CodeIgniter\Router\RouteCollection))
#3 C:\xampp\htdocs\cursos_ceta\system\CodeIgniter.php(326): CodeIgniter\CodeIgniter->handleRequest(NULL, Object(Config\Cache), false)
#4 C:\xampp\htdocs\cursos_ceta\public\index.php(37): CodeIgniter\CodeIgniter->run()
#5 {main}
CRITICAL - 2023-10-17 22:33:02 --> syntax error, unexpected identifier "redirect"
#0 C:\xampp\htdocs\cursos_ceta\system\Router\Router.php(175): CodeIgniter\Router\Router->autoRoute('usuarios')
#1 C:\xampp\htdocs\cursos_ceta\system\CodeIgniter.php(726): CodeIgniter\Router\Router->handle('usuarios')
#2 C:\xampp\htdocs\cursos_ceta\system\CodeIgniter.php(368): CodeIgniter\CodeIgniter->tryToRouteIt(Object(CodeIgniter\Router\RouteCollection))
#3 C:\xampp\htdocs\cursos_ceta\system\CodeIgniter.php(326): CodeIgniter\CodeIgniter->handleRequest(NULL, Object(Config\Cache), false)
#4 C:\xampp\htdocs\cursos_ceta\public\index.php(37): CodeIgniter\CodeIgniter->run()
#5 {main}
CRITICAL - 2023-10-17 22:48:47 --> syntax error, unexpected identifier "redirect"
#0 C:\xampp\htdocs\cursos_ceta\system\Router\Router.php(175): CodeIgniter\Router\Router->autoRoute('usuarios')
#1 C:\xampp\htdocs\cursos_ceta\system\CodeIgniter.php(726): CodeIgniter\Router\Router->handle('usuarios')
#2 C:\xampp\htdocs\cursos_ceta\system\CodeIgniter.php(368): CodeIgniter\CodeIgniter->tryToRouteIt(Object(CodeIgniter\Router\RouteCollection))
#3 C:\xampp\htdocs\cursos_ceta\system\CodeIgniter.php(326): CodeIgniter\CodeIgniter->handleRequest(NULL, Object(Config\Cache), false)
#4 C:\xampp\htdocs\cursos_ceta\public\index.php(37): CodeIgniter\CodeIgniter->run()
#5 {main}
CRITICAL - 2023-10-17 22:48:50 --> syntax error, unexpected identifier "redirect"
#0 C:\xampp\htdocs\cursos_ceta\system\Router\Router.php(175): CodeIgniter\Router\Router->autoRoute('usuarios')
#1 C:\xampp\htdocs\cursos_ceta\system\CodeIgniter.php(726): CodeIgniter\Router\Router->handle('usuarios')
#2 C:\xampp\htdocs\cursos_ceta\system\CodeIgniter.php(368): CodeIgniter\CodeIgniter->tryToRouteIt(Object(CodeIgniter\Router\RouteCollection))
#3 C:\xampp\htdocs\cursos_ceta\system\CodeIgniter.php(326): CodeIgniter\CodeIgniter->handleRequest(NULL, Object(Config\Cache), false)
#4 C:\xampp\htdocs\cursos_ceta\public\index.php(37): CodeIgniter\CodeIgniter->run()
#5 {main}
CRITICAL - 2023-10-17 22:57:04 --> syntax error, unexpected identifier "redirect"
#0 C:\xampp\htdocs\cursos_ceta\system\Router\Router.php(175): CodeIgniter\Router\Router->autoRoute('usuarios')
#1 C:\xampp\htdocs\cursos_ceta\system\CodeIgniter.php(726): CodeIgniter\Router\Router->handle('usuarios')
#2 C:\xampp\htdocs\cursos_ceta\system\CodeIgniter.php(368): CodeIgniter\CodeIgniter->tryToRouteIt(Object(CodeIgniter\Router\RouteCollection))
#3 C:\xampp\htdocs\cursos_ceta\system\CodeIgniter.php(326): CodeIgniter\CodeIgniter->handleRequest(NULL, Object(Config\Cache), false)
#4 C:\xampp\htdocs\cursos_ceta\public\index.php(37): CodeIgniter\CodeIgniter->run()
#5 {main}
CRITICAL - 2023-10-17 23:07:25 --> syntax error, unexpected identifier "redirect"
#0 C:\xampp\htdocs\cursos_ceta\system\Router\Router.php(175): CodeIgniter\Router\Router->autoRoute('usuarios')
#1 C:\xampp\htdocs\cursos_ceta\system\CodeIgniter.php(726): CodeIgniter\Router\Router->handle('usuarios')
#2 C:\xampp\htdocs\cursos_ceta\system\CodeIgniter.php(368): CodeIgniter\CodeIgniter->tryToRouteIt(Object(CodeIgniter\Router\RouteCollection))
#3 C:\xampp\htdocs\cursos_ceta\system\CodeIgniter.php(326): CodeIgniter\CodeIgniter->handleRequest(NULL, Object(Config\Cache), false)
#4 C:\xampp\htdocs\cursos_ceta\public\index.php(37): CodeIgniter\CodeIgniter->run()
#5 {main}
CRITICAL - 2023-10-17 23:10:48 --> syntax error, unexpected identifier "redirect"
#0 C:\xampp\htdocs\cursos_ceta\system\Router\Router.php(175): CodeIgniter\Router\Router->autoRoute('usuarios')
#1 C:\xampp\htdocs\cursos_ceta\system\CodeIgniter.php(726): CodeIgniter\Router\Router->handle('usuarios')
#2 C:\xampp\htdocs\cursos_ceta\system\CodeIgniter.php(368): CodeIgniter\CodeIgniter->tryToRouteIt(Object(CodeIgniter\Router\RouteCollection))
#3 C:\xampp\htdocs\cursos_ceta\system\CodeIgniter.php(326): CodeIgniter\CodeIgniter->handleRequest(NULL, Object(Config\Cache), false)
#4 C:\xampp\htdocs\cursos_ceta\public\index.php(37): CodeIgniter\CodeIgniter->run()
#5 {main}
CRITICAL - 2023-10-17 23:10:57 --> syntax error, unexpected identifier "redirect"
#0 C:\xampp\htdocs\cursos_ceta\system\Router\Router.php(175): CodeIgniter\Router\Router->autoRoute('usuarios')
#1 C:\xampp\htdocs\cursos_ceta\system\CodeIgniter.php(726): CodeIgniter\Router\Router->handle('usuarios')
#2 C:\xampp\htdocs\cursos_ceta\system\CodeIgniter.php(368): CodeIgniter\CodeIgniter->tryToRouteIt(Object(CodeIgniter\Router\RouteCollection))
#3 C:\xampp\htdocs\cursos_ceta\system\CodeIgniter.php(326): CodeIgniter\CodeIgniter->handleRequest(NULL, Object(Config\Cache), false)
#4 C:\xampp\htdocs\cursos_ceta\public\index.php(37): CodeIgniter\CodeIgniter->run()
#5 {main}
CRITICAL - 2023-10-17 23:13:11 --> syntax error, unexpected identifier "redirect"
#0 C:\xampp\htdocs\cursos_ceta\system\Router\Router.php(175): CodeIgniter\Router\Router->autoRoute('usuarios')
#1 C:\xampp\htdocs\cursos_ceta\system\CodeIgniter.php(726): CodeIgniter\Router\Router->handle('usuarios')
#2 C:\xampp\htdocs\cursos_ceta\system\CodeIgniter.php(368): CodeIgniter\CodeIgniter->tryToRouteIt(Object(CodeIgniter\Router\RouteCollection))
#3 C:\xampp\htdocs\cursos_ceta\system\CodeIgniter.php(326): CodeIgniter\CodeIgniter->handleRequest(NULL, Object(Config\Cache), false)
#4 C:\xampp\htdocs\cursos_ceta\public\index.php(37): CodeIgniter\CodeIgniter->run()
#5 {main}
CRITICAL - 2023-10-17 23:16:52 --> syntax error, unexpected identifier "redirect"
#0 C:\xampp\htdocs\cursos_ceta\system\Router\Router.php(175): CodeIgniter\Router\Router->autoRoute('usuarios')
#1 C:\xampp\htdocs\cursos_ceta\system\CodeIgniter.php(726): CodeIgniter\Router\Router->handle('usuarios')
#2 C:\xampp\htdocs\cursos_ceta\system\CodeIgniter.php(368): CodeIgniter\CodeIgniter->tryToRouteIt(Object(CodeIgniter\Router\RouteCollection))
#3 C:\xampp\htdocs\cursos_ceta\system\CodeIgniter.php(326): CodeIgniter\CodeIgniter->handleRequest(NULL, Object(Config\Cache), false)
#4 C:\xampp\htdocs\cursos_ceta\public\index.php(37): CodeIgniter\CodeIgniter->run()
#5 {main}
CRITICAL - 2023-10-17 23:16:54 --> syntax error, unexpected identifier "redirect"
#0 C:\xampp\htdocs\cursos_ceta\system\Router\Router.php(175): CodeIgniter\Router\Router->autoRoute('usuarios')
#1 C:\xampp\htdocs\cursos_ceta\system\CodeIgniter.php(726): CodeIgniter\Router\Router->handle('usuarios')
#2 C:\xampp\htdocs\cursos_ceta\system\CodeIgniter.php(368): CodeIgniter\CodeIgniter->tryToRouteIt(Object(CodeIgniter\Router\RouteCollection))
#3 C:\xampp\htdocs\cursos_ceta\system\CodeIgniter.php(326): CodeIgniter\CodeIgniter->handleRequest(NULL, Object(Config\Cache), false)
#4 C:\xampp\htdocs\cursos_ceta\public\index.php(37): CodeIgniter\CodeIgniter->run()
#5 {main}
CRITICAL - 2023-10-17 23:18:26 --> syntax error, unexpected identifier "redirect"
#0 C:\xampp\htdocs\cursos_ceta\system\Router\Router.php(175): CodeIgniter\Router\Router->autoRoute('usuarios')
#1 C:\xampp\htdocs\cursos_ceta\system\CodeIgniter.php(726): CodeIgniter\Router\Router->handle('usuarios')
#2 C:\xampp\htdocs\cursos_ceta\system\CodeIgniter.php(368): CodeIgniter\CodeIgniter->tryToRouteIt(Object(CodeIgniter\Router\RouteCollection))
#3 C:\xampp\htdocs\cursos_ceta\system\CodeIgniter.php(326): CodeIgniter\CodeIgniter->handleRequest(NULL, Object(Config\Cache), false)
#4 C:\xampp\htdocs\cursos_ceta\public\index.php(37): CodeIgniter\CodeIgniter->run()
#5 {main}
CRITICAL - 2023-10-17 23:25:12 --> syntax error, unexpected identifier "redirect"
#0 C:\xampp\htdocs\cursos_ceta\system\Router\Router.php(175): CodeIgniter\Router\Router->autoRoute('usuarios')
#1 C:\xampp\htdocs\cursos_ceta\system\CodeIgniter.php(726): CodeIgniter\Router\Router->handle('usuarios')
#2 C:\xampp\htdocs\cursos_ceta\system\CodeIgniter.php(368): CodeIgniter\CodeIgniter->tryToRouteIt(Object(CodeIgniter\Router\RouteCollection))
#3 C:\xampp\htdocs\cursos_ceta\system\CodeIgniter.php(326): CodeIgniter\CodeIgniter->handleRequest(NULL, Object(Config\Cache), false)
#4 C:\xampp\htdocs\cursos_ceta\public\index.php(37): CodeIgniter\CodeIgniter->run()
#5 {main}
CRITICAL - 2023-10-17 23:28:45 --> syntax error, unexpected identifier "redirect"
#0 C:\xampp\htdocs\cursos_ceta\system\Router\Router.php(175): CodeIgniter\Router\Router->autoRoute('usuarios')
#1 C:\xampp\htdocs\cursos_ceta\system\CodeIgniter.php(726): CodeIgniter\Router\Router->handle('usuarios')
#2 C:\xampp\htdocs\cursos_ceta\system\CodeIgniter.php(368): CodeIgniter\CodeIgniter->tryToRouteIt(Object(CodeIgniter\Router\RouteCollection))
#3 C:\xampp\htdocs\cursos_ceta\system\CodeIgniter.php(326): CodeIgniter\CodeIgniter->handleRequest(NULL, Object(Config\Cache), false)
#4 C:\xampp\htdocs\cursos_ceta\public\index.php(37): CodeIgniter\CodeIgniter->run()
#5 {main}
CRITICAL - 2023-10-17 23:28:54 --> syntax error, unexpected identifier "redirect"
#0 C:\xampp\htdocs\cursos_ceta\system\Router\Router.php(175): CodeIgniter\Router\Router->autoRoute('usuarios/nuevo')
#1 C:\xampp\htdocs\cursos_ceta\system\CodeIgniter.php(726): CodeIgniter\Router\Router->handle('usuarios/nuevo')
#2 C:\xampp\htdocs\cursos_ceta\system\CodeIgniter.php(368): CodeIgniter\CodeIgniter->tryToRouteIt(Object(CodeIgniter\Router\RouteCollection))
#3 C:\xampp\htdocs\cursos_ceta\system\CodeIgniter.php(326): CodeIgniter\CodeIgniter->handleRequest(NULL, Object(Config\Cache), false)
#4 C:\xampp\htdocs\cursos_ceta\public\index.php(37): CodeIgniter\CodeIgniter->run()
#5 {main}
CRITICAL - 2023-10-17 23:29:34 --> syntax error, unexpected identifier "redirect"
#0 C:\xampp\htdocs\cursos_ceta\system\Router\Router.php(175): CodeIgniter\Router\Router->autoRoute('usuarios/nuevo')
#1 C:\xampp\htdocs\cursos_ceta\system\CodeIgniter.php(726): CodeIgniter\Router\Router->handle('usuarios/nuevo')
#2 C:\xampp\htdocs\cursos_ceta\system\CodeIgniter.php(368): CodeIgniter\CodeIgniter->tryToRouteIt(Object(CodeIgniter\Router\RouteCollection))
#3 C:\xampp\htdocs\cursos_ceta\system\CodeIgniter.php(326): CodeIgniter\CodeIgniter->handleRequest(NULL, Object(Config\Cache), false)
#4 C:\xampp\htdocs\cursos_ceta\public\index.php(37): CodeIgniter\CodeIgniter->run()
#5 {main}
CRITICAL - 2023-10-17 23:29:36 --> syntax error, unexpected identifier "redirect"
#0 C:\xampp\htdocs\cursos_ceta\system\Router\Router.php(175): CodeIgniter\Router\Router->autoRoute('usuarios/nuevo')
#1 C:\xampp\htdocs\cursos_ceta\system\CodeIgniter.php(726): CodeIgniter\Router\Router->handle('usuarios/nuevo')
#2 C:\xampp\htdocs\cursos_ceta\system\CodeIgniter.php(368): CodeIgniter\CodeIgniter->tryToRouteIt(Object(CodeIgniter\Router\RouteCollection))
#3 C:\xampp\htdocs\cursos_ceta\system\CodeIgniter.php(326): CodeIgniter\CodeIgniter->handleRequest(NULL, Object(Config\Cache), false)
#4 C:\xampp\htdocs\cursos_ceta\public\index.php(37): CodeIgniter\CodeIgniter->run()
#5 {main}
CRITICAL - 2023-10-17 23:32:51 --> syntax error, unexpected identifier "redirect"
#0 C:\xampp\htdocs\cursos_ceta\system\Router\Router.php(175): CodeIgniter\Router\Router->autoRoute('usuarios/nuevo')
#1 C:\xampp\htdocs\cursos_ceta\system\CodeIgniter.php(726): CodeIgniter\Router\Router->handle('usuarios/nuevo')
#2 C:\xampp\htdocs\cursos_ceta\system\CodeIgniter.php(368): CodeIgniter\CodeIgniter->tryToRouteIt(Object(CodeIgniter\Router\RouteCollection))
#3 C:\xampp\htdocs\cursos_ceta\system\CodeIgniter.php(326): CodeIgniter\CodeIgniter->handleRequest(NULL, Object(Config\Cache), false)
#4 C:\xampp\htdocs\cursos_ceta\public\index.php(37): CodeIgniter\CodeIgniter->run()
#5 {main}
CRITICAL - 2023-10-17 23:32:57 --> syntax error, unexpected identifier "redirect"
#0 C:\xampp\htdocs\cursos_ceta\system\Router\Router.php(175): CodeIgniter\Router\Router->autoRoute('usuarios')
#1 C:\xampp\htdocs\cursos_ceta\system\CodeIgniter.php(726): CodeIgniter\Router\Router->handle('usuarios')
#2 C:\xampp\htdocs\cursos_ceta\system\CodeIgniter.php(368): CodeIgniter\CodeIgniter->tryToRouteIt(Object(CodeIgniter\Router\RouteCollection))
#3 C:\xampp\htdocs\cursos_ceta\system\CodeIgniter.php(326): CodeIgniter\CodeIgniter->handleRequest(NULL, Object(Config\Cache), false)
#4 C:\xampp\htdocs\cursos_ceta\public\index.php(37): CodeIgniter\CodeIgniter->run()
#5 {main}
CRITICAL - 2023-10-17 23:33:33 --> syntax error, unexpected identifier "redirect"
#0 C:\xampp\htdocs\cursos_ceta\system\Router\Router.php(175): CodeIgniter\Router\Router->autoRoute('usuarios')
#1 C:\xampp\htdocs\cursos_ceta\system\CodeIgniter.php(726): CodeIgniter\Router\Router->handle('usuarios')
#2 C:\xampp\htdocs\cursos_ceta\system\CodeIgniter.php(368): CodeIgniter\CodeIgniter->tryToRouteIt(Object(CodeIgniter\Router\RouteCollection))
#3 C:\xampp\htdocs\cursos_ceta\system\CodeIgniter.php(326): CodeIgniter\CodeIgniter->handleRequest(NULL, Object(Config\Cache), false)
#4 C:\xampp\htdocs\cursos_ceta\public\index.php(37): CodeIgniter\CodeIgniter->run()
#5 {main}
CRITICAL - 2023-10-17 23:43:18 --> syntax error, unexpected identifier "redirect"
#0 C:\xampp\htdocs\cursos_ceta\system\Router\Router.php(175): CodeIgniter\Router\Router->autoRoute('usuarios')
#1 C:\xampp\htdocs\cursos_ceta\system\CodeIgniter.php(726): CodeIgniter\Router\Router->handle('usuarios')
#2 C:\xampp\htdocs\cursos_ceta\system\CodeIgniter.php(368): CodeIgniter\CodeIgniter->tryToRouteIt(Object(CodeIgniter\Router\RouteCollection))
#3 C:\xampp\htdocs\cursos_ceta\system\CodeIgniter.php(326): CodeIgniter\CodeIgniter->handleRequest(NULL, Object(Config\Cache), false)
#4 C:\xampp\htdocs\cursos_ceta\public\index.php(37): CodeIgniter\CodeIgniter->run()
#5 {main}
