CRITICAL - 2023-11-22 09:58:01 --> syntax error, unexpected identifier "to", expecting ";"
#0 C:\xampp\htdocs\cursos_ceta\system\Autoloader\Autoloader.php(241): CodeIgniter\Autoloader\Autoloader->includeFile('C:\\xampp\\htdocs...')
#1 C:\xampp\htdocs\cursos_ceta\system\Autoloader\Autoloader.php(219): CodeIgniter\Autoloader\Autoloader->loadInNamespace('App\\Controllers...')
#2 [internal function]: CodeIgniter\Autoloader\Autoloader->loadClass('App\\Controllers...')
#3 C:\xampp\htdocs\cursos_ceta\system\CodeIgniter.php(797): class_exists('\\App\\Controller...', true)
#4 C:\xampp\htdocs\cursos_ceta\system\CodeIgniter.php(406): CodeIgniter\CodeIgniter->startController()
#5 C:\xampp\htdocs\cursos_ceta\system\CodeIgniter.php(326): CodeIgniter\CodeIgniter->handleRequest(NULL, Object(Config\Cache), false)
#6 C:\xampp\htdocs\cursos_ceta\public\index.php(37): CodeIgniter\CodeIgniter->run()
#7 {main}
CRITICAL - 2023-11-22 10:06:05 --> syntax error, unexpected identifier "to", expecting ";"
#0 C:\xampp\htdocs\cursos_ceta\system\Autoloader\Autoloader.php(241): CodeIgniter\Autoloader\Autoloader->includeFile('C:\\xampp\\htdocs...')
#1 C:\xampp\htdocs\cursos_ceta\system\Autoloader\Autoloader.php(219): CodeIgniter\Autoloader\Autoloader->loadInNamespace('App\\Controllers...')
#2 [internal function]: CodeIgniter\Autoloader\Autoloader->loadClass('App\\Controllers...')
#3 C:\xampp\htdocs\cursos_ceta\system\CodeIgniter.php(797): class_exists('\\App\\Controller...', true)
#4 C:\xampp\htdocs\cursos_ceta\system\CodeIgniter.php(406): CodeIgniter\CodeIgniter->startController()
#5 C:\xampp\htdocs\cursos_ceta\system\CodeIgniter.php(326): CodeIgniter\CodeIgniter->handleRequest(NULL, Object(Config\Cache), false)
#6 C:\xampp\htdocs\cursos_ceta\public\index.php(37): CodeIgniter\CodeIgniter->run()
#7 {main}
CRITICAL - 2023-11-22 10:06:07 --> syntax error, unexpected identifier "to", expecting ";"
#0 C:\xampp\htdocs\cursos_ceta\system\Autoloader\Autoloader.php(241): CodeIgniter\Autoloader\Autoloader->includeFile('C:\\xampp\\htdocs...')
#1 C:\xampp\htdocs\cursos_ceta\system\Autoloader\Autoloader.php(219): CodeIgniter\Autoloader\Autoloader->loadInNamespace('App\\Controllers...')
#2 [internal function]: CodeIgniter\Autoloader\Autoloader->loadClass('App\\Controllers...')
#3 C:\xampp\htdocs\cursos_ceta\system\CodeIgniter.php(797): class_exists('\\App\\Controller...', true)
#4 C:\xampp\htdocs\cursos_ceta\system\CodeIgniter.php(406): CodeIgniter\CodeIgniter->startController()
#5 C:\xampp\htdocs\cursos_ceta\system\CodeIgniter.php(326): CodeIgniter\CodeIgniter->handleRequest(NULL, Object(Config\Cache), false)
#6 C:\xampp\htdocs\cursos_ceta\public\index.php(37): CodeIgniter\CodeIgniter->run()
#7 {main}
CRITICAL - 2023-11-22 10:08:32 --> syntax error, unexpected identifier "to", expecting ";"
#0 C:\xampp\htdocs\cursos_ceta\system\Autoloader\Autoloader.php(241): CodeIgniter\Autoloader\Autoloader->includeFile('C:\\xampp\\htdocs...')
#1 C:\xampp\htdocs\cursos_ceta\system\Autoloader\Autoloader.php(219): CodeIgniter\Autoloader\Autoloader->loadInNamespace('App\\Controllers...')
#2 [internal function]: CodeIgniter\Autoloader\Autoloader->loadClass('App\\Controllers...')
#3 C:\xampp\htdocs\cursos_ceta\system\CodeIgniter.php(797): class_exists('\\App\\Controller...', true)
#4 C:\xampp\htdocs\cursos_ceta\system\CodeIgniter.php(406): CodeIgniter\CodeIgniter->startController()
#5 C:\xampp\htdocs\cursos_ceta\system\CodeIgniter.php(326): CodeIgniter\CodeIgniter->handleRequest(NULL, Object(Config\Cache), false)
#6 C:\xampp\htdocs\cursos_ceta\public\index.php(37): CodeIgniter\CodeIgniter->run()
#7 {main}
CRITICAL - 2023-11-22 10:17:06 --> syntax error, unexpected variable "$idUsuarioReg", expecting "function" or "const"
#0 C:\xampp\htdocs\cursos_ceta\system\Autoloader\Autoloader.php(241): CodeIgniter\Autoloader\Autoloader->includeFile('C:\\xampp\\htdocs...')
#1 C:\xampp\htdocs\cursos_ceta\system\Autoloader\Autoloader.php(219): CodeIgniter\Autoloader\Autoloader->loadInNamespace('App\\Controllers...')
#2 [internal function]: CodeIgniter\Autoloader\Autoloader->loadClass('App\\Controllers...')
#3 C:\xampp\htdocs\cursos_ceta\system\CodeIgniter.php(797): class_exists('\\App\\Controller...', true)
#4 C:\xampp\htdocs\cursos_ceta\system\CodeIgniter.php(406): CodeIgniter\CodeIgniter->startController()
#5 C:\xampp\htdocs\cursos_ceta\system\CodeIgniter.php(326): CodeIgniter\CodeIgniter->handleRequest(NULL, Object(Config\Cache), false)
#6 C:\xampp\htdocs\cursos_ceta\public\index.php(37): CodeIgniter\CodeIgniter->run()
#7 {main}
CRITICAL - 2023-11-22 10:18:02 --> syntax error, unexpected identifier "to", expecting ";"
#0 C:\xampp\htdocs\cursos_ceta\system\Autoloader\Autoloader.php(241): CodeIgniter\Autoloader\Autoloader->includeFile('C:\\xampp\\htdocs...')
#1 C:\xampp\htdocs\cursos_ceta\system\Autoloader\Autoloader.php(219): CodeIgniter\Autoloader\Autoloader->loadInNamespace('App\\Controllers...')
#2 [internal function]: CodeIgniter\Autoloader\Autoloader->loadClass('App\\Controllers...')
#3 C:\xampp\htdocs\cursos_ceta\system\CodeIgniter.php(797): class_exists('\\App\\Controller...', true)
#4 C:\xampp\htdocs\cursos_ceta\system\CodeIgniter.php(406): CodeIgniter\CodeIgniter->startController()
#5 C:\xampp\htdocs\cursos_ceta\system\CodeIgniter.php(326): CodeIgniter\CodeIgniter->handleRequest(NULL, Object(Config\Cache), false)
#6 C:\xampp\htdocs\cursos_ceta\public\index.php(37): CodeIgniter\CodeIgniter->run()
#7 {main}
CRITICAL - 2023-11-22 10:30:04 --> syntax error, unexpected variable "$idUsuarioReg", expecting "function" or "const"
#0 C:\xampp\htdocs\cursos_ceta\system\Autoloader\Autoloader.php(241): CodeIgniter\Autoloader\Autoloader->includeFile('C:\\xampp\\htdocs...')
#1 C:\xampp\htdocs\cursos_ceta\system\Autoloader\Autoloader.php(219): CodeIgniter\Autoloader\Autoloader->loadInNamespace('App\\Controllers...')
#2 [internal function]: CodeIgniter\Autoloader\Autoloader->loadClass('App\\Controllers...')
#3 C:\xampp\htdocs\cursos_ceta\system\CodeIgniter.php(797): class_exists('\\App\\Controller...', true)
#4 C:\xampp\htdocs\cursos_ceta\system\CodeIgniter.php(406): CodeIgniter\CodeIgniter->startController()
#5 C:\xampp\htdocs\cursos_ceta\system\CodeIgniter.php(326): CodeIgniter\CodeIgniter->handleRequest(NULL, Object(Config\Cache), false)
#6 C:\xampp\htdocs\cursos_ceta\public\index.php(37): CodeIgniter\CodeIgniter->run()
#7 {main}
CRITICAL - 2023-11-22 10:50:35 --> Invalid file: visitantes/nuevo.php
#0 C:\xampp\htdocs\cursos_ceta\system\View\View.php(198): CodeIgniter\Exceptions\FrameworkException::forInvalidFile('visitantes/nuev...')
#1 C:\xampp\htdocs\cursos_ceta\system\Common.php(1089): CodeIgniter\View\View->render('visitantes/nuev...', Array, true)
#2 C:\xampp\htdocs\cursos_ceta\app\Controllers\Usuarios.php(105): view('visitantes/nuev...', Array)
#3 C:\xampp\htdocs\cursos_ceta\system\CodeIgniter.php(832): App\Controllers\Usuarios->nuevo()
#4 C:\xampp\htdocs\cursos_ceta\system\CodeIgniter.php(419): CodeIgniter\CodeIgniter->runController(Object(App\Controllers\Usuarios))
#5 C:\xampp\htdocs\cursos_ceta\system\CodeIgniter.php(326): CodeIgniter\CodeIgniter->handleRequest(NULL, Object(Config\Cache), false)
#6 C:\xampp\htdocs\cursos_ceta\public\index.php(37): CodeIgniter\CodeIgniter->run()
#7 {main}
CRITICAL - 2023-11-22 15:09:35 --> Invalid file: visitantes/nuevo.php
#0 C:\xampp\htdocs\cursos_ceta\system\View\View.php(198): CodeIgniter\Exceptions\FrameworkException::forInvalidFile('visitantes/nuev...')
#1 C:\xampp\htdocs\cursos_ceta\system\Common.php(1089): CodeIgniter\View\View->render('visitantes/nuev...', Array, true)
#2 C:\xampp\htdocs\cursos_ceta\app\Controllers\Usuarios.php(105): view('visitantes/nuev...', Array)
#3 C:\xampp\htdocs\cursos_ceta\system\CodeIgniter.php(832): App\Controllers\Usuarios->nuevo()
#4 C:\xampp\htdocs\cursos_ceta\system\CodeIgniter.php(419): CodeIgniter\CodeIgniter->runController(Object(App\Controllers\Usuarios))
#5 C:\xampp\htdocs\cursos_ceta\system\CodeIgniter.php(326): CodeIgniter\CodeIgniter->handleRequest(NULL, Object(Config\Cache), false)
#6 C:\xampp\htdocs\cursos_ceta\public\index.php(37): CodeIgniter\CodeIgniter->run()
#7 {main}
CRITICAL - 2023-11-22 15:11:48 --> Invalid file: visitantes/nuevo.php
#0 C:\xampp\htdocs\cursos_ceta\system\View\View.php(198): CodeIgniter\Exceptions\FrameworkException::forInvalidFile('visitantes/nuev...')
#1 C:\xampp\htdocs\cursos_ceta\system\Common.php(1089): CodeIgniter\View\View->render('visitantes/nuev...', Array, true)
#2 C:\xampp\htdocs\cursos_ceta\app\Controllers\Usuarios.php(105): view('visitantes/nuev...', Array)
#3 C:\xampp\htdocs\cursos_ceta\system\CodeIgniter.php(832): App\Controllers\Usuarios->nuevo()
#4 C:\xampp\htdocs\cursos_ceta\system\CodeIgniter.php(419): CodeIgniter\CodeIgniter->runController(Object(App\Controllers\Usuarios))
#5 C:\xampp\htdocs\cursos_ceta\system\CodeIgniter.php(326): CodeIgniter\CodeIgniter->handleRequest(NULL, Object(Config\Cache), false)
#6 C:\xampp\htdocs\cursos_ceta\public\index.php(37): CodeIgniter\CodeIgniter->run()
#7 {main}
CRITICAL - 2023-11-22 15:15:21 --> Invalid file: visitantes/nuevo.php
#0 C:\xampp\htdocs\cursos_ceta\system\View\View.php(198): CodeIgniter\Exceptions\FrameworkException::forInvalidFile('visitantes/nuev...')
#1 C:\xampp\htdocs\cursos_ceta\system\Common.php(1089): CodeIgniter\View\View->render('visitantes/nuev...', Array, true)
#2 C:\xampp\htdocs\cursos_ceta\app\Controllers\Usuarios.php(105): view('visitantes/nuev...', Array)
#3 C:\xampp\htdocs\cursos_ceta\system\CodeIgniter.php(832): App\Controllers\Usuarios->nuevo()
#4 C:\xampp\htdocs\cursos_ceta\system\CodeIgniter.php(419): CodeIgniter\CodeIgniter->runController(Object(App\Controllers\Usuarios))
#5 C:\xampp\htdocs\cursos_ceta\system\CodeIgniter.php(326): CodeIgniter\CodeIgniter->handleRequest(NULL, Object(Config\Cache), false)
#6 C:\xampp\htdocs\cursos_ceta\public\index.php(37): CodeIgniter\CodeIgniter->run()
#7 {main}
CRITICAL - 2023-11-22 15:15:26 --> Invalid file: visitantes/nuevo.php
#0 C:\xampp\htdocs\cursos_ceta\system\View\View.php(198): CodeIgniter\Exceptions\FrameworkException::forInvalidFile('visitantes/nuev...')
#1 C:\xampp\htdocs\cursos_ceta\system\Common.php(1089): CodeIgniter\View\View->render('visitantes/nuev...', Array, true)
#2 C:\xampp\htdocs\cursos_ceta\app\Controllers\Usuarios.php(105): view('visitantes/nuev...', Array)
#3 C:\xampp\htdocs\cursos_ceta\system\CodeIgniter.php(832): App\Controllers\Usuarios->nuevo()
#4 C:\xampp\htdocs\cursos_ceta\system\CodeIgniter.php(419): CodeIgniter\CodeIgniter->runController(Object(App\Controllers\Usuarios))
#5 C:\xampp\htdocs\cursos_ceta\system\CodeIgniter.php(326): CodeIgniter\CodeIgniter->handleRequest(NULL, Object(Config\Cache), false)
#6 C:\xampp\htdocs\cursos_ceta\public\index.php(37): CodeIgniter\CodeIgniter->run()
#7 {main}
CRITICAL - 2023-11-22 15:15:27 --> Invalid file: visitantes/nuevo.php
#0 C:\xampp\htdocs\cursos_ceta\system\View\View.php(198): CodeIgniter\Exceptions\FrameworkException::forInvalidFile('visitantes/nuev...')
#1 C:\xampp\htdocs\cursos_ceta\system\Common.php(1089): CodeIgniter\View\View->render('visitantes/nuev...', Array, true)
#2 C:\xampp\htdocs\cursos_ceta\app\Controllers\Usuarios.php(105): view('visitantes/nuev...', Array)
#3 C:\xampp\htdocs\cursos_ceta\system\CodeIgniter.php(832): App\Controllers\Usuarios->nuevo()
#4 C:\xampp\htdocs\cursos_ceta\system\CodeIgniter.php(419): CodeIgniter\CodeIgniter->runController(Object(App\Controllers\Usuarios))
#5 C:\xampp\htdocs\cursos_ceta\system\CodeIgniter.php(326): CodeIgniter\CodeIgniter->handleRequest(NULL, Object(Config\Cache), false)
#6 C:\xampp\htdocs\cursos_ceta\public\index.php(37): CodeIgniter\CodeIgniter->run()
#7 {main}
CRITICAL - 2023-11-22 15:15:27 --> Invalid file: visitantes/nuevo.php
#0 C:\xampp\htdocs\cursos_ceta\system\View\View.php(198): CodeIgniter\Exceptions\FrameworkException::forInvalidFile('visitantes/nuev...')
#1 C:\xampp\htdocs\cursos_ceta\system\Common.php(1089): CodeIgniter\View\View->render('visitantes/nuev...', Array, true)
#2 C:\xampp\htdocs\cursos_ceta\app\Controllers\Usuarios.php(105): view('visitantes/nuev...', Array)
#3 C:\xampp\htdocs\cursos_ceta\system\CodeIgniter.php(832): App\Controllers\Usuarios->nuevo()
#4 C:\xampp\htdocs\cursos_ceta\system\CodeIgniter.php(419): CodeIgniter\CodeIgniter->runController(Object(App\Controllers\Usuarios))
#5 C:\xampp\htdocs\cursos_ceta\system\CodeIgniter.php(326): CodeIgniter\CodeIgniter->handleRequest(NULL, Object(Config\Cache), false)
#6 C:\xampp\htdocs\cursos_ceta\public\index.php(37): CodeIgniter\CodeIgniter->run()
#7 {main}
CRITICAL - 2023-11-22 15:15:28 --> Invalid file: visitantes/nuevo.php
#0 C:\xampp\htdocs\cursos_ceta\system\View\View.php(198): CodeIgniter\Exceptions\FrameworkException::forInvalidFile('visitantes/nuev...')
#1 C:\xampp\htdocs\cursos_ceta\system\Common.php(1089): CodeIgniter\View\View->render('visitantes/nuev...', Array, true)
#2 C:\xampp\htdocs\cursos_ceta\app\Controllers\Usuarios.php(105): view('visitantes/nuev...', Array)
#3 C:\xampp\htdocs\cursos_ceta\system\CodeIgniter.php(832): App\Controllers\Usuarios->nuevo()
#4 C:\xampp\htdocs\cursos_ceta\system\CodeIgniter.php(419): CodeIgniter\CodeIgniter->runController(Object(App\Controllers\Usuarios))
#5 C:\xampp\htdocs\cursos_ceta\system\CodeIgniter.php(326): CodeIgniter\CodeIgniter->handleRequest(NULL, Object(Config\Cache), false)
#6 C:\xampp\htdocs\cursos_ceta\public\index.php(37): CodeIgniter\CodeIgniter->run()
#7 {main}
CRITICAL - 2023-11-22 15:15:28 --> Invalid file: visitantes/nuevo.php
#0 C:\xampp\htdocs\cursos_ceta\system\View\View.php(198): CodeIgniter\Exceptions\FrameworkException::forInvalidFile('visitantes/nuev...')
#1 C:\xampp\htdocs\cursos_ceta\system\Common.php(1089): CodeIgniter\View\View->render('visitantes/nuev...', Array, true)
#2 C:\xampp\htdocs\cursos_ceta\app\Controllers\Usuarios.php(105): view('visitantes/nuev...', Array)
#3 C:\xampp\htdocs\cursos_ceta\system\CodeIgniter.php(832): App\Controllers\Usuarios->nuevo()
#4 C:\xampp\htdocs\cursos_ceta\system\CodeIgniter.php(419): CodeIgniter\CodeIgniter->runController(Object(App\Controllers\Usuarios))
#5 C:\xampp\htdocs\cursos_ceta\system\CodeIgniter.php(326): CodeIgniter\CodeIgniter->handleRequest(NULL, Object(Config\Cache), false)
#6 C:\xampp\htdocs\cursos_ceta\public\index.php(37): CodeIgniter\CodeIgniter->run()
#7 {main}
CRITICAL - 2023-11-22 15:21:47 --> Invalid file: visitantes/nuevo.php
#0 C:\xampp\htdocs\cursos_ceta\system\View\View.php(198): CodeIgniter\Exceptions\FrameworkException::forInvalidFile('visitantes/nuev...')
#1 C:\xampp\htdocs\cursos_ceta\system\Common.php(1089): CodeIgniter\View\View->render('visitantes/nuev...', Array, true)
#2 C:\xampp\htdocs\cursos_ceta\app\Controllers\Usuarios.php(105): view('visitantes/nuev...', Array)
#3 C:\xampp\htdocs\cursos_ceta\system\CodeIgniter.php(832): App\Controllers\Usuarios->nuevo()
#4 C:\xampp\htdocs\cursos_ceta\system\CodeIgniter.php(419): CodeIgniter\CodeIgniter->runController(Object(App\Controllers\Usuarios))
#5 C:\xampp\htdocs\cursos_ceta\system\CodeIgniter.php(326): CodeIgniter\CodeIgniter->handleRequest(NULL, Object(Config\Cache), false)
#6 C:\xampp\htdocs\cursos_ceta\public\index.php(37): CodeIgniter\CodeIgniter->run()
#7 {main}
CRITICAL - 2023-11-22 15:29:10 --> Invalid file: visitantes/nuevo.php
#0 C:\xampp\htdocs\cursos_ceta\system\View\View.php(198): CodeIgniter\Exceptions\FrameworkException::forInvalidFile('visitantes/nuev...')
#1 C:\xampp\htdocs\cursos_ceta\system\Common.php(1089): CodeIgniter\View\View->render('visitantes/nuev...', Array, true)
#2 C:\xampp\htdocs\cursos_ceta\app\Controllers\Usuarios.php(105): view('visitantes/nuev...', Array)
#3 C:\xampp\htdocs\cursos_ceta\system\CodeIgniter.php(832): App\Controllers\Usuarios->nuevo()
#4 C:\xampp\htdocs\cursos_ceta\system\CodeIgniter.php(419): CodeIgniter\CodeIgniter->runController(Object(App\Controllers\Usuarios))
#5 C:\xampp\htdocs\cursos_ceta\system\CodeIgniter.php(326): CodeIgniter\CodeIgniter->handleRequest(NULL, Object(Config\Cache), false)
#6 C:\xampp\htdocs\cursos_ceta\public\index.php(37): CodeIgniter\CodeIgniter->run()
#7 {main}
CRITICAL - 2023-11-22 15:29:13 --> Invalid file: visitantes/nuevo.php
#0 C:\xampp\htdocs\cursos_ceta\system\View\View.php(198): CodeIgniter\Exceptions\FrameworkException::forInvalidFile('visitantes/nuev...')
#1 C:\xampp\htdocs\cursos_ceta\system\Common.php(1089): CodeIgniter\View\View->render('visitantes/nuev...', Array, true)
#2 C:\xampp\htdocs\cursos_ceta\app\Controllers\Usuarios.php(105): view('visitantes/nuev...', Array)
#3 C:\xampp\htdocs\cursos_ceta\system\CodeIgniter.php(832): App\Controllers\Usuarios->nuevo()
#4 C:\xampp\htdocs\cursos_ceta\system\CodeIgniter.php(419): CodeIgniter\CodeIgniter->runController(Object(App\Controllers\Usuarios))
#5 C:\xampp\htdocs\cursos_ceta\system\CodeIgniter.php(326): CodeIgniter\CodeIgniter->handleRequest(NULL, Object(Config\Cache), false)
#6 C:\xampp\htdocs\cursos_ceta\public\index.php(37): CodeIgniter\CodeIgniter->run()
#7 {main}
CRITICAL - 2023-11-22 15:29:14 --> Invalid file: visitantes/nuevo.php
#0 C:\xampp\htdocs\cursos_ceta\system\View\View.php(198): CodeIgniter\Exceptions\FrameworkException::forInvalidFile('visitantes/nuev...')
#1 C:\xampp\htdocs\cursos_ceta\system\Common.php(1089): CodeIgniter\View\View->render('visitantes/nuev...', Array, true)
#2 C:\xampp\htdocs\cursos_ceta\app\Controllers\Usuarios.php(105): view('visitantes/nuev...', Array)
#3 C:\xampp\htdocs\cursos_ceta\system\CodeIgniter.php(832): App\Controllers\Usuarios->nuevo()
#4 C:\xampp\htdocs\cursos_ceta\system\CodeIgniter.php(419): CodeIgniter\CodeIgniter->runController(Object(App\Controllers\Usuarios))
#5 C:\xampp\htdocs\cursos_ceta\system\CodeIgniter.php(326): CodeIgniter\CodeIgniter->handleRequest(NULL, Object(Config\Cache), false)
#6 C:\xampp\htdocs\cursos_ceta\public\index.php(37): CodeIgniter\CodeIgniter->run()
#7 {main}
CRITICAL - 2023-11-22 15:29:14 --> Invalid file: visitantes/nuevo.php
#0 C:\xampp\htdocs\cursos_ceta\system\View\View.php(198): CodeIgniter\Exceptions\FrameworkException::forInvalidFile('visitantes/nuev...')
#1 C:\xampp\htdocs\cursos_ceta\system\Common.php(1089): CodeIgniter\View\View->render('visitantes/nuev...', Array, true)
#2 C:\xampp\htdocs\cursos_ceta\app\Controllers\Usuarios.php(105): view('visitantes/nuev...', Array)
#3 C:\xampp\htdocs\cursos_ceta\system\CodeIgniter.php(832): App\Controllers\Usuarios->nuevo()
#4 C:\xampp\htdocs\cursos_ceta\system\CodeIgniter.php(419): CodeIgniter\CodeIgniter->runController(Object(App\Controllers\Usuarios))
#5 C:\xampp\htdocs\cursos_ceta\system\CodeIgniter.php(326): CodeIgniter\CodeIgniter->handleRequest(NULL, Object(Config\Cache), false)
#6 C:\xampp\htdocs\cursos_ceta\public\index.php(37): CodeIgniter\CodeIgniter->run()
#7 {main}
CRITICAL - 2023-11-22 15:29:14 --> Invalid file: visitantes/nuevo.php
#0 C:\xampp\htdocs\cursos_ceta\system\View\View.php(198): CodeIgniter\Exceptions\FrameworkException::forInvalidFile('visitantes/nuev...')
#1 C:\xampp\htdocs\cursos_ceta\system\Common.php(1089): CodeIgniter\View\View->render('visitantes/nuev...', Array, true)
#2 C:\xampp\htdocs\cursos_ceta\app\Controllers\Usuarios.php(105): view('visitantes/nuev...', Array)
#3 C:\xampp\htdocs\cursos_ceta\system\CodeIgniter.php(832): App\Controllers\Usuarios->nuevo()
#4 C:\xampp\htdocs\cursos_ceta\system\CodeIgniter.php(419): CodeIgniter\CodeIgniter->runController(Object(App\Controllers\Usuarios))
#5 C:\xampp\htdocs\cursos_ceta\system\CodeIgniter.php(326): CodeIgniter\CodeIgniter->handleRequest(NULL, Object(Config\Cache), false)
#6 C:\xampp\htdocs\cursos_ceta\public\index.php(37): CodeIgniter\CodeIgniter->run()
#7 {main}
CRITICAL - 2023-11-22 15:29:21 --> Invalid file: visitantes/nuevo.php
#0 C:\xampp\htdocs\cursos_ceta\system\View\View.php(198): CodeIgniter\Exceptions\FrameworkException::forInvalidFile('visitantes/nuev...')
#1 C:\xampp\htdocs\cursos_ceta\system\Common.php(1089): CodeIgniter\View\View->render('visitantes/nuev...', Array, true)
#2 C:\xampp\htdocs\cursos_ceta\app\Controllers\Usuarios.php(105): view('visitantes/nuev...', Array)
#3 C:\xampp\htdocs\cursos_ceta\system\CodeIgniter.php(832): App\Controllers\Usuarios->nuevo()
#4 C:\xampp\htdocs\cursos_ceta\system\CodeIgniter.php(419): CodeIgniter\CodeIgniter->runController(Object(App\Controllers\Usuarios))
#5 C:\xampp\htdocs\cursos_ceta\system\CodeIgniter.php(326): CodeIgniter\CodeIgniter->handleRequest(NULL, Object(Config\Cache), false)
#6 C:\xampp\htdocs\cursos_ceta\public\index.php(37): CodeIgniter\CodeIgniter->run()
#7 {main}
CRITICAL - 2023-11-22 15:37:50 --> Invalid file: visitantes/nuevo.php
#0 C:\xampp\htdocs\cursos_ceta\system\View\View.php(198): CodeIgniter\Exceptions\FrameworkException::forInvalidFile('visitantes/nuev...')
#1 C:\xampp\htdocs\cursos_ceta\system\Common.php(1089): CodeIgniter\View\View->render('visitantes/nuev...', Array, true)
#2 C:\xampp\htdocs\cursos_ceta\app\Controllers\Usuarios.php(105): view('visitantes/nuev...', Array)
#3 C:\xampp\htdocs\cursos_ceta\system\CodeIgniter.php(832): App\Controllers\Usuarios->nuevo()
#4 C:\xampp\htdocs\cursos_ceta\system\CodeIgniter.php(419): CodeIgniter\CodeIgniter->runController(Object(App\Controllers\Usuarios))
#5 C:\xampp\htdocs\cursos_ceta\system\CodeIgniter.php(326): CodeIgniter\CodeIgniter->handleRequest(NULL, Object(Config\Cache), false)
#6 C:\xampp\htdocs\cursos_ceta\public\index.php(37): CodeIgniter\CodeIgniter->run()
#7 {main}
CRITICAL - 2023-11-22 15:41:40 --> CodeIgniter\Validation\Validation::setRules(): Argument #1 ($rules) must be of type array, null given, called in C:\xampp\htdocs\cursos_ceta\system\Controller.php on line 160
#0 C:\xampp\htdocs\cursos_ceta\system\Controller.php(160): CodeIgniter\Validation\Validation->setRules(NULL, Array)
#1 C:\xampp\htdocs\cursos_ceta\app\Controllers\Usuarios.php(140): CodeIgniter\Controller->validate(NULL)
#2 C:\xampp\htdocs\cursos_ceta\system\CodeIgniter.php(832): App\Controllers\Usuarios->insertar()
#3 C:\xampp\htdocs\cursos_ceta\system\CodeIgniter.php(419): CodeIgniter\CodeIgniter->runController(Object(App\Controllers\Usuarios))
#4 C:\xampp\htdocs\cursos_ceta\system\CodeIgniter.php(326): CodeIgniter\CodeIgniter->handleRequest(NULL, Object(Config\Cache), false)
#5 C:\xampp\htdocs\cursos_ceta\public\index.php(37): CodeIgniter\CodeIgniter->run()
#6 {main}
CRITICAL - 2023-11-22 15:43:47 --> CodeIgniter\Validation\Validation::setRules(): Argument #1 ($rules) must be of type array, null given, called in C:\xampp\htdocs\cursos_ceta\system\Controller.php on line 160
#0 C:\xampp\htdocs\cursos_ceta\system\Controller.php(160): CodeIgniter\Validation\Validation->setRules(NULL, Array)
#1 C:\xampp\htdocs\cursos_ceta\app\Controllers\Usuarios.php(140): CodeIgniter\Controller->validate(NULL)
#2 C:\xampp\htdocs\cursos_ceta\system\CodeIgniter.php(832): App\Controllers\Usuarios->insertar()
#3 C:\xampp\htdocs\cursos_ceta\system\CodeIgniter.php(419): CodeIgniter\CodeIgniter->runController(Object(App\Controllers\Usuarios))
#4 C:\xampp\htdocs\cursos_ceta\system\CodeIgniter.php(326): CodeIgniter\CodeIgniter->handleRequest(NULL, Object(Config\Cache), false)
#5 C:\xampp\htdocs\cursos_ceta\public\index.php(37): CodeIgniter\CodeIgniter->run()
#6 {main}
CRITICAL - 2023-11-22 15:45:33 --> Invalid file: visitantes/nuevo.php
#0 C:\xampp\htdocs\cursos_ceta\system\View\View.php(198): CodeIgniter\Exceptions\FrameworkException::forInvalidFile('visitantes/nuev...')
#1 C:\xampp\htdocs\cursos_ceta\system\Common.php(1089): CodeIgniter\View\View->render('visitantes/nuev...', Array, true)
#2 C:\xampp\htdocs\cursos_ceta\app\Controllers\Usuarios.php(105): view('visitantes/nuev...', Array)
#3 C:\xampp\htdocs\cursos_ceta\system\CodeIgniter.php(832): App\Controllers\Usuarios->nuevo()
#4 C:\xampp\htdocs\cursos_ceta\system\CodeIgniter.php(419): CodeIgniter\CodeIgniter->runController(Object(App\Controllers\Usuarios))
#5 C:\xampp\htdocs\cursos_ceta\system\CodeIgniter.php(326): CodeIgniter\CodeIgniter->handleRequest(NULL, Object(Config\Cache), false)
#6 C:\xampp\htdocs\cursos_ceta\public\index.php(37): CodeIgniter\CodeIgniter->run()
#7 {main}
