CRITICAL - 2024-05-08 15:08:19 --> Undefined variable $titulo
#0 C:\xampp\htdocs\reportes_cursos\app\Views\reportes\ver.php(4): CodeIgniter\Debug\Exceptions->errorHandler(2, 'Undefined varia...', 'C:\\xampp\\htdocs...', 4)
#1 C:\xampp\htdocs\reportes_cursos\system\View\View.php(210): include('C:\\xampp\\htdocs...')
#2 C:\xampp\htdocs\reportes_cursos\system\View\View.php(213): CodeIgniter\View\View->CodeIgniter\View\{closure}()
#3 C:\xampp\htdocs\reportes_cursos\system\Common.php(1089): CodeIgniter\View\View->render('reportes/ver', Array, true)
#4 C:\xampp\htdocs\reportes_cursos\app\Controllers\Reportes.php(70): view('reportes/ver')
#5 C:\xampp\htdocs\reportes_cursos\system\CodeIgniter.php(832): App\Controllers\Reportes->ver()
#6 C:\xampp\htdocs\reportes_cursos\system\CodeIgniter.php(419): CodeIgniter\CodeIgniter->runController(Object(App\Controllers\Reportes))
#7 C:\xampp\htdocs\reportes_cursos\system\CodeIgniter.php(326): CodeIgniter\CodeIgniter->handleRequest(NULL, Object(Config\Cache), false)
#8 C:\xampp\htdocs\reportes_cursos\public\index.php(37): CodeIgniter\CodeIgniter->run()
#9 {main}
CRITICAL - 2024-05-08 15:22:30 --> Undefined variable $titulo
#0 C:\xampp\htdocs\reportes_cursos\app\Views\reportes\ver.php(4): CodeIgniter\Debug\Exceptions->errorHandler(2, 'Undefined varia...', 'C:\\xampp\\htdocs...', 4)
#1 C:\xampp\htdocs\reportes_cursos\system\View\View.php(210): include('C:\\xampp\\htdocs...')
#2 C:\xampp\htdocs\reportes_cursos\system\View\View.php(213): CodeIgniter\View\View->CodeIgniter\View\{closure}()
#3 C:\xampp\htdocs\reportes_cursos\system\Common.php(1089): CodeIgniter\View\View->render('reportes/ver', Array, true)
#4 C:\xampp\htdocs\reportes_cursos\app\Controllers\Reportes.php(70): view('reportes/ver')
#5 C:\xampp\htdocs\reportes_cursos\system\CodeIgniter.php(832): App\Controllers\Reportes->ver()
#6 C:\xampp\htdocs\reportes_cursos\system\CodeIgniter.php(419): CodeIgniter\CodeIgniter->runController(Object(App\Controllers\Reportes))
#7 C:\xampp\htdocs\reportes_cursos\system\CodeIgniter.php(326): CodeIgniter\CodeIgniter->handleRequest(NULL, Object(Config\Cache), false)
#8 C:\xampp\htdocs\reportes_cursos\public\index.php(37): CodeIgniter\CodeIgniter->run()
#9 {main}
CRITICAL - 2024-05-08 15:31:26 --> Undefined variable $titulo
#0 C:\xampp\htdocs\reportes_cursos\app\Views\reportes\ver.php(4): CodeIgniter\Debug\Exceptions->errorHandler(2, 'Undefined varia...', 'C:\\xampp\\htdocs...', 4)
#1 C:\xampp\htdocs\reportes_cursos\system\View\View.php(210): include('C:\\xampp\\htdocs...')
#2 C:\xampp\htdocs\reportes_cursos\system\View\View.php(213): CodeIgniter\View\View->CodeIgniter\View\{closure}()
#3 C:\xampp\htdocs\reportes_cursos\system\Common.php(1089): CodeIgniter\View\View->render('reportes/ver', Array, true)
#4 C:\xampp\htdocs\reportes_cursos\app\Controllers\Reportes.php(70): view('reportes/ver')
#5 C:\xampp\htdocs\reportes_cursos\system\CodeIgniter.php(832): App\Controllers\Reportes->ver()
#6 C:\xampp\htdocs\reportes_cursos\system\CodeIgniter.php(419): CodeIgniter\CodeIgniter->runController(Object(App\Controllers\Reportes))
#7 C:\xampp\htdocs\reportes_cursos\system\CodeIgniter.php(326): CodeIgniter\CodeIgniter->handleRequest(NULL, Object(Config\Cache), false)
#8 C:\xampp\htdocs\reportes_cursos\public\index.php(37): CodeIgniter\CodeIgniter->run()
#9 {main}
CRITICAL - 2024-05-08 16:28:24 --> syntax error, unexpected token "=", expecting ")"
#0 C:\xampp\htdocs\reportes_cursos\system\Router\Router.php(175): CodeIgniter\Router\Router->autoRoute('reportes/ver')
#1 C:\xampp\htdocs\reportes_cursos\system\CodeIgniter.php(726): CodeIgniter\Router\Router->handle('reportes/ver')
#2 C:\xampp\htdocs\reportes_cursos\system\CodeIgniter.php(368): CodeIgniter\CodeIgniter->tryToRouteIt(Object(CodeIgniter\Router\RouteCollection))
#3 C:\xampp\htdocs\reportes_cursos\system\CodeIgniter.php(326): CodeIgniter\CodeIgniter->handleRequest(NULL, Object(Config\Cache), false)
#4 C:\xampp\htdocs\reportes_cursos\public\index.php(37): CodeIgniter\CodeIgniter->run()
#5 {main}
CRITICAL - 2024-05-08 16:28:26 --> syntax error, unexpected token "=", expecting ")"
#0 C:\xampp\htdocs\reportes_cursos\system\Router\Router.php(175): CodeIgniter\Router\Router->autoRoute('reportes/repor_...')
#1 C:\xampp\htdocs\reportes_cursos\system\CodeIgniter.php(726): CodeIgniter\Router\Router->handle('reportes/repor_...')
#2 C:\xampp\htdocs\reportes_cursos\system\CodeIgniter.php(368): CodeIgniter\CodeIgniter->tryToRouteIt(Object(CodeIgniter\Router\RouteCollection))
#3 C:\xampp\htdocs\reportes_cursos\system\CodeIgniter.php(326): CodeIgniter\CodeIgniter->handleRequest(NULL, Object(Config\Cache), false)
#4 C:\xampp\htdocs\reportes_cursos\public\index.php(37): CodeIgniter\CodeIgniter->run()
#5 {main}
CRITICAL - 2024-05-08 16:28:29 --> syntax error, unexpected token "=", expecting ")"
#0 C:\xampp\htdocs\reportes_cursos\system\Router\Router.php(175): CodeIgniter\Router\Router->autoRoute('reportes')
#1 C:\xampp\htdocs\reportes_cursos\system\CodeIgniter.php(726): CodeIgniter\Router\Router->handle('reportes')
#2 C:\xampp\htdocs\reportes_cursos\system\CodeIgniter.php(368): CodeIgniter\CodeIgniter->tryToRouteIt(Object(CodeIgniter\Router\RouteCollection))
#3 C:\xampp\htdocs\reportes_cursos\system\CodeIgniter.php(326): CodeIgniter\CodeIgniter->handleRequest(NULL, Object(Config\Cache), false)
#4 C:\xampp\htdocs\reportes_cursos\public\index.php(37): CodeIgniter\CodeIgniter->run()
#5 {main}
CRITICAL - 2024-05-08 16:29:41 --> syntax error, unexpected token "=", expecting ")"
#0 C:\xampp\htdocs\reportes_cursos\system\Router\Router.php(175): CodeIgniter\Router\Router->autoRoute('reportes')
#1 C:\xampp\htdocs\reportes_cursos\system\CodeIgniter.php(726): CodeIgniter\Router\Router->handle('reportes')
#2 C:\xampp\htdocs\reportes_cursos\system\CodeIgniter.php(368): CodeIgniter\CodeIgniter->tryToRouteIt(Object(CodeIgniter\Router\RouteCollection))
#3 C:\xampp\htdocs\reportes_cursos\system\CodeIgniter.php(326): CodeIgniter\CodeIgniter->handleRequest(NULL, Object(Config\Cache), false)
#4 C:\xampp\htdocs\reportes_cursos\public\index.php(37): CodeIgniter\CodeIgniter->run()
#5 {main}
CRITICAL - 2024-05-08 16:38:55 --> syntax error, unexpected token "=", expecting ")"
#0 C:\xampp\htdocs\reportes_cursos\system\Router\Router.php(175): CodeIgniter\Router\Router->autoRoute('reportes')
#1 C:\xampp\htdocs\reportes_cursos\system\CodeIgniter.php(726): CodeIgniter\Router\Router->handle('reportes')
#2 C:\xampp\htdocs\reportes_cursos\system\CodeIgniter.php(368): CodeIgniter\CodeIgniter->tryToRouteIt(Object(CodeIgniter\Router\RouteCollection))
#3 C:\xampp\htdocs\reportes_cursos\system\CodeIgniter.php(326): CodeIgniter\CodeIgniter->handleRequest(NULL, Object(Config\Cache), false)
#4 C:\xampp\htdocs\reportes_cursos\public\index.php(37): CodeIgniter\CodeIgniter->run()
#5 {main}
CRITICAL - 2024-05-08 16:40:06 --> Undefined property: App\Controllers\Reportes::$fn_reportes
#0 C:\xampp\htdocs\reportes_cursos\app\Controllers\Reportes.php(69): CodeIgniter\Debug\Exceptions->errorHandler(2, 'Undefined prope...', 'C:\\xampp\\htdocs...', 69)
#1 C:\xampp\htdocs\reportes_cursos\system\CodeIgniter.php(832): App\Controllers\Reportes->ver()
#2 C:\xampp\htdocs\reportes_cursos\system\CodeIgniter.php(419): CodeIgniter\CodeIgniter->runController(Object(App\Controllers\Reportes))
#3 C:\xampp\htdocs\reportes_cursos\system\CodeIgniter.php(326): CodeIgniter\CodeIgniter->handleRequest(NULL, Object(Config\Cache), false)
#4 C:\xampp\htdocs\reportes_cursos\public\index.php(37): CodeIgniter\CodeIgniter->run()
#5 {main}
CRITICAL - 2024-05-08 16:42:14 --> Undefined property: App\Controllers\Reportes::$fn_reportes
#0 C:\xampp\htdocs\reportes_cursos\app\Controllers\Reportes.php(69): CodeIgniter\Debug\Exceptions->errorHandler(2, 'Undefined prope...', 'C:\\xampp\\htdocs...', 69)
#1 C:\xampp\htdocs\reportes_cursos\system\CodeIgniter.php(832): App\Controllers\Reportes->ver()
#2 C:\xampp\htdocs\reportes_cursos\system\CodeIgniter.php(419): CodeIgniter\CodeIgniter->runController(Object(App\Controllers\Reportes))
#3 C:\xampp\htdocs\reportes_cursos\system\CodeIgniter.php(326): CodeIgniter\CodeIgniter->handleRequest(NULL, Object(Config\Cache), false)
#4 C:\xampp\htdocs\reportes_cursos\public\index.php(37): CodeIgniter\CodeIgniter->run()
#5 {main}
