CRITICAL - 2024-04-30 17:07:08 --> Attempt to read property "nombre" on string
#0 C:\xampp\htdocs\reportes_cursos\app\Views\header.php(28): CodeIgniter\Debug\Exceptions->errorHandler(2, 'Attempt to read...', 'C:\\xampp\\htdocs...', 28)
#1 C:\xampp\htdocs\reportes_cursos\system\View\View.php(210): include('C:\\xampp\\htdocs...')
#2 C:\xampp\htdocs\reportes_cursos\system\View\View.php(213): CodeIgniter\View\View->CodeIgniter\View\{closure}()
#3 C:\xampp\htdocs\reportes_cursos\system\Common.php(1089): CodeIgniter\View\View->render('header', Array, true)
#4 C:\xampp\htdocs\reportes_cursos\app\Controllers\Reportes.php(45): view('header')
#5 C:\xampp\htdocs\reportes_cursos\system\CodeIgniter.php(832): App\Controllers\Reportes->index()
#6 C:\xampp\htdocs\reportes_cursos\system\CodeIgniter.php(419): CodeIgniter\CodeIgniter->runController(Object(App\Controllers\Reportes))
#7 C:\xampp\htdocs\reportes_cursos\system\CodeIgniter.php(326): CodeIgniter\CodeIgniter->handleRequest(NULL, Object(Config\Cache), false)
#8 C:\xampp\htdocs\reportes_cursos\public\index.php(37): CodeIgniter\CodeIgniter->run()
#9 {main}
CRITICAL - 2024-04-30 17:07:56 --> syntax error, unexpected token "(", expecting identifier or variable or "{" or "$"
#0 C:\xampp\htdocs\reportes_cursos\system\View\View.php(213): CodeIgniter\View\View->CodeIgniter\View\{closure}()
#1 C:\xampp\htdocs\reportes_cursos\system\Common.php(1089): CodeIgniter\View\View->render('header', Array, true)
#2 C:\xampp\htdocs\reportes_cursos\app\Controllers\Reportes.php(45): view('header')
#3 C:\xampp\htdocs\reportes_cursos\system\CodeIgniter.php(832): App\Controllers\Reportes->index()
#4 C:\xampp\htdocs\reportes_cursos\system\CodeIgniter.php(419): CodeIgniter\CodeIgniter->runController(Object(App\Controllers\Reportes))
#5 C:\xampp\htdocs\reportes_cursos\system\CodeIgniter.php(326): CodeIgniter\CodeIgniter->handleRequest(NULL, Object(Config\Cache), false)
#6 C:\xampp\htdocs\reportes_cursos\public\index.php(37): CodeIgniter\CodeIgniter->run()
#7 {main}
CRITICAL - 2024-04-30 17:08:09 --> syntax error, unexpected token ","
#0 C:\xampp\htdocs\reportes_cursos\system\View\View.php(213): CodeIgniter\View\View->CodeIgniter\View\{closure}()
#1 C:\xampp\htdocs\reportes_cursos\system\Common.php(1089): CodeIgniter\View\View->render('header', Array, true)
#2 C:\xampp\htdocs\reportes_cursos\app\Controllers\Reportes.php(45): view('header')
#3 C:\xampp\htdocs\reportes_cursos\system\CodeIgniter.php(832): App\Controllers\Reportes->index()
#4 C:\xampp\htdocs\reportes_cursos\system\CodeIgniter.php(419): CodeIgniter\CodeIgniter->runController(Object(App\Controllers\Reportes))
#5 C:\xampp\htdocs\reportes_cursos\system\CodeIgniter.php(326): CodeIgniter\CodeIgniter->handleRequest(NULL, Object(Config\Cache), false)
#6 C:\xampp\htdocs\reportes_cursos\public\index.php(37): CodeIgniter\CodeIgniter->run()
#7 {main}
CRITICAL - 2024-04-30 17:08:22 --> syntax error, unexpected token ","
#0 C:\xampp\htdocs\reportes_cursos\system\View\View.php(213): CodeIgniter\View\View->CodeIgniter\View\{closure}()
#1 C:\xampp\htdocs\reportes_cursos\system\Common.php(1089): CodeIgniter\View\View->render('header', Array, true)
#2 C:\xampp\htdocs\reportes_cursos\app\Controllers\Reportes.php(45): view('header')
#3 C:\xampp\htdocs\reportes_cursos\system\CodeIgniter.php(832): App\Controllers\Reportes->index()
#4 C:\xampp\htdocs\reportes_cursos\system\CodeIgniter.php(419): CodeIgniter\CodeIgniter->runController(Object(App\Controllers\Reportes))
#5 C:\xampp\htdocs\reportes_cursos\system\CodeIgniter.php(326): CodeIgniter\CodeIgniter->handleRequest(NULL, Object(Config\Cache), false)
#6 C:\xampp\htdocs\reportes_cursos\public\index.php(37): CodeIgniter\CodeIgniter->run()
#7 {main}
CRITICAL - 2024-04-30 17:08:35 --> syntax error, unexpected token "(", expecting identifier or variable or "{" or "$"
#0 C:\xampp\htdocs\reportes_cursos\system\View\View.php(213): CodeIgniter\View\View->CodeIgniter\View\{closure}()
#1 C:\xampp\htdocs\reportes_cursos\system\Common.php(1089): CodeIgniter\View\View->render('header', Array, true)
#2 C:\xampp\htdocs\reportes_cursos\app\Controllers\Reportes.php(45): view('header')
#3 C:\xampp\htdocs\reportes_cursos\system\CodeIgniter.php(832): App\Controllers\Reportes->index()
#4 C:\xampp\htdocs\reportes_cursos\system\CodeIgniter.php(419): CodeIgniter\CodeIgniter->runController(Object(App\Controllers\Reportes))
#5 C:\xampp\htdocs\reportes_cursos\system\CodeIgniter.php(326): CodeIgniter\CodeIgniter->handleRequest(NULL, Object(Config\Cache), false)
#6 C:\xampp\htdocs\reportes_cursos\public\index.php(37): CodeIgniter\CodeIgniter->run()
#7 {main}
CRITICAL - 2024-04-30 17:08:41 --> syntax error, unexpected token "(", expecting identifier or variable or "{" or "$"
#0 C:\xampp\htdocs\reportes_cursos\system\View\View.php(213): CodeIgniter\View\View->CodeIgniter\View\{closure}()
#1 C:\xampp\htdocs\reportes_cursos\system\Common.php(1089): CodeIgniter\View\View->render('header', Array, true)
#2 C:\xampp\htdocs\reportes_cursos\app\Controllers\Reportes.php(45): view('header')
#3 C:\xampp\htdocs\reportes_cursos\system\CodeIgniter.php(832): App\Controllers\Reportes->index()
#4 C:\xampp\htdocs\reportes_cursos\system\CodeIgniter.php(419): CodeIgniter\CodeIgniter->runController(Object(App\Controllers\Reportes))
#5 C:\xampp\htdocs\reportes_cursos\system\CodeIgniter.php(326): CodeIgniter\CodeIgniter->handleRequest(NULL, Object(Config\Cache), false)
#6 C:\xampp\htdocs\reportes_cursos\public\index.php(37): CodeIgniter\CodeIgniter->run()
#7 {main}
CRITICAL - 2024-04-30 17:08:50 --> syntax error, unexpected token "[", expecting identifier or variable or "{" or "$"
#0 C:\xampp\htdocs\reportes_cursos\system\View\View.php(213): CodeIgniter\View\View->CodeIgniter\View\{closure}()
#1 C:\xampp\htdocs\reportes_cursos\system\Common.php(1089): CodeIgniter\View\View->render('header', Array, true)
#2 C:\xampp\htdocs\reportes_cursos\app\Controllers\Reportes.php(45): view('header')
#3 C:\xampp\htdocs\reportes_cursos\system\CodeIgniter.php(832): App\Controllers\Reportes->index()
#4 C:\xampp\htdocs\reportes_cursos\system\CodeIgniter.php(419): CodeIgniter\CodeIgniter->runController(Object(App\Controllers\Reportes))
#5 C:\xampp\htdocs\reportes_cursos\system\CodeIgniter.php(326): CodeIgniter\CodeIgniter->handleRequest(NULL, Object(Config\Cache), false)
#6 C:\xampp\htdocs\reportes_cursos\public\index.php(37): CodeIgniter\CodeIgniter->run()
#7 {main}
CRITICAL - 2024-04-30 17:09:00 --> syntax error, unexpected token "(", expecting identifier or variable or "{" or "$"
#0 C:\xampp\htdocs\reportes_cursos\system\View\View.php(213): CodeIgniter\View\View->CodeIgniter\View\{closure}()
#1 C:\xampp\htdocs\reportes_cursos\system\Common.php(1089): CodeIgniter\View\View->render('header', Array, true)
#2 C:\xampp\htdocs\reportes_cursos\app\Controllers\Reportes.php(45): view('header')
#3 C:\xampp\htdocs\reportes_cursos\system\CodeIgniter.php(832): App\Controllers\Reportes->index()
#4 C:\xampp\htdocs\reportes_cursos\system\CodeIgniter.php(419): CodeIgniter\CodeIgniter->runController(Object(App\Controllers\Reportes))
#5 C:\xampp\htdocs\reportes_cursos\system\CodeIgniter.php(326): CodeIgniter\CodeIgniter->handleRequest(NULL, Object(Config\Cache), false)
#6 C:\xampp\htdocs\reportes_cursos\public\index.php(37): CodeIgniter\CodeIgniter->run()
#7 {main}
CRITICAL - 2024-04-30 17:09:54 --> Undefined constant "id_usuario"
#0 C:\xampp\htdocs\reportes_cursos\system\View\View.php(210): include()
#1 C:\xampp\htdocs\reportes_cursos\system\View\View.php(213): CodeIgniter\View\View->CodeIgniter\View\{closure}()
#2 C:\xampp\htdocs\reportes_cursos\system\Common.php(1089): CodeIgniter\View\View->render('header', Array, true)
#3 C:\xampp\htdocs\reportes_cursos\app\Controllers\Reportes.php(45): view('header')
#4 C:\xampp\htdocs\reportes_cursos\system\CodeIgniter.php(832): App\Controllers\Reportes->index()
#5 C:\xampp\htdocs\reportes_cursos\system\CodeIgniter.php(419): CodeIgniter\CodeIgniter->runController(Object(App\Controllers\Reportes))
#6 C:\xampp\htdocs\reportes_cursos\system\CodeIgniter.php(326): CodeIgniter\CodeIgniter->handleRequest(NULL, Object(Config\Cache), false)
#7 C:\xampp\htdocs\reportes_cursos\public\index.php(37): CodeIgniter\CodeIgniter->run()
#8 {main}
