CRITICAL - 2023-11-08 00:00:50 --> Array to string conversion
#0 C:\xampp\htdocs\cursos_ceta\app\Views\reportes\reportes.php(32): CodeIgniter\Debug\Exceptions->errorHandler(2, 'Array to string...', 'C:\\xampp\\htdocs...', 32)
#1 C:\xampp\htdocs\cursos_ceta\system\View\View.php(210): include('C:\\xampp\\htdocs...')
#2 C:\xampp\htdocs\cursos_ceta\system\View\View.php(213): CodeIgniter\View\View->CodeIgniter\View\{closure}()
#3 C:\xampp\htdocs\cursos_ceta\system\Common.php(1089): CodeIgniter\View\View->render('reportes/report...', Array, true)
#4 C:\xampp\htdocs\cursos_ceta\app\Controllers\Reportes.php(49): view('reportes/report...', Array)
#5 C:\xampp\htdocs\cursos_ceta\system\CodeIgniter.php(832): App\Controllers\Reportes->index()
#6 C:\xampp\htdocs\cursos_ceta\system\CodeIgniter.php(419): CodeIgniter\CodeIgniter->runController(Object(App\Controllers\Reportes))
#7 C:\xampp\htdocs\cursos_ceta\system\CodeIgniter.php(326): CodeIgniter\CodeIgniter->handleRequest(NULL, Object(Config\Cache), false)
#8 C:\xampp\htdocs\cursos_ceta\public\index.php(37): CodeIgniter\CodeIgniter->run()
#9 {main}
CRITICAL - 2023-11-08 00:01:08 --> Undefined array key ".$key+1."
#0 C:\xampp\htdocs\cursos_ceta\app\Views\reportes\reportes.php(32): CodeIgniter\Debug\Exceptions->errorHandler(2, 'Undefined array...', 'C:\\xampp\\htdocs...', 32)
#1 C:\xampp\htdocs\cursos_ceta\system\View\View.php(210): include('C:\\xampp\\htdocs...')
#2 C:\xampp\htdocs\cursos_ceta\system\View\View.php(213): CodeIgniter\View\View->CodeIgniter\View\{closure}()
#3 C:\xampp\htdocs\cursos_ceta\system\Common.php(1089): CodeIgniter\View\View->render('reportes/report...', Array, true)
#4 C:\xampp\htdocs\cursos_ceta\app\Controllers\Reportes.php(49): view('reportes/report...', Array)
#5 C:\xampp\htdocs\cursos_ceta\system\CodeIgniter.php(832): App\Controllers\Reportes->index()
#6 C:\xampp\htdocs\cursos_ceta\system\CodeIgniter.php(419): CodeIgniter\CodeIgniter->runController(Object(App\Controllers\Reportes))
#7 C:\xampp\htdocs\cursos_ceta\system\CodeIgniter.php(326): CodeIgniter\CodeIgniter->handleRequest(NULL, Object(Config\Cache), false)
#8 C:\xampp\htdocs\cursos_ceta\public\index.php(37): CodeIgniter\CodeIgniter->run()
#9 {main}
CRITICAL - 2023-11-08 00:09:37 --> syntax error, unexpected token "<"
#0 C:\xampp\htdocs\cursos_ceta\system\View\View.php(213): CodeIgniter\View\View->CodeIgniter\View\{closure}()
#1 C:\xampp\htdocs\cursos_ceta\system\Common.php(1089): CodeIgniter\View\View->render('reportes/report...', Array, true)
#2 C:\xampp\htdocs\cursos_ceta\app\Controllers\Reportes.php(49): view('reportes/report...', Array)
#3 C:\xampp\htdocs\cursos_ceta\system\CodeIgniter.php(832): App\Controllers\Reportes->index()
#4 C:\xampp\htdocs\cursos_ceta\system\CodeIgniter.php(419): CodeIgniter\CodeIgniter->runController(Object(App\Controllers\Reportes))
#5 C:\xampp\htdocs\cursos_ceta\system\CodeIgniter.php(326): CodeIgniter\CodeIgniter->handleRequest(NULL, Object(Config\Cache), false)
#6 C:\xampp\htdocs\cursos_ceta\public\index.php(37): CodeIgniter\CodeIgniter->run()
#7 {main}
CRITICAL - 2023-11-08 00:23:37 --> syntax error, unexpected token "<"
#0 C:\xampp\htdocs\cursos_ceta\system\View\View.php(213): CodeIgniter\View\View->CodeIgniter\View\{closure}()
#1 C:\xampp\htdocs\cursos_ceta\system\Common.php(1089): CodeIgniter\View\View->render('reportes/report...', Array, true)
#2 C:\xampp\htdocs\cursos_ceta\app\Controllers\Reportes.php(49): view('reportes/report...', Array)
#3 C:\xampp\htdocs\cursos_ceta\system\CodeIgniter.php(832): App\Controllers\Reportes->index()
#4 C:\xampp\htdocs\cursos_ceta\system\CodeIgniter.php(419): CodeIgniter\CodeIgniter->runController(Object(App\Controllers\Reportes))
#5 C:\xampp\htdocs\cursos_ceta\system\CodeIgniter.php(326): CodeIgniter\CodeIgniter->handleRequest(NULL, Object(Config\Cache), false)
#6 C:\xampp\htdocs\cursos_ceta\public\index.php(37): CodeIgniter\CodeIgniter->run()
#7 {main}
CRITICAL - 2023-11-08 00:24:16 --> syntax error, unexpected token "<"
#0 C:\xampp\htdocs\cursos_ceta\system\View\View.php(213): CodeIgniter\View\View->CodeIgniter\View\{closure}()
#1 C:\xampp\htdocs\cursos_ceta\system\Common.php(1089): CodeIgniter\View\View->render('reportes/report...', Array, true)
#2 C:\xampp\htdocs\cursos_ceta\app\Controllers\Reportes.php(49): view('reportes/report...', Array)
#3 C:\xampp\htdocs\cursos_ceta\system\CodeIgniter.php(832): App\Controllers\Reportes->index()
#4 C:\xampp\htdocs\cursos_ceta\system\CodeIgniter.php(419): CodeIgniter\CodeIgniter->runController(Object(App\Controllers\Reportes))
#5 C:\xampp\htdocs\cursos_ceta\system\CodeIgniter.php(326): CodeIgniter\CodeIgniter->handleRequest(NULL, Object(Config\Cache), false)
#6 C:\xampp\htdocs\cursos_ceta\public\index.php(37): CodeIgniter\CodeIgniter->run()
#7 {main}
CRITICAL - 2023-11-08 00:24:19 --> syntax error, unexpected token "<"
#0 C:\xampp\htdocs\cursos_ceta\system\View\View.php(213): CodeIgniter\View\View->CodeIgniter\View\{closure}()
#1 C:\xampp\htdocs\cursos_ceta\system\Common.php(1089): CodeIgniter\View\View->render('reportes/report...', Array, true)
#2 C:\xampp\htdocs\cursos_ceta\app\Controllers\Reportes.php(49): view('reportes/report...', Array)
#3 C:\xampp\htdocs\cursos_ceta\system\CodeIgniter.php(832): App\Controllers\Reportes->index()
#4 C:\xampp\htdocs\cursos_ceta\system\CodeIgniter.php(419): CodeIgniter\CodeIgniter->runController(Object(App\Controllers\Reportes))
#5 C:\xampp\htdocs\cursos_ceta\system\CodeIgniter.php(326): CodeIgniter\CodeIgniter->handleRequest(NULL, Object(Config\Cache), false)
#6 C:\xampp\htdocs\cursos_ceta\public\index.php(37): CodeIgniter\CodeIgniter->run()
#7 {main}
CRITICAL - 2023-11-08 00:25:27 --> syntax error, unexpected token ";"
#0 C:\xampp\htdocs\cursos_ceta\system\View\View.php(213): CodeIgniter\View\View->CodeIgniter\View\{closure}()
#1 C:\xampp\htdocs\cursos_ceta\system\Common.php(1089): CodeIgniter\View\View->render('reportes/report...', Array, true)
#2 C:\xampp\htdocs\cursos_ceta\app\Controllers\Reportes.php(49): view('reportes/report...', Array)
#3 C:\xampp\htdocs\cursos_ceta\system\CodeIgniter.php(832): App\Controllers\Reportes->index()
#4 C:\xampp\htdocs\cursos_ceta\system\CodeIgniter.php(419): CodeIgniter\CodeIgniter->runController(Object(App\Controllers\Reportes))
#5 C:\xampp\htdocs\cursos_ceta\system\CodeIgniter.php(326): CodeIgniter\CodeIgniter->handleRequest(NULL, Object(Config\Cache), false)
#6 C:\xampp\htdocs\cursos_ceta\public\index.php(37): CodeIgniter\CodeIgniter->run()
#7 {main}
