CRITICAL - 2023-10-18 16:50:53 --> syntax error, unexpected identifier "redirect"
#0 C:\xampp\htdocs\cursos_ceta\system\Router\Router.php(175): CodeIgniter\Router\Router->autoRoute('usuarios')
#1 C:\xampp\htdocs\cursos_ceta\system\CodeIgniter.php(726): CodeIgniter\Router\Router->handle('usuarios')
#2 C:\xampp\htdocs\cursos_ceta\system\CodeIgniter.php(368): CodeIgniter\CodeIgniter->tryToRouteIt(Object(CodeIgniter\Router\RouteCollection))
#3 C:\xampp\htdocs\cursos_ceta\system\CodeIgniter.php(326): CodeIgniter\CodeIgniter->handleRequest(NULL, Object(Config\Cache), false)
#4 C:\xampp\htdocs\cursos_ceta\public\index.php(37): CodeIgniter\CodeIgniter->run()
#5 {main}
CRITICAL - 2023-10-18 20:57:48 --> Undefined variable $numero_identificacion
#0 C:\xampp\htdocs\cursos_ceta\app\Controllers\Usuarios.php(45): CodeIgniter\Debug\Exceptions->errorHandler(2, 'Undefined varia...', 'C:\\xampp\\htdocs...', 45)
#1 C:\xampp\htdocs\cursos_ceta\system\CodeIgniter.php(832): App\Controllers\Usuarios->buscar()
#2 C:\xampp\htdocs\cursos_ceta\system\CodeIgniter.php(419): CodeIgniter\CodeIgniter->runController(Object(App\Controllers\Usuarios))
#3 C:\xampp\htdocs\cursos_ceta\system\CodeIgniter.php(326): CodeIgniter\CodeIgniter->handleRequest(NULL, Object(Config\Cache), false)
#4 C:\xampp\htdocs\cursos_ceta\public\index.php(37): CodeIgniter\CodeIgniter->run()
#5 {main}
CRITICAL - 2023-10-18 21:01:46 --> Undefined variable $numero_identificacion
#0 C:\xampp\htdocs\cursos_ceta\app\Controllers\Usuarios.php(45): CodeIgniter\Debug\Exceptions->errorHandler(2, 'Undefined varia...', 'C:\\xampp\\htdocs...', 45)
#1 C:\xampp\htdocs\cursos_ceta\system\CodeIgniter.php(832): App\Controllers\Usuarios->buscar()
#2 C:\xampp\htdocs\cursos_ceta\system\CodeIgniter.php(419): CodeIgniter\CodeIgniter->runController(Object(App\Controllers\Usuarios))
#3 C:\xampp\htdocs\cursos_ceta\system\CodeIgniter.php(326): CodeIgniter\CodeIgniter->handleRequest(NULL, Object(Config\Cache), false)
#4 C:\xampp\htdocs\cursos_ceta\public\index.php(37): CodeIgniter\CodeIgniter->run()
#5 {main}
CRITICAL - 2023-10-18 21:02:12 --> Undefined variable $numero_identificacion
#0 C:\xampp\htdocs\cursos_ceta\app\Controllers\Usuarios.php(45): CodeIgniter\Debug\Exceptions->errorHandler(2, 'Undefined varia...', 'C:\\xampp\\htdocs...', 45)
#1 C:\xampp\htdocs\cursos_ceta\system\CodeIgniter.php(832): App\Controllers\Usuarios->buscar()
#2 C:\xampp\htdocs\cursos_ceta\system\CodeIgniter.php(419): CodeIgniter\CodeIgniter->runController(Object(App\Controllers\Usuarios))
#3 C:\xampp\htdocs\cursos_ceta\system\CodeIgniter.php(326): CodeIgniter\CodeIgniter->handleRequest(NULL, Object(Config\Cache), false)
#4 C:\xampp\htdocs\cursos_ceta\public\index.php(37): CodeIgniter\CodeIgniter->run()
#5 {main}
CRITICAL - 2023-10-18 21:04:34 --> Undefined variable $numero_identificacion
#0 C:\xampp\htdocs\cursos_ceta\app\Controllers\Usuarios.php(45): CodeIgniter\Debug\Exceptions->errorHandler(2, 'Undefined varia...', 'C:\\xampp\\htdocs...', 45)
#1 C:\xampp\htdocs\cursos_ceta\system\CodeIgniter.php(832): App\Controllers\Usuarios->buscar()
#2 C:\xampp\htdocs\cursos_ceta\system\CodeIgniter.php(419): CodeIgniter\CodeIgniter->runController(Object(App\Controllers\Usuarios))
#3 C:\xampp\htdocs\cursos_ceta\system\CodeIgniter.php(326): CodeIgniter\CodeIgniter->handleRequest(NULL, Object(Config\Cache), false)
#4 C:\xampp\htdocs\cursos_ceta\public\index.php(37): CodeIgniter\CodeIgniter->run()
#5 {main}
CRITICAL - 2023-10-18 21:26:20 --> Undefined array key "genero"
#0 C:\xampp\htdocs\cursos_ceta\app\Views\usuarios\nuevo.php(69): CodeIgniter\Debug\Exceptions->errorHandler(2, 'Undefined array...', 'C:\\xampp\\htdocs...', 69)
#1 C:\xampp\htdocs\cursos_ceta\system\View\View.php(210): include('C:\\xampp\\htdocs...')
#2 C:\xampp\htdocs\cursos_ceta\system\View\View.php(213): CodeIgniter\View\View->CodeIgniter\View\{closure}()
#3 C:\xampp\htdocs\cursos_ceta\system\Common.php(1089): CodeIgniter\View\View->render('usuarios/nuevo', Array, true)
#4 C:\xampp\htdocs\cursos_ceta\app\Controllers\Usuarios.php(49): view('usuarios/nuevo', Array)
#5 C:\xampp\htdocs\cursos_ceta\system\CodeIgniter.php(832): App\Controllers\Usuarios->buscar()
#6 C:\xampp\htdocs\cursos_ceta\system\CodeIgniter.php(419): CodeIgniter\CodeIgniter->runController(Object(App\Controllers\Usuarios))
#7 C:\xampp\htdocs\cursos_ceta\system\CodeIgniter.php(326): CodeIgniter\CodeIgniter->handleRequest(NULL, Object(Config\Cache), false)
#8 C:\xampp\htdocs\cursos_ceta\public\index.php(37): CodeIgniter\CodeIgniter->run()
#9 {main}
CRITICAL - 2023-10-18 21:27:36 --> Undefined array key "id"
#0 C:\xampp\htdocs\cursos_ceta\app\Views\usuarios\nuevo.php(69): CodeIgniter\Debug\Exceptions->errorHandler(2, 'Undefined array...', 'C:\\xampp\\htdocs...', 69)
#1 C:\xampp\htdocs\cursos_ceta\system\View\View.php(210): include('C:\\xampp\\htdocs...')
#2 C:\xampp\htdocs\cursos_ceta\system\View\View.php(213): CodeIgniter\View\View->CodeIgniter\View\{closure}()
#3 C:\xampp\htdocs\cursos_ceta\system\Common.php(1089): CodeIgniter\View\View->render('usuarios/nuevo', Array, true)
#4 C:\xampp\htdocs\cursos_ceta\app\Controllers\Usuarios.php(49): view('usuarios/nuevo', Array)
#5 C:\xampp\htdocs\cursos_ceta\system\CodeIgniter.php(832): App\Controllers\Usuarios->buscar()
#6 C:\xampp\htdocs\cursos_ceta\system\CodeIgniter.php(419): CodeIgniter\CodeIgniter->runController(Object(App\Controllers\Usuarios))
#7 C:\xampp\htdocs\cursos_ceta\system\CodeIgniter.php(326): CodeIgniter\CodeIgniter->handleRequest(NULL, Object(Config\Cache), false)
#8 C:\xampp\htdocs\cursos_ceta\public\index.php(37): CodeIgniter\CodeIgniter->run()
#9 {main}
CRITICAL - 2023-10-18 21:27:51 --> Undefined array key "id"
#0 C:\xampp\htdocs\cursos_ceta\app\Views\usuarios\nuevo.php(69): CodeIgniter\Debug\Exceptions->errorHandler(2, 'Undefined array...', 'C:\\xampp\\htdocs...', 69)
#1 C:\xampp\htdocs\cursos_ceta\system\View\View.php(210): include('C:\\xampp\\htdocs...')
#2 C:\xampp\htdocs\cursos_ceta\system\View\View.php(213): CodeIgniter\View\View->CodeIgniter\View\{closure}()
#3 C:\xampp\htdocs\cursos_ceta\system\Common.php(1089): CodeIgniter\View\View->render('usuarios/nuevo', Array, true)
#4 C:\xampp\htdocs\cursos_ceta\app\Controllers\Usuarios.php(49): view('usuarios/nuevo', Array)
#5 C:\xampp\htdocs\cursos_ceta\system\CodeIgniter.php(832): App\Controllers\Usuarios->buscar()
#6 C:\xampp\htdocs\cursos_ceta\system\CodeIgniter.php(419): CodeIgniter\CodeIgniter->runController(Object(App\Controllers\Usuarios))
#7 C:\xampp\htdocs\cursos_ceta\system\CodeIgniter.php(326): CodeIgniter\CodeIgniter->handleRequest(NULL, Object(Config\Cache), false)
#8 C:\xampp\htdocs\cursos_ceta\public\index.php(37): CodeIgniter\CodeIgniter->run()
#9 {main}
CRITICAL - 2023-10-18 21:30:02 --> Undefined array key "id"
#0 C:\xampp\htdocs\cursos_ceta\app\Views\usuarios\nuevo.php(69): CodeIgniter\Debug\Exceptions->errorHandler(2, 'Undefined array...', 'C:\\xampp\\htdocs...', 69)
#1 C:\xampp\htdocs\cursos_ceta\system\View\View.php(210): include('C:\\xampp\\htdocs...')
#2 C:\xampp\htdocs\cursos_ceta\system\View\View.php(213): CodeIgniter\View\View->CodeIgniter\View\{closure}()
#3 C:\xampp\htdocs\cursos_ceta\system\Common.php(1089): CodeIgniter\View\View->render('usuarios/nuevo', Array, true)
#4 C:\xampp\htdocs\cursos_ceta\app\Controllers\Usuarios.php(49): view('usuarios/nuevo', Array)
#5 C:\xampp\htdocs\cursos_ceta\system\CodeIgniter.php(832): App\Controllers\Usuarios->buscar()
#6 C:\xampp\htdocs\cursos_ceta\system\CodeIgniter.php(419): CodeIgniter\CodeIgniter->runController(Object(App\Controllers\Usuarios))
#7 C:\xampp\htdocs\cursos_ceta\system\CodeIgniter.php(326): CodeIgniter\CodeIgniter->handleRequest(NULL, Object(Config\Cache), false)
#8 C:\xampp\htdocs\cursos_ceta\public\index.php(37): CodeIgniter\CodeIgniter->run()
#9 {main}
CRITICAL - 2023-10-18 21:31:26 --> Undefined array key "genero"
#0 C:\xampp\htdocs\cursos_ceta\app\Views\usuarios\nuevo.php(69): CodeIgniter\Debug\Exceptions->errorHandler(2, 'Undefined array...', 'C:\\xampp\\htdocs...', 69)
#1 C:\xampp\htdocs\cursos_ceta\system\View\View.php(210): include('C:\\xampp\\htdocs...')
#2 C:\xampp\htdocs\cursos_ceta\system\View\View.php(213): CodeIgniter\View\View->CodeIgniter\View\{closure}()
#3 C:\xampp\htdocs\cursos_ceta\system\Common.php(1089): CodeIgniter\View\View->render('usuarios/nuevo', Array, true)
#4 C:\xampp\htdocs\cursos_ceta\app\Controllers\Usuarios.php(49): view('usuarios/nuevo', Array)
#5 C:\xampp\htdocs\cursos_ceta\system\CodeIgniter.php(832): App\Controllers\Usuarios->buscar()
#6 C:\xampp\htdocs\cursos_ceta\system\CodeIgniter.php(419): CodeIgniter\CodeIgniter->runController(Object(App\Controllers\Usuarios))
#7 C:\xampp\htdocs\cursos_ceta\system\CodeIgniter.php(326): CodeIgniter\CodeIgniter->handleRequest(NULL, Object(Config\Cache), false)
#8 C:\xampp\htdocs\cursos_ceta\public\index.php(37): CodeIgniter\CodeIgniter->run()
#9 {main}
CRITICAL - 2023-10-18 21:32:14 --> Undefined array key "genero"
#0 C:\xampp\htdocs\cursos_ceta\app\Views\usuarios\nuevo.php(69): CodeIgniter\Debug\Exceptions->errorHandler(2, 'Undefined array...', 'C:\\xampp\\htdocs...', 69)
#1 C:\xampp\htdocs\cursos_ceta\system\View\View.php(210): include('C:\\xampp\\htdocs...')
#2 C:\xampp\htdocs\cursos_ceta\system\View\View.php(213): CodeIgniter\View\View->CodeIgniter\View\{closure}()
#3 C:\xampp\htdocs\cursos_ceta\system\Common.php(1089): CodeIgniter\View\View->render('usuarios/nuevo', Array, true)
#4 C:\xampp\htdocs\cursos_ceta\app\Controllers\Usuarios.php(49): view('usuarios/nuevo', Array)
#5 C:\xampp\htdocs\cursos_ceta\system\CodeIgniter.php(832): App\Controllers\Usuarios->buscar()
#6 C:\xampp\htdocs\cursos_ceta\system\CodeIgniter.php(419): CodeIgniter\CodeIgniter->runController(Object(App\Controllers\Usuarios))
#7 C:\xampp\htdocs\cursos_ceta\system\CodeIgniter.php(326): CodeIgniter\CodeIgniter->handleRequest(NULL, Object(Config\Cache), false)
#8 C:\xampp\htdocs\cursos_ceta\public\index.php(37): CodeIgniter\CodeIgniter->run()
#9 {main}
CRITICAL - 2023-10-18 21:41:38 --> Undefined array key "genero"
#0 C:\xampp\htdocs\cursos_ceta\app\Views\usuarios\nuevo.php(69): CodeIgniter\Debug\Exceptions->errorHandler(2, 'Undefined array...', 'C:\\xampp\\htdocs...', 69)
#1 C:\xampp\htdocs\cursos_ceta\system\View\View.php(210): include('C:\\xampp\\htdocs...')
#2 C:\xampp\htdocs\cursos_ceta\system\View\View.php(213): CodeIgniter\View\View->CodeIgniter\View\{closure}()
#3 C:\xampp\htdocs\cursos_ceta\system\Common.php(1089): CodeIgniter\View\View->render('usuarios/nuevo', Array, true)
#4 C:\xampp\htdocs\cursos_ceta\app\Controllers\Usuarios.php(70): view('usuarios/nuevo', Array)
#5 C:\xampp\htdocs\cursos_ceta\system\CodeIgniter.php(832): App\Controllers\Usuarios->buscar()
#6 C:\xampp\htdocs\cursos_ceta\system\CodeIgniter.php(419): CodeIgniter\CodeIgniter->runController(Object(App\Controllers\Usuarios))
#7 C:\xampp\htdocs\cursos_ceta\system\CodeIgniter.php(326): CodeIgniter\CodeIgniter->handleRequest(NULL, Object(Config\Cache), false)
#8 C:\xampp\htdocs\cursos_ceta\public\index.php(37): CodeIgniter\CodeIgniter->run()
#9 {main}
CRITICAL - 2023-10-18 21:41:52 --> Undefined array key "genero"
#0 C:\xampp\htdocs\cursos_ceta\app\Views\usuarios\nuevo.php(69): CodeIgniter\Debug\Exceptions->errorHandler(2, 'Undefined array...', 'C:\\xampp\\htdocs...', 69)
#1 C:\xampp\htdocs\cursos_ceta\system\View\View.php(210): include('C:\\xampp\\htdocs...')
#2 C:\xampp\htdocs\cursos_ceta\system\View\View.php(213): CodeIgniter\View\View->CodeIgniter\View\{closure}()
#3 C:\xampp\htdocs\cursos_ceta\system\Common.php(1089): CodeIgniter\View\View->render('usuarios/nuevo', Array, true)
#4 C:\xampp\htdocs\cursos_ceta\app\Controllers\Usuarios.php(70): view('usuarios/nuevo', Array)
#5 C:\xampp\htdocs\cursos_ceta\system\CodeIgniter.php(832): App\Controllers\Usuarios->buscar()
#6 C:\xampp\htdocs\cursos_ceta\system\CodeIgniter.php(419): CodeIgniter\CodeIgniter->runController(Object(App\Controllers\Usuarios))
#7 C:\xampp\htdocs\cursos_ceta\system\CodeIgniter.php(326): CodeIgniter\CodeIgniter->handleRequest(NULL, Object(Config\Cache), false)
#8 C:\xampp\htdocs\cursos_ceta\public\index.php(37): CodeIgniter\CodeIgniter->run()
#9 {main}
CRITICAL - 2023-10-18 21:42:46 --> Undefined array key "id"
#0 C:\xampp\htdocs\cursos_ceta\app\Views\usuarios\nuevo.php(69): CodeIgniter\Debug\Exceptions->errorHandler(2, 'Undefined array...', 'C:\\xampp\\htdocs...', 69)
#1 C:\xampp\htdocs\cursos_ceta\system\View\View.php(210): include('C:\\xampp\\htdocs...')
#2 C:\xampp\htdocs\cursos_ceta\system\View\View.php(213): CodeIgniter\View\View->CodeIgniter\View\{closure}()
#3 C:\xampp\htdocs\cursos_ceta\system\Common.php(1089): CodeIgniter\View\View->render('usuarios/nuevo', Array, true)
#4 C:\xampp\htdocs\cursos_ceta\app\Controllers\Usuarios.php(70): view('usuarios/nuevo', Array)
#5 C:\xampp\htdocs\cursos_ceta\system\CodeIgniter.php(832): App\Controllers\Usuarios->buscar()
#6 C:\xampp\htdocs\cursos_ceta\system\CodeIgniter.php(419): CodeIgniter\CodeIgniter->runController(Object(App\Controllers\Usuarios))
#7 C:\xampp\htdocs\cursos_ceta\system\CodeIgniter.php(326): CodeIgniter\CodeIgniter->handleRequest(NULL, Object(Config\Cache), false)
#8 C:\xampp\htdocs\cursos_ceta\public\index.php(37): CodeIgniter\CodeIgniter->run()
#9 {main}
CRITICAL - 2023-10-18 21:45:58 --> Undefined array key "cat_genero"
#0 C:\xampp\htdocs\cursos_ceta\app\Views\usuarios\nuevo.php(69): CodeIgniter\Debug\Exceptions->errorHandler(2, 'Undefined array...', 'C:\\xampp\\htdocs...', 69)
#1 C:\xampp\htdocs\cursos_ceta\system\View\View.php(210): include('C:\\xampp\\htdocs...')
#2 C:\xampp\htdocs\cursos_ceta\system\View\View.php(213): CodeIgniter\View\View->CodeIgniter\View\{closure}()
#3 C:\xampp\htdocs\cursos_ceta\system\Common.php(1089): CodeIgniter\View\View->render('usuarios/nuevo', Array, true)
#4 C:\xampp\htdocs\cursos_ceta\app\Controllers\Usuarios.php(70): view('usuarios/nuevo', Array)
#5 C:\xampp\htdocs\cursos_ceta\system\CodeIgniter.php(832): App\Controllers\Usuarios->buscar()
#6 C:\xampp\htdocs\cursos_ceta\system\CodeIgniter.php(419): CodeIgniter\CodeIgniter->runController(Object(App\Controllers\Usuarios))
#7 C:\xampp\htdocs\cursos_ceta\system\CodeIgniter.php(326): CodeIgniter\CodeIgniter->handleRequest(NULL, Object(Config\Cache), false)
#8 C:\xampp\htdocs\cursos_ceta\public\index.php(37): CodeIgniter\CodeIgniter->run()
#9 {main}
CRITICAL - 2023-10-18 21:46:34 --> Undefined array key "cat_genero"
#0 C:\xampp\htdocs\cursos_ceta\app\Views\usuarios\nuevo.php(69): CodeIgniter\Debug\Exceptions->errorHandler(2, 'Undefined array...', 'C:\\xampp\\htdocs...', 69)
#1 C:\xampp\htdocs\cursos_ceta\system\View\View.php(210): include('C:\\xampp\\htdocs...')
#2 C:\xampp\htdocs\cursos_ceta\system\View\View.php(213): CodeIgniter\View\View->CodeIgniter\View\{closure}()
#3 C:\xampp\htdocs\cursos_ceta\system\Common.php(1089): CodeIgniter\View\View->render('usuarios/nuevo', Array, true)
#4 C:\xampp\htdocs\cursos_ceta\app\Controllers\Usuarios.php(70): view('usuarios/nuevo', Array)
#5 C:\xampp\htdocs\cursos_ceta\system\CodeIgniter.php(832): App\Controllers\Usuarios->buscar()
#6 C:\xampp\htdocs\cursos_ceta\system\CodeIgniter.php(419): CodeIgniter\CodeIgniter->runController(Object(App\Controllers\Usuarios))
#7 C:\xampp\htdocs\cursos_ceta\system\CodeIgniter.php(326): CodeIgniter\CodeIgniter->handleRequest(NULL, Object(Config\Cache), false)
#8 C:\xampp\htdocs\cursos_ceta\public\index.php(37): CodeIgniter\CodeIgniter->run()
#9 {main}
CRITICAL - 2023-10-18 21:52:23 --> Undefined array key "genero"
#0 C:\xampp\htdocs\cursos_ceta\app\Views\usuarios\nuevo.php(69): CodeIgniter\Debug\Exceptions->errorHandler(2, 'Undefined array...', 'C:\\xampp\\htdocs...', 69)
#1 C:\xampp\htdocs\cursos_ceta\system\View\View.php(210): include('C:\\xampp\\htdocs...')
#2 C:\xampp\htdocs\cursos_ceta\system\View\View.php(213): CodeIgniter\View\View->CodeIgniter\View\{closure}()
#3 C:\xampp\htdocs\cursos_ceta\system\Common.php(1089): CodeIgniter\View\View->render('usuarios/nuevo', Array, true)
#4 C:\xampp\htdocs\cursos_ceta\app\Controllers\Usuarios.php(70): view('usuarios/nuevo', Array)
#5 C:\xampp\htdocs\cursos_ceta\system\CodeIgniter.php(832): App\Controllers\Usuarios->buscar()
#6 C:\xampp\htdocs\cursos_ceta\system\CodeIgniter.php(419): CodeIgniter\CodeIgniter->runController(Object(App\Controllers\Usuarios))
#7 C:\xampp\htdocs\cursos_ceta\system\CodeIgniter.php(326): CodeIgniter\CodeIgniter->handleRequest(NULL, Object(Config\Cache), false)
#8 C:\xampp\htdocs\cursos_ceta\public\index.php(37): CodeIgniter\CodeIgniter->run()
#9 {main}
CRITICAL - 2023-10-18 21:57:09 --> Undefined array key "id"
#0 C:\xampp\htdocs\cursos_ceta\app\Views\usuarios\nuevo.php(69): CodeIgniter\Debug\Exceptions->errorHandler(2, 'Undefined array...', 'C:\\xampp\\htdocs...', 69)
#1 C:\xampp\htdocs\cursos_ceta\system\View\View.php(210): include('C:\\xampp\\htdocs...')
#2 C:\xampp\htdocs\cursos_ceta\system\View\View.php(213): CodeIgniter\View\View->CodeIgniter\View\{closure}()
#3 C:\xampp\htdocs\cursos_ceta\system\Common.php(1089): CodeIgniter\View\View->render('usuarios/nuevo', Array, true)
#4 C:\xampp\htdocs\cursos_ceta\app\Controllers\Usuarios.php(70): view('usuarios/nuevo', Array)
#5 C:\xampp\htdocs\cursos_ceta\system\CodeIgniter.php(832): App\Controllers\Usuarios->buscar()
#6 C:\xampp\htdocs\cursos_ceta\system\CodeIgniter.php(419): CodeIgniter\CodeIgniter->runController(Object(App\Controllers\Usuarios))
#7 C:\xampp\htdocs\cursos_ceta\system\CodeIgniter.php(326): CodeIgniter\CodeIgniter->handleRequest(NULL, Object(Config\Cache), false)
#8 C:\xampp\htdocs\cursos_ceta\public\index.php(37): CodeIgniter\CodeIgniter->run()
#9 {main}
CRITICAL - 2023-10-18 22:02:20 --> Undefined variable $categorias
#0 C:\xampp\htdocs\cursos_ceta\app\Views\usuarios\nuevo.php(81): CodeIgniter\Debug\Exceptions->errorHandler(2, 'Undefined varia...', 'C:\\xampp\\htdocs...', 81)
#1 C:\xampp\htdocs\cursos_ceta\system\View\View.php(210): include('C:\\xampp\\htdocs...')
#2 C:\xampp\htdocs\cursos_ceta\system\View\View.php(213): CodeIgniter\View\View->CodeIgniter\View\{closure}()
#3 C:\xampp\htdocs\cursos_ceta\system\Common.php(1089): CodeIgniter\View\View->render('usuarios/nuevo', Array, true)
#4 C:\xampp\htdocs\cursos_ceta\app\Controllers\Usuarios.php(70): view('usuarios/nuevo', Array)
#5 C:\xampp\htdocs\cursos_ceta\system\CodeIgniter.php(832): App\Controllers\Usuarios->buscar()
#6 C:\xampp\htdocs\cursos_ceta\system\CodeIgniter.php(419): CodeIgniter\CodeIgniter->runController(Object(App\Controllers\Usuarios))
#7 C:\xampp\htdocs\cursos_ceta\system\CodeIgniter.php(326): CodeIgniter\CodeIgniter->handleRequest(NULL, Object(Config\Cache), false)
#8 C:\xampp\htdocs\cursos_ceta\public\index.php(37): CodeIgniter\CodeIgniter->run()
#9 {main}
CRITICAL - 2023-10-18 22:03:41 --> Undefined variable $categorias
#0 C:\xampp\htdocs\cursos_ceta\app\Controllers\Usuarios.php(64): CodeIgniter\Debug\Exceptions->errorHandler(2, 'Undefined varia...', 'C:\\xampp\\htdocs...', 64)
#1 C:\xampp\htdocs\cursos_ceta\system\CodeIgniter.php(832): App\Controllers\Usuarios->buscar()
#2 C:\xampp\htdocs\cursos_ceta\system\CodeIgniter.php(419): CodeIgniter\CodeIgniter->runController(Object(App\Controllers\Usuarios))
#3 C:\xampp\htdocs\cursos_ceta\system\CodeIgniter.php(326): CodeIgniter\CodeIgniter->handleRequest(NULL, Object(Config\Cache), false)
#4 C:\xampp\htdocs\cursos_ceta\public\index.php(37): CodeIgniter\CodeIgniter->run()
#5 {main}
CRITICAL - 2023-10-18 22:04:04 --> Undefined variable $categorias
#0 C:\xampp\htdocs\cursos_ceta\app\Controllers\Usuarios.php(64): CodeIgniter\Debug\Exceptions->errorHandler(2, 'Undefined varia...', 'C:\\xampp\\htdocs...', 64)
#1 C:\xampp\htdocs\cursos_ceta\system\CodeIgniter.php(832): App\Controllers\Usuarios->buscar()
#2 C:\xampp\htdocs\cursos_ceta\system\CodeIgniter.php(419): CodeIgniter\CodeIgniter->runController(Object(App\Controllers\Usuarios))
#3 C:\xampp\htdocs\cursos_ceta\system\CodeIgniter.php(326): CodeIgniter\CodeIgniter->handleRequest(NULL, Object(Config\Cache), false)
#4 C:\xampp\htdocs\cursos_ceta\public\index.php(37): CodeIgniter\CodeIgniter->run()
#5 {main}
CRITICAL - 2023-10-18 22:07:15 --> Undefined variable $categorias
#0 C:\xampp\htdocs\cursos_ceta\app\Controllers\Usuarios.php(64): CodeIgniter\Debug\Exceptions->errorHandler(2, 'Undefined varia...', 'C:\\xampp\\htdocs...', 64)
#1 C:\xampp\htdocs\cursos_ceta\system\CodeIgniter.php(832): App\Controllers\Usuarios->buscar()
#2 C:\xampp\htdocs\cursos_ceta\system\CodeIgniter.php(419): CodeIgniter\CodeIgniter->runController(Object(App\Controllers\Usuarios))
#3 C:\xampp\htdocs\cursos_ceta\system\CodeIgniter.php(326): CodeIgniter\CodeIgniter->handleRequest(NULL, Object(Config\Cache), false)
#4 C:\xampp\htdocs\cursos_ceta\public\index.php(37): CodeIgniter\CodeIgniter->run()
#5 {main}
CRITICAL - 2023-10-18 22:10:35 --> Undefined variable $categorias
#0 C:\xampp\htdocs\cursos_ceta\app\Controllers\Usuarios.php(64): CodeIgniter\Debug\Exceptions->errorHandler(2, 'Undefined varia...', 'C:\\xampp\\htdocs...', 64)
#1 C:\xampp\htdocs\cursos_ceta\system\CodeIgniter.php(832): App\Controllers\Usuarios->buscar()
#2 C:\xampp\htdocs\cursos_ceta\system\CodeIgniter.php(419): CodeIgniter\CodeIgniter->runController(Object(App\Controllers\Usuarios))
#3 C:\xampp\htdocs\cursos_ceta\system\CodeIgniter.php(326): CodeIgniter\CodeIgniter->handleRequest(NULL, Object(Config\Cache), false)
#4 C:\xampp\htdocs\cursos_ceta\public\index.php(37): CodeIgniter\CodeIgniter->run()
#5 {main}
CRITICAL - 2023-10-18 22:13:16 --> Undefined property: App\Controllers\Usuarios::$categorias
#0 C:\xampp\htdocs\cursos_ceta\app\Controllers\Usuarios.php(58): CodeIgniter\Debug\Exceptions->errorHandler(2, 'Undefined prope...', 'C:\\xampp\\htdocs...', 58)
#1 C:\xampp\htdocs\cursos_ceta\system\CodeIgniter.php(832): App\Controllers\Usuarios->buscar()
#2 C:\xampp\htdocs\cursos_ceta\system\CodeIgniter.php(419): CodeIgniter\CodeIgniter->runController(Object(App\Controllers\Usuarios))
#3 C:\xampp\htdocs\cursos_ceta\system\CodeIgniter.php(326): CodeIgniter\CodeIgniter->handleRequest(NULL, Object(Config\Cache), false)
#4 C:\xampp\htdocs\cursos_ceta\public\index.php(37): CodeIgniter\CodeIgniter->run()
#5 {main}
CRITICAL - 2023-10-18 22:14:00 --> Undefined property: App\Controllers\Usuarios::$categorias
#0 C:\xampp\htdocs\cursos_ceta\app\Controllers\Usuarios.php(58): CodeIgniter\Debug\Exceptions->errorHandler(2, 'Undefined prope...', 'C:\\xampp\\htdocs...', 58)
#1 C:\xampp\htdocs\cursos_ceta\system\CodeIgniter.php(832): App\Controllers\Usuarios->buscar()
#2 C:\xampp\htdocs\cursos_ceta\system\CodeIgniter.php(419): CodeIgniter\CodeIgniter->runController(Object(App\Controllers\Usuarios))
#3 C:\xampp\htdocs\cursos_ceta\system\CodeIgniter.php(326): CodeIgniter\CodeIgniter->handleRequest(NULL, Object(Config\Cache), false)
#4 C:\xampp\htdocs\cursos_ceta\public\index.php(37): CodeIgniter\CodeIgniter->run()
#5 {main}
CRITICAL - 2023-10-18 22:23:14 --> Undefined variable $carreras
#0 C:\xampp\htdocs\cursos_ceta\app\Views\usuarios\nuevo.php(96): CodeIgniter\Debug\Exceptions->errorHandler(2, 'Undefined varia...', 'C:\\xampp\\htdocs...', 96)
#1 C:\xampp\htdocs\cursos_ceta\system\View\View.php(210): include('C:\\xampp\\htdocs...')
#2 C:\xampp\htdocs\cursos_ceta\system\View\View.php(213): CodeIgniter\View\View->CodeIgniter\View\{closure}()
#3 C:\xampp\htdocs\cursos_ceta\system\Common.php(1089): CodeIgniter\View\View->render('usuarios/nuevo', Array, true)
#4 C:\xampp\htdocs\cursos_ceta\app\Controllers\Usuarios.php(71): view('usuarios/nuevo', Array)
#5 C:\xampp\htdocs\cursos_ceta\system\CodeIgniter.php(832): App\Controllers\Usuarios->buscar()
#6 C:\xampp\htdocs\cursos_ceta\system\CodeIgniter.php(419): CodeIgniter\CodeIgniter->runController(Object(App\Controllers\Usuarios))
#7 C:\xampp\htdocs\cursos_ceta\system\CodeIgniter.php(326): CodeIgniter\CodeIgniter->handleRequest(NULL, Object(Config\Cache), false)
#8 C:\xampp\htdocs\cursos_ceta\public\index.php(37): CodeIgniter\CodeIgniter->run()
#9 {main}
CRITICAL - 2023-10-18 22:24:50 --> Undefined variable $carreras
#0 C:\xampp\htdocs\cursos_ceta\app\Views\usuarios\nuevo.php(96): CodeIgniter\Debug\Exceptions->errorHandler(2, 'Undefined varia...', 'C:\\xampp\\htdocs...', 96)
#1 C:\xampp\htdocs\cursos_ceta\system\View\View.php(210): include('C:\\xampp\\htdocs...')
#2 C:\xampp\htdocs\cursos_ceta\system\View\View.php(213): CodeIgniter\View\View->CodeIgniter\View\{closure}()
#3 C:\xampp\htdocs\cursos_ceta\system\Common.php(1089): CodeIgniter\View\View->render('usuarios/nuevo', Array, true)
#4 C:\xampp\htdocs\cursos_ceta\app\Controllers\Usuarios.php(71): view('usuarios/nuevo', Array)
#5 C:\xampp\htdocs\cursos_ceta\system\CodeIgniter.php(832): App\Controllers\Usuarios->buscar()
#6 C:\xampp\htdocs\cursos_ceta\system\CodeIgniter.php(419): CodeIgniter\CodeIgniter->runController(Object(App\Controllers\Usuarios))
#7 C:\xampp\htdocs\cursos_ceta\system\CodeIgniter.php(326): CodeIgniter\CodeIgniter->handleRequest(NULL, Object(Config\Cache), false)
#8 C:\xampp\htdocs\cursos_ceta\public\index.php(37): CodeIgniter\CodeIgniter->run()
#9 {main}
CRITICAL - 2023-10-18 22:26:38 --> Undefined array key "id_carrera"
#0 C:\xampp\htdocs\cursos_ceta\app\Views\usuarios\nuevo.php(97): CodeIgniter\Debug\Exceptions->errorHandler(2, 'Undefined array...', 'C:\\xampp\\htdocs...', 97)
#1 C:\xampp\htdocs\cursos_ceta\system\View\View.php(210): include('C:\\xampp\\htdocs...')
#2 C:\xampp\htdocs\cursos_ceta\system\View\View.php(213): CodeIgniter\View\View->CodeIgniter\View\{closure}()
#3 C:\xampp\htdocs\cursos_ceta\system\Common.php(1089): CodeIgniter\View\View->render('usuarios/nuevo', Array, true)
#4 C:\xampp\htdocs\cursos_ceta\app\Controllers\Usuarios.php(74): view('usuarios/nuevo', Array)
#5 C:\xampp\htdocs\cursos_ceta\system\CodeIgniter.php(832): App\Controllers\Usuarios->buscar()
#6 C:\xampp\htdocs\cursos_ceta\system\CodeIgniter.php(419): CodeIgniter\CodeIgniter->runController(Object(App\Controllers\Usuarios))
#7 C:\xampp\htdocs\cursos_ceta\system\CodeIgniter.php(326): CodeIgniter\CodeIgniter->handleRequest(NULL, Object(Config\Cache), false)
#8 C:\xampp\htdocs\cursos_ceta\public\index.php(37): CodeIgniter\CodeIgniter->run()
#9 {main}
CRITICAL - 2023-10-18 22:28:41 --> Undefined array key "id_carrera"
#0 C:\xampp\htdocs\cursos_ceta\app\Views\usuarios\nuevo.php(97): CodeIgniter\Debug\Exceptions->errorHandler(2, 'Undefined array...', 'C:\\xampp\\htdocs...', 97)
#1 C:\xampp\htdocs\cursos_ceta\system\View\View.php(210): include('C:\\xampp\\htdocs...')
#2 C:\xampp\htdocs\cursos_ceta\system\View\View.php(213): CodeIgniter\View\View->CodeIgniter\View\{closure}()
#3 C:\xampp\htdocs\cursos_ceta\system\Common.php(1089): CodeIgniter\View\View->render('usuarios/nuevo', Array, true)
#4 C:\xampp\htdocs\cursos_ceta\app\Controllers\Usuarios.php(72): view('usuarios/nuevo', Array)
#5 C:\xampp\htdocs\cursos_ceta\system\CodeIgniter.php(832): App\Controllers\Usuarios->buscar()
#6 C:\xampp\htdocs\cursos_ceta\system\CodeIgniter.php(419): CodeIgniter\CodeIgniter->runController(Object(App\Controllers\Usuarios))
#7 C:\xampp\htdocs\cursos_ceta\system\CodeIgniter.php(326): CodeIgniter\CodeIgniter->handleRequest(NULL, Object(Config\Cache), false)
#8 C:\xampp\htdocs\cursos_ceta\public\index.php(37): CodeIgniter\CodeIgniter->run()
#9 {main}
