CRITICAL - 2024-09-24 11:09:41 --> syntax error, unexpected token ";", expecting "function" or "const"
#0 C:\xampp\htdocs\reportes_cursos\system\Router\Router.php(175): CodeIgniter\Router\Router->autoRoute('usuarios/princi...')
#1 C:\xampp\htdocs\reportes_cursos\system\CodeIgniter.php(726): CodeIgniter\Router\Router->handle('usuarios/princi...')
#2 C:\xampp\htdocs\reportes_cursos\system\CodeIgniter.php(368): CodeIgniter\CodeIgniter->tryToRouteIt(Object(CodeIgniter\Router\RouteCollection))
#3 C:\xampp\htdocs\reportes_cursos\system\CodeIgniter.php(326): CodeIgniter\CodeIgniter->handleRequest(NULL, Object(Config\Cache), false)
#4 C:\xampp\htdocs\reportes_cursos\public\index.php(37): CodeIgniter\CodeIgniter->run()
#5 {main}
CRITICAL - 2024-09-24 11:56:51 --> Undefined variable $titulo
#0 C:\xampp\htdocs\reportes_cursos\app\Views\usuarios\usuarios.php(4): CodeIgniter\Debug\Exceptions->errorHandler(2, 'Undefined varia...', 'C:\\xampp\\htdocs...', 4)
#1 C:\xampp\htdocs\reportes_cursos\system\View\View.php(210): include('C:\\xampp\\htdocs...')
#2 C:\xampp\htdocs\reportes_cursos\system\View\View.php(213): CodeIgniter\View\View->CodeIgniter\View\{closure}()
#3 C:\xampp\htdocs\reportes_cursos\system\Common.php(1089): CodeIgniter\View\View->render('usuarios/usuari...', Array, true)
#4 C:\xampp\htdocs\reportes_cursos\app\Controllers\Usuarios.php(83): view('usuarios/usuari...')
#5 C:\xampp\htdocs\reportes_cursos\system\CodeIgniter.php(832): App\Controllers\Usuarios->index()
#6 C:\xampp\htdocs\reportes_cursos\system\CodeIgniter.php(419): CodeIgniter\CodeIgniter->runController(Object(App\Controllers\Usuarios))
#7 C:\xampp\htdocs\reportes_cursos\system\CodeIgniter.php(326): CodeIgniter\CodeIgniter->handleRequest(NULL, Object(Config\Cache), false)
#8 C:\xampp\htdocs\reportes_cursos\public\index.php(37): CodeIgniter\CodeIgniter->run()
#9 {main}
CRITICAL - 2024-09-24 13:45:21 --> syntax error, unexpected token "public"
#0 C:\xampp\htdocs\reportes_cursos\system\Router\Router.php(175): CodeIgniter\Router\Router->autoRoute('principal/princ...')
#1 C:\xampp\htdocs\reportes_cursos\system\CodeIgniter.php(726): CodeIgniter\Router\Router->handle('principal/princ...')
#2 C:\xampp\htdocs\reportes_cursos\system\CodeIgniter.php(368): CodeIgniter\CodeIgniter->tryToRouteIt(Object(CodeIgniter\Router\RouteCollection))
#3 C:\xampp\htdocs\reportes_cursos\system\CodeIgniter.php(326): CodeIgniter\CodeIgniter->handleRequest(NULL, Object(Config\Cache), false)
#4 C:\xampp\htdocs\reportes_cursos\public\index.php(37): CodeIgniter\CodeIgniter->run()
#5 {main}
CRITICAL - 2024-09-24 13:45:31 --> syntax error, unexpected token "public"
#0 C:\xampp\htdocs\reportes_cursos\system\Router\Router.php(175): CodeIgniter\Router\Router->autoRoute('principal')
#1 C:\xampp\htdocs\reportes_cursos\system\CodeIgniter.php(726): CodeIgniter\Router\Router->handle('principal')
#2 C:\xampp\htdocs\reportes_cursos\system\CodeIgniter.php(368): CodeIgniter\CodeIgniter->tryToRouteIt(Object(CodeIgniter\Router\RouteCollection))
#3 C:\xampp\htdocs\reportes_cursos\system\CodeIgniter.php(326): CodeIgniter\CodeIgniter->handleRequest(NULL, Object(Config\Cache), false)
#4 C:\xampp\htdocs\reportes_cursos\public\index.php(37): CodeIgniter\CodeIgniter->run()
#5 {main}
CRITICAL - 2024-09-24 14:31:31 --> Undefined property: App\Controllers\Reportes::$fn_reportes
#0 C:\xampp\htdocs\reportes_cursos\app\Controllers\Reportes.php(69): CodeIgniter\Debug\Exceptions->errorHandler(2, 'Undefined prope...', 'C:\\xampp\\htdocs...', 69)
#1 C:\xampp\htdocs\reportes_cursos\system\CodeIgniter.php(832): App\Controllers\Reportes->ver()
#2 C:\xampp\htdocs\reportes_cursos\system\CodeIgniter.php(419): CodeIgniter\CodeIgniter->runController(Object(App\Controllers\Reportes))
#3 C:\xampp\htdocs\reportes_cursos\system\CodeIgniter.php(326): CodeIgniter\CodeIgniter->handleRequest(NULL, Object(Config\Cache), false)
#4 C:\xampp\htdocs\reportes_cursos\public\index.php(37): CodeIgniter\CodeIgniter->run()
#5 {main}
CRITICAL - 2024-09-24 14:31:31 --> Undefined property: App\Controllers\Reportes::$fn_reportes
#0 C:\xampp\htdocs\reportes_cursos\app\Controllers\Reportes.php(69): CodeIgniter\Debug\Exceptions->errorHandler(2, 'Undefined prope...', 'C:\\xampp\\htdocs...', 69)
#1 C:\xampp\htdocs\reportes_cursos\system\CodeIgniter.php(832): App\Controllers\Reportes->ver()
#2 C:\xampp\htdocs\reportes_cursos\system\CodeIgniter.php(419): CodeIgniter\CodeIgniter->runController(Object(App\Controllers\Reportes))
#3 C:\xampp\htdocs\reportes_cursos\system\CodeIgniter.php(326): CodeIgniter\CodeIgniter->handleRequest(NULL, Object(Config\Cache), false)
#4 C:\xampp\htdocs\reportes_cursos\public\index.php(37): CodeIgniter\CodeIgniter->run()
#5 {main}
